###############################################################################
#                                                                             #
# IAR C/C++ Compiler V8.10.1.10194/W32 for 8051         02/Jun/2021  23:24:00 #
# Copyright 2004-2011 IAR Systems AB.                                         #
#                                                                             #
#    Core               =  plain                                              #
#    Code model         =  banked                                             #
#    Data model         =  large                                              #
#    Calling convention =  xdata reentrant                                    #
#    Constant location  =  data_rom                                           #
#    Dptr setup         =  1,16                                               #
#    Source file        =  D:\毕设\CC2530-smart_home\Components\hal\target\CC #
#                          2530SB\hal_gasflame.c                              #
#    Command line       =  -f D:\毕设\CC2530-smart_home\Projects\zstack\Utili #
#                          ties\Smart_home\CC2530DB\..\..\..\Tools\CC2530DB\f #
#                          8wRouter.cfg (-DCPU32MHZ -DROOT=__near_func        #
#                          -DMAC_CFG_APP_PENDING_QUEUE=TRUE                   #
#                          -DMAC_CFG_TX_DATA_MAX=5 -DMAC_CFG_TX_MAX=8         #
#                          -DMAC_CFG_RX_MAX=5 -DRTR_NWK) -f                   #
#                          D:\毕设\CC2530-smart_home\Projects\zstack\Utilitie #
#                          s\Smart_home\CC2530DB\..\..\..\Tools\CC2530DB\f8wC #
#                          onfig.cfg (-DZIGBEEPRO -DSECURE=0                  #
#                          -DZG_SECURE_DYNAMIC=0 -DREFLECTOR                  #
#                          -DDEFAULT_CHANLIST=0x02000000                      #
#                          -DZDAPP_CONFIG_PAN_ID=0x1003                       #
#                          -DNWK_START_DELAY=100 -DEXTENDED_JOINING_RANDOM_MA #
#                          SK=0x007F -DBEACON_REQUEST_DELAY=100               #
#                          -DBEACON_REQ_DELAY_MASK=0x00FF                     #
#                          -DLINK_STATUS_JITTER_MASK=0x007F                   #
#                          -DROUTE_EXPIRY_TIME=30 -DAPSC_ACK_WAIT_DURATION_PO #
#                          LLED=3000 -DNWK_INDIRECT_MSG_TIMEOUT=7             #
#                          -DMAX_RREQ_ENTRIES=8 -DAPSC_MAX_FRAME_RETRIES=3    #
#                          -DNWK_MAX_DATA_RETRIES=2                           #
#                          -DMAX_POLL_FAILURE_RETRIES=2 -DMAX_BCAST=9         #
#                          -DAPS_MAX_GROUPS=16 -DMAX_RTG_ENTRIES=40           #
#                          -DNWK_MAX_BINDING_ENTRIES=4                        #
#                          -DMAX_BINDING_CLUSTER_IDS=4 "-DDEFAULT_KEY={0x01,  #
#                          0x03, 0x05, 0x07, 0x09, 0x0B, 0x0D, 0x0F, 0x00,    #
#                          0x02, 0x04, 0x06, 0x08, 0x0A, 0x0C, 0x0D}"         #
#                          -DMAC_MAX_FRAME_SIZE=116                           #
#                          -DZDNWKMGR_MIN_TRANSMISSIONS=20 "-DCONST=const     #
#                          __code" -DGENERIC=__generic                        #
#                          -DRFD_RCVC_ALWAYS_ON=FALSE -DPOLL_RATE=1000        #
#                          -DQUEUED_POLL_RATE=100 -DRESPONSE_POLL_RATE=100)   #
#                          -DREJOIN_POLL_RATE=440 D:\毕设\CC2530-smart_home\C #
#                          omponents\hal\target\CC2530SB\hal_gasflame.c -D    #
#                          xHAL_UART=TRUE -D xHAL_UART_TEST -D MT_SYS_FUNC    #
#                          -D ZTOOL_P1 -D MT_TASK -D xMT_APP_FUNC -D          #
#                          MT_ZDO_FUNC -lC D:\毕设\CC2530-smart_home\Projects #
#                          \zstack\Utilities\Smart_home\CC2530DB\RouterSB\Lis #
#                          t\ -lA D:\毕设\CC2530-smart_home\Projects\zstack\U #
#                          tilities\Smart_home\CC2530DB\RouterSB\List\        #
#                          --diag_suppress Pe001,Pa010 -o                     #
#                          D:\毕设\CC2530-smart_home\Projects\zstack\Utilitie #
#                          s\Smart_home\CC2530DB\RouterSB\Obj\ -e             #
#                          --no_code_motion --debug --core=plain --dptr=16,1  #
#                          --data_model=large --code_model=banked             #
#                          --calling_convention=xdata_reentrant               #
#                          --place_constants=data_rom --nr_virtual_regs 16    #
#                          -I D:\毕设\CC2530-smart_home\Projects\zstack\Utili #
#                          ties\Smart_home\CC2530DB\ -I                       #
#                          D:\毕设\CC2530-smart_home\Projects\zstack\Utilitie #
#                          s\Smart_home\CC2530DB\..\Source\ -I                #
#                          D:\毕设\CC2530-smart_home\Projects\zstack\Utilitie #
#                          s\Smart_home\CC2530DB\..\..\..\ZMain\TI2530DB\ -I  #
#                          D:\毕设\CC2530-smart_home\Projects\zstack\Utilitie #
#                          s\Smart_home\CC2530DB\..\..\..\..\..\Components\ha #
#                          l\include\ -I D:\毕设\CC2530-smart_home\Projects\z #
#                          stack\Utilities\Smart_home\CC2530DB\..\..\..\..\.. #
#                          \Components\hal\target\CC2530SB\ -I                #
#                          D:\毕设\CC2530-smart_home\Projects\zstack\Utilitie #
#                          s\Smart_home\CC2530DB\..\..\..\..\..\Components\ma #
#                          c\include\ -I D:\毕设\CC2530-smart_home\Projects\z #
#                          stack\Utilities\Smart_home\CC2530DB\..\..\..\..\.. #
#                          \Components\mac\high_level\ -I                     #
#                          D:\毕设\CC2530-smart_home\Projects\zstack\Utilitie #
#                          s\Smart_home\CC2530DB\..\..\..\..\..\Components\ma #
#                          c\low_level\srf04\ -I D:\毕设\CC2530-smart_home\Pr #
#                          ojects\zstack\Utilities\Smart_home\CC2530DB\..\..\ #
#                          ..\..\..\Components\mac\low_level\srf04\single_chi #
#                          p\ -I D:\毕设\CC2530-smart_home\Projects\zstack\Ut #
#                          ilities\Smart_home\CC2530DB\..\..\..\..\..\Compone #
#                          nts\mt\ -I D:\毕设\CC2530-smart_home\Projects\zsta #
#                          ck\Utilities\Smart_home\CC2530DB\..\..\..\..\..\Co #
#                          mponents\osal\include\ -I                          #
#                          D:\毕设\CC2530-smart_home\Projects\zstack\Utilitie #
#                          s\Smart_home\CC2530DB\..\..\..\..\..\Components\se #
#                          rvices\saddr\ -I D:\毕设\CC2530-smart_home\Project #
#                          s\zstack\Utilities\Smart_home\CC2530DB\..\..\..\.. #
#                          \..\Components\services\sdata\ -I                  #
#                          D:\毕设\CC2530-smart_home\Projects\zstack\Utilitie #
#                          s\Smart_home\CC2530DB\..\..\..\..\..\Components\st #
#                          ack\af\ -I D:\毕设\CC2530-smart_home\Projects\zsta #
#                          ck\Utilities\Smart_home\CC2530DB\..\..\..\..\..\Co #
#                          mponents\stack\nwk\ -I D:\毕设\CC2530-smart_home\P #
#                          rojects\zstack\Utilities\Smart_home\CC2530DB\..\.. #
#                          \..\..\..\Components\stack\sapi\ -I                #
#                          D:\毕设\CC2530-smart_home\Projects\zstack\Utilitie #
#                          s\Smart_home\CC2530DB\..\..\..\..\..\Components\st #
#                          ack\sec\ -I D:\毕设\CC2530-smart_home\Projects\zst #
#                          ack\Utilities\Smart_home\CC2530DB\..\..\..\..\..\C #
#                          omponents\stack\sys\ -I D:\毕设\CC2530-smart_home\ #
#                          Projects\zstack\Utilities\Smart_home\CC2530DB\..\. #
#                          .\..\..\..\Components\stack\zdo\ -I                #
#                          D:\毕设\CC2530-smart_home\Projects\zstack\Utilitie #
#                          s\Smart_home\CC2530DB\..\..\..\..\..\Components\zm #
#                          ac\ -I D:\毕设\CC2530-smart_home\Projects\zstack\U #
#                          tilities\Smart_home\CC2530DB\..\..\..\..\..\Compon #
#                          ents\zmac\f8w\ -Ohz                                #
#    List file          =  D:\毕设\CC2530-smart_home\Projects\zstack\Utilitie #
#                          s\Smart_home\CC2530DB\RouterSB\List\hal_gasflame.l #
#                          st                                                 #
#    Object file        =  D:\毕设\CC2530-smart_home\Projects\zstack\Utilitie #
#                          s\Smart_home\CC2530DB\RouterSB\Obj\hal_gasflame.r5 #
#                          1                                                  #
#                                                                             #
#                                                                             #
###############################################################################

D:\毕设\CC2530-smart_home\Components\hal\target\CC2530SB\hal_gasflame.c
      1          //*****************************************************************************/
      2          //
      3          // 文 件 名：hal_gasflame.c
      4          //
      5          // 作    者：yizedxl
      6          //
      7          // 创建时间：2013.9.25
      8          //
      9          // 修改时间：2013.11.24
     10          //
     11          // IAR 版本：IAR for 8051 V8.10.1
     12          //
     13          // 测试平台：Sensor Battery MotherBoard V2.0
     14          //
     15          // 说    明：(1)气体烟雾检测和火焰检测，MQ2烟雾检测可以检测常见的几种有害气体，CO，CH4等，
     16          //              同时可以检测烟雾，例如抽烟产生的烟雾；
     17          //           (2)火焰传感器可以检测对应方向上的火焰；
     18          //           (3)通过调节两个传感器的电位器，可以调节传感器的灵敏度；
     19          //              电位器R8调节的是MQ2烟雾传感器的灵敏度；
     20          //              电位器R13调节的是火焰传感器的灵敏度；
     21          //
     22          // ！请注意：设备初次上电可能会出现误报警，请先调节相应的灵敏度旋钮，另外，长时间
     23          //           不使用MQ2可能会出现以上的情况，MQ2需要预热几分钟，MQ2预热后，再调节
     24          //           灵敏度旋钮，问题基本可以解决。
     25          //*****************************************************************************/
     26          
     27          #include <iocc2530.h>

   \                                 In  segment SFR_AN, at 0x90
   \   union <unnamed> volatile __sfr _A_P1
   \                     _A_P1:
   \   000000                DS 1

   \                                 In  segment SFR_AN, at 0xfe
   \   unsigned char volatile __sfr P1DIR
   \                     P1DIR:
   \   000000                DS 1
     28          #include "hal_defs.h"
     29          #include "hal_types.h"
     30          
     31          //*****************************************************************************/
     32          //函数名：HalGasFlameInit
     33          //功  能：初始化气体和火焰检测信号的IO管脚
     34          //参  数：无
     35          //返回值：无
     36          //*****************************************************************************/

   \                                 In  segment BANKED_CODE, align 1, keep-with-next
     37          void HalGasFlameInit()
   \                     HalGasFlameInit:
     38          {
   \   000000                ; Saved register size: 0
   \   000000                ; Auto size: 0
     39              P1DIR &= ~(BV(4) + BV(3));
   \   000000   53FEE7       ANL     0xfe,#0xe7
     40          }
   \   000003   02....       LJMP    ?BRET
   \   000006                REQUIRE P1DIR
     41          
     42          //*****************************************************************************/
     43          //函数名：HalGasCheck
     44          //功  能：检测MQ2的输出电平，高电平表示检测到了烟雾或者有害气体，
     45          //参  数：无
     46          //返回值：返回1表示检测到有害气体，0表示一切正常
     47          //*****************************************************************************/

   \                                 In  segment BANKED_CODE, align 1, keep-with-next
     48          uint8 HalGasCheck()
   \                     HalGasCheck:
     49          {
   \   000000                ; Saved register size: 0
   \   000000                ; Auto size: 0
     50              if (P1_3)
   \   000000   A293         MOV     C,0x90.3
   \   000002   5004         JNC     ??HalGasCheck_0
     51              {
     52                  return 0;
   \   000004   7900         MOV     R1,#0x0
   \   000006   8002         SJMP    ??HalGasCheck_1
     53              }
     54              else 
     55              {
     56                  return 1;
   \                     ??HalGasCheck_0:
   \   000008   7901         MOV     R1,#0x1
   \                     ??HalGasCheck_1:
   \   00000A   02....       LJMP    ?BRET
   \   00000D                REQUIRE _A_P1
     57              }
     58          }
     59          
     60          //*****************************************************************************/
     61          //函数名：HalFlameCheck
     62          //功  能：检测火焰传感器输出电平，高电平表示检测到火焰，低电平表示一切正常
     63          //参  数：无
     64          //返回值：1表示检测到了火焰，0表示一切正常
     65          //*****************************************************************************/

   \                                 In  segment BANKED_CODE, align 1, keep-with-next
     66          uint8 HalFlameCheck()
   \                     HalFlameCheck:
     67          {
   \   000000                ; Saved register size: 0
   \   000000                ; Auto size: 0
     68              if (P1_4)
   \   000000   A294         MOV     C,0x90.4
   \   000002   5004         JNC     ??HalFlameCheck_0
     69              {
     70                  return 0;
   \   000004   7900         MOV     R1,#0x0
   \   000006   8002         SJMP    ??HalFlameCheck_1
     71              }
     72              else 
     73              {
     74                  return 1;
   \                     ??HalFlameCheck_0:
   \   000008   7901         MOV     R1,#0x1
   \                     ??HalFlameCheck_1:
   \   00000A   02....       LJMP    ?BRET
   \   00000D                REQUIRE _A_P1
     75              }
     76          }

   \                                 In  segment BANK_RELAYS, align 1
   \                     ??HalGasFlameInit?relay:
   \   000000   12....       LCALL   ?BDISPATCH
   \   000003   ......       DC24    HalGasFlameInit

   \                                 In  segment BANK_RELAYS, align 1
   \                     ??HalGasCheck?relay:
   \   000000   12....       LCALL   ?BDISPATCH
   \   000003   ......       DC24    HalGasCheck

   \                                 In  segment BANK_RELAYS, align 1
   \                     ??HalFlameCheck?relay:
   \   000000   12....       LCALL   ?BDISPATCH
   \   000003   ......       DC24    HalFlameCheck

   Maximum stack usage in bytes:

     Function        ISTACK PSTACK XSTACK
     --------        ------ ------ ------
     HalFlameCheck       0      0      0
     HalGasCheck         0      0      0
     HalGasFlameInit     0      0      0


   Segment part sizes:

     Function/Label          Bytes
     --------------          -----
     _A_P1                      1
     P1DIR                      1
     HalGasFlameInit            6
     HalGasCheck               13
     HalFlameCheck             13
     ??HalGasFlameInit?relay    6
     ??HalGasCheck?relay        6
     ??HalFlameCheck?relay      6

 
 32 bytes in segment BANKED_CODE
 18 bytes in segment BANK_RELAYS
  2 bytes in segment SFR_AN
 
 50 bytes of CODE memory
  0 bytes of DATA memory (+ 2 bytes shared)

Errors: none
Warnings: none
