###############################################################################
#                                                                             #
# IAR C/C++ Compiler V8.10.1.10194/W32 for 8051         03/Jun/2021  00:00:21 #
# Copyright 2004-2011 IAR Systems AB.                                         #
#                                                                             #
#    Core               =  plain                                              #
#    Code model         =  banked                                             #
#    Data model         =  large                                              #
#    Calling convention =  xdata reentrant                                    #
#    Constant location  =  data_rom                                           #
#    Dptr setup         =  1,16                                               #
#    Source file        =  D:\毕设\CC2530-smart_home\Projects\zstack\Utilitie #
#                          s\Smart_home\Source\Smart_homeTempLight.c          #
#    Command line       =  -f D:\毕设\CC2530-smart_home\Projects\zstack\Utili #
#                          ties\Smart_home\CC2530DB\..\..\..\Tools\CC2530DB\f #
#                          8wEndev.cfg (-DCPU32MHZ -DROOT=__near_func         #
#                          -DMAC_CFG_TX_DATA_MAX=3 -DMAC_CFG_TX_MAX=6         #
#                          -DMAC_CFG_RX_MAX=3) -f D:\毕设\CC2530-smart_home\P #
#                          rojects\zstack\Utilities\Smart_home\CC2530DB\..\.. #
#                          \..\Tools\CC2530DB\f8wConfig.cfg (-DZIGBEEPRO      #
#                          -DSECURE=0 -DZG_SECURE_DYNAMIC=0 -DREFLECTOR       #
#                          -DDEFAULT_CHANLIST=0x02000000                      #
#                          -DZDAPP_CONFIG_PAN_ID=0x1003                       #
#                          -DNWK_START_DELAY=100 -DEXTENDED_JOINING_RANDOM_MA #
#                          SK=0x007F -DBEACON_REQUEST_DELAY=100               #
#                          -DBEACON_REQ_DELAY_MASK=0x00FF                     #
#                          -DLINK_STATUS_JITTER_MASK=0x007F                   #
#                          -DROUTE_EXPIRY_TIME=30 -DAPSC_ACK_WAIT_DURATION_PO #
#                          LLED=3000 -DNWK_INDIRECT_MSG_TIMEOUT=7             #
#                          -DMAX_RREQ_ENTRIES=8 -DAPSC_MAX_FRAME_RETRIES=3    #
#                          -DNWK_MAX_DATA_RETRIES=2                           #
#                          -DMAX_POLL_FAILURE_RETRIES=2 -DMAX_BCAST=9         #
#                          -DAPS_MAX_GROUPS=16 -DMAX_RTG_ENTRIES=40           #
#                          -DNWK_MAX_BINDING_ENTRIES=4                        #
#                          -DMAX_BINDING_CLUSTER_IDS=4 "-DDEFAULT_KEY={0x01,  #
#                          0x03, 0x05, 0x07, 0x09, 0x0B, 0x0D, 0x0F, 0x00,    #
#                          0x02, 0x04, 0x06, 0x08, 0x0A, 0x0C, 0x0D}"         #
#                          -DMAC_MAX_FRAME_SIZE=116                           #
#                          -DZDNWKMGR_MIN_TRANSMISSIONS=20 "-DCONST=const     #
#                          __code" -DGENERIC=__generic                        #
#                          -DRFD_RCVC_ALWAYS_ON=FALSE -DPOLL_RATE=1000        #
#                          -DQUEUED_POLL_RATE=100 -DRESPONSE_POLL_RATE=100)   #
#                          -DREJOIN_POLL_RATE=440 D:\毕设\CC2530-smart_home\P #
#                          rojects\zstack\Utilities\Smart_home\Source\Smart_h #
#                          omeTempLight.c -D HAL_UART=TRUE -D HAL_UART_TEST   #
#                          -D xPOWER_SAVING -lC D:\毕设\CC2530-smart_home\Pro #
#                          jects\zstack\Utilities\Smart_home\CC2530DB\EndDevi #
#                          ceSBTempLight\List\ -lA D:\毕设\CC2530-smart_home\ #
#                          Projects\zstack\Utilities\Smart_home\CC2530DB\EndD #
#                          eviceSBTempLight\List\ --diag_suppress             #
#                          Pe001,Pa010 -o D:\毕设\CC2530-smart_home\Projects\ #
#                          zstack\Utilities\Smart_home\CC2530DB\EndDeviceSBTe #
#                          mpLight\Obj\ -e --no_code_motion --debug           #
#                          --core=plain --dptr=16,1 --data_model=large        #
#                          --code_model=banked --calling_convention=xdata_ree #
#                          ntrant --place_constants=data_rom                  #
#                          --nr_virtual_regs 16 -I D:\毕设\CC2530-smart_home\ #
#                          Projects\zstack\Utilities\Smart_home\CC2530DB\ -I  #
#                          D:\毕设\CC2530-smart_home\Projects\zstack\Utilitie #
#                          s\Smart_home\CC2530DB\..\Source\ -I                #
#                          D:\毕设\CC2530-smart_home\Projects\zstack\Utilitie #
#                          s\Smart_home\CC2530DB\..\..\..\ZMain\TI2530DB\ -I  #
#                          D:\毕设\CC2530-smart_home\Projects\zstack\Utilitie #
#                          s\Smart_home\CC2530DB\..\..\..\..\..\Components\ha #
#                          l\include\ -I D:\毕设\CC2530-smart_home\Projects\z #
#                          stack\Utilities\Smart_home\CC2530DB\..\..\..\..\.. #
#                          \Components\hal\target\CC2530SB\ -I                #
#                          D:\毕设\CC2530-smart_home\Projects\zstack\Utilitie #
#                          s\Smart_home\CC2530DB\..\..\..\..\..\Components\ma #
#                          c\include\ -I D:\毕设\CC2530-smart_home\Projects\z #
#                          stack\Utilities\Smart_home\CC2530DB\..\..\..\..\.. #
#                          \Components\mac\high_level\ -I                     #
#                          D:\毕设\CC2530-smart_home\Projects\zstack\Utilitie #
#                          s\Smart_home\CC2530DB\..\..\..\..\..\Components\ma #
#                          c\low_level\srf04\ -I D:\毕设\CC2530-smart_home\Pr #
#                          ojects\zstack\Utilities\Smart_home\CC2530DB\..\..\ #
#                          ..\..\..\Components\mac\low_level\srf04\single_chi #
#                          p\ -I D:\毕设\CC2530-smart_home\Projects\zstack\Ut #
#                          ilities\Smart_home\CC2530DB\..\..\..\..\..\Compone #
#                          nts\mt\ -I D:\毕设\CC2530-smart_home\Projects\zsta #
#                          ck\Utilities\Smart_home\CC2530DB\..\..\..\..\..\Co #
#                          mponents\osal\include\ -I                          #
#                          D:\毕设\CC2530-smart_home\Projects\zstack\Utilitie #
#                          s\Smart_home\CC2530DB\..\..\..\..\..\Components\se #
#                          rvices\saddr\ -I D:\毕设\CC2530-smart_home\Project #
#                          s\zstack\Utilities\Smart_home\CC2530DB\..\..\..\.. #
#                          \..\Components\services\sdata\ -I                  #
#                          D:\毕设\CC2530-smart_home\Projects\zstack\Utilitie #
#                          s\Smart_home\CC2530DB\..\..\..\..\..\Components\st #
#                          ack\af\ -I D:\毕设\CC2530-smart_home\Projects\zsta #
#                          ck\Utilities\Smart_home\CC2530DB\..\..\..\..\..\Co #
#                          mponents\stack\nwk\ -I D:\毕设\CC2530-smart_home\P #
#                          rojects\zstack\Utilities\Smart_home\CC2530DB\..\.. #
#                          \..\..\..\Components\stack\sapi\ -I                #
#                          D:\毕设\CC2530-smart_home\Projects\zstack\Utilitie #
#                          s\Smart_home\CC2530DB\..\..\..\..\..\Components\st #
#                          ack\sec\ -I D:\毕设\CC2530-smart_home\Projects\zst #
#                          ack\Utilities\Smart_home\CC2530DB\..\..\..\..\..\C #
#                          omponents\stack\sys\ -I D:\毕设\CC2530-smart_home\ #
#                          Projects\zstack\Utilities\Smart_home\CC2530DB\..\. #
#                          .\..\..\..\Components\stack\zdo\ -I                #
#                          D:\毕设\CC2530-smart_home\Projects\zstack\Utilitie #
#                          s\Smart_home\CC2530DB\..\..\..\..\..\Components\zm #
#                          ac\ -I D:\毕设\CC2530-smart_home\Projects\zstack\U #
#                          tilities\Smart_home\CC2530DB\..\..\..\..\..\Compon #
#                          ents\zmac\f8w\ -Ohz                                #
#    List file          =  D:\毕设\CC2530-smart_home\Projects\zstack\Utilitie #
#                          s\Smart_home\CC2530DB\EndDeviceSBTempLight\List\Sm #
#                          art_homeTempLight.lst                              #
#    Object file        =  D:\毕设\CC2530-smart_home\Projects\zstack\Utilitie #
#                          s\Smart_home\CC2530DB\EndDeviceSBTempLight\Obj\Sma #
#                          rt_homeTempLight.r51                               #
#                                                                             #
#                                                                             #
###############################################################################

D:\毕设\CC2530-smart_home\Projects\zstack\Utilities\Smart_home\Source\Smart_homeTempLight.c
      1          /*******************************************************************
      2            文件名：Smart_homeTempLight.c
      3            作 者： 柳成林
      4            功 能： 光照检测功能节点，实现对光照以及温度的检测，收集光照温度信
      5                    息并发送给传感器
      6            更新日志(2021)
      7            3.22
      8            + 新增 设置输入输出簇
      9                   Smart_home_HandleKeys()      //按键控制
     10                   Smart_home_ProcessMSGCmd();  //输入控制函数 
     11            + 修改 Smart_home_ProcessEvt()      //事件处理函数
     12                   Smart_home_Init()            //初始化函数
     13                   Smart_home_Send()            //信息发送函数
     14          
     15          
     16          使用事件 
     17               SMART_HOME_SEND_MSG_EVT(发送数据)
     18               SMART_HOME_MATCHRSP_EVT(描述符匹配)
     19             
     20          *********************************************************************/
     21          /*********************************************************************
     22           * INCLUDES
     23           */
     24          
     25          #include "AF.h"
     26          #include "OnBoard.h"
     27          #include "OSAL_Tasks.h"
     28          #include "Smart_home.h"
     29          #include "ZDApp.h"
     30          #include "ZDObject.h"
     31          #include "ZDProfile.h"
     32          
     33          #include "hal_drivers.h"
     34          #include "hal_key.h"
     35          
     36          #include "hal_led.h"
     37          #include "hal_uart.h"
     38          #include "hal_ds18b20.h"
     39          #include "hal_bh1750.h"
     40          
     41          /*********************************************************************
     42           * MACROS
     43           */
     44          //3.23  屏幕显示的小bug
     45          #define SMART_HOME_SEND_DELAY   3000
     46          #define SMART_HOME_MATCH_DELAY  1000
     47          
     48          /*********************************************************************
     49           * GLOBAL VARIABLES
     50           */
     51          

   \                                 In  segment XDATA_Z, align 1, keep-with-next
     52          uint8 Smart_home_TaskID;    // Task ID for internal task/event processing.
   \                     Smart_home_TaskID:
   \   000000                DS 1
   \   000001                REQUIRE __INIT_XDATA_Z

   \                                 In  segment XDATA_Z, align 1, keep-with-next
     53          byte Coordinator_Msg[TEMPLIGHTMSG_LEN];
   \                     Coordinator_Msg:
   \   000000                DS 8
   \   000008                REQUIRE __INIT_XDATA_Z
     54          /*********************************************************************
     55           * CONSTANTS
     56           */
     57          
     58          #if !defined( SERIAL_APP_PORT )
     59          #define SERIAL_APP_PORT  0
     60          #endif
     61          
     62          #if !defined( SERIAL_APP_BAUD )
     63          #define SERIAL_APP_BAUD  HAL_UART_BR_38400
     64          //#define SERIAL_APP_BAUD  HAL_UART_BR_115200
     65          #endif
     66          
     67          // When the Rx buf space is less than this threshold, invoke the Rx callback.
     68          #if !defined( SERIAL_APP_THRESH )
     69          #define SERIAL_APP_THRESH  64
     70          #endif
     71          
     72          #if !defined( SERIAL_APP_RX_SZ )
     73          #define SERIAL_APP_RX_SZ  128
     74          #endif
     75          
     76          #if !defined( SERIAL_APP_TX_SZ )
     77          #define SERIAL_APP_TX_SZ  128
     78          #endif
     79          
     80          // Millisecs of idle time after a byte is received before invoking Rx callback.
     81          #if !defined( SERIAL_APP_IDLE )
     82          #define SERIAL_APP_IDLE  6
     83          #endif
     84          
     85          // Loopback Rx bytes to Tx for throughput testing.
     86          #if !defined( SERIAL_APP_LOOPBACK )
     87          #define SERIAL_APP_LOOPBACK  FALSE
     88          #endif
     89          
     90          // This is the max byte count per OTA message.
     91          #if !defined( SERIAL_APP_TX_MAX )
     92          #define SERIAL_APP_TX_MAX  80
     93          #endif
     94          
     95          #define SERIAL_APP_RSP_CNT  4
     96          
     97          //3.21 设置输入输出簇
     98          // This list should be filled with Application specific Cluster IDs.

   \                                 In  segment XDATA_ROM_C, align 1
     99          const cId_t Smart_home_ClusterList_IN[1] =
   \                     Smart_home_ClusterList_IN:
   \   000000   0900         DW 9
    100          {
    101            Smart_home_CLUSTERID_TEXT         //继电器接收的消息控制命令
    102          };
    103          

   \                                 In  segment XDATA_ROM_C, align 1
    104          const cId_t Smart_home_ClusterList_OUT[1] =
   \                     Smart_home_ClusterList_OUT:
   \   000000   0200         DW 2
    105          {
    106            Smart_home_CLUSTERID_TEMPLIGHTMSG         //继电器发送的状态信息
    107          };
    108          

   \                                 In  segment XDATA_ROM_C, align 1
    109          const SimpleDescriptionFormat_t Smart_home_SimpleDesc =
   \                     Smart_home_SimpleDesc:
   \   000000   01           DB 1
   \   000001   050F         DW 3845
   \   000003   0100         DW 1
   \   000005   00           DB 0
   \   000006   09           DB 9
   \   000007   ....         DW Smart_home_ClusterList_IN
   \   000009   03           DB 3
   \   00000A   ....         DW Smart_home_ClusterList_OUT
    110          {
    111            Smart_home_ENDPOINT,              //  int   Endpoint;
    112            Smart_home_PROFID,                //  uint16 AppProfId[2];
    113            Smart_home_DEVICEID,              //  uint16 AppDeviceId[2];
    114            Smart_home_DEVICE_VERSION,        //  int   AppDevVer:4;
    115            Smart_home_FLAGS,                 //  int   AppFlags:4;
    116            Smart_home_MAX_INCLUSTERS,          //  byte  AppNumInClusters;
    117            (cId_t *)Smart_home_ClusterList_IN,  //  byte *pAppInClusterList;
    118            Smart_home_MAX_OUTCLUSTERS ,          //  byte  AppNumOutClusters;
    119            (cId_t *)Smart_home_ClusterList_OUT   //  byte *pAppOutClusterList;
    120          };
    121          

   \                                 In  segment XDATA_ROM_C, align 1
    122          const endPointDesc_t Smart_home_epDesc =
   \                     Smart_home_epDesc:
   \   000000   01           DB 1
   \   000001   ....         DW Smart_home_TaskID
   \   000003   ....         DW Smart_home_SimpleDesc
   \   000005   00           DB 0
    123          {
    124            Smart_home_ENDPOINT,
    125           &Smart_home_TaskID,
    126            (SimpleDescriptionFormat_t *)&Smart_home_SimpleDesc,
    127            noLatencyReqs
    128          };
    129          

   \                                 In  segment XDATA_Z, align 1, keep-with-next
    130          afAddrType_t Coordinator_DstAddr;
   \                     Coordinator_DstAddr:
   \   000000                DS 12
   \   00000C                REQUIRE __INIT_XDATA_Z
    131          
    132          /*********************************************************************
    133           * TYPEDEFS
    134           */
    135          
    136          
    137          
    138          /*********************************************************************
    139           * EXTERNAL VARIABLES
    140           */
    141          
    142          /*********************************************************************
    143           * EXTERNAL FUNCTIONS
    144           */
    145          
    146          /*********************************************************************
    147           * LOCAL VARIABLES
    148           */
    149          

   \                                 In  segment XDATA_Z, align 1, keep-with-next
    150          static byte Smart_home_MsgID;  // This is the unique message ID (counter)
   \                     Smart_home_MsgID:
   \   000000                DS 1
   \   000001                REQUIRE __INIT_XDATA_Z
    151          
    152          
    153          /*********************************************************************
    154           * LOCAL FUNCTIONS
    155           */
    156          
    157          static void Smart_home_ProcessZDOMsgs( zdoIncomingMsg_t *inMsg );
    158          static void Smart_home_HandleKeys( uint8 shift, uint8 keys );
    159          static void Smart_home_ProcessMSGCmd( afIncomingMSGPacket_t *pkt );
    160          static void Smart_home_Send(void);
    161          static void Smart_home_Resp(void);
    162          static void Smart_home_CallBack(uint8 port, uint8 event);
    163          
    164          /*********************************************************************
    165           * @fn      Smart_home_Init
    166           *
    167           * @brief   This is called during OSAL tasks' initialization.
    168           *
    169           * @param   task_id - the Task ID assigned by OSAL.
    170           *
    171           * @return  none
    172           */

   \                                 In  segment BANKED_CODE, align 1, keep-with-next
    173          void Smart_home_Init( uint8 task_id )
   \                     Smart_home_Init:
    174          {
   \   000000   74F7         MOV     A,#-0x9
   \   000002   12....       LCALL   ?BANKED_ENTER_XDATA
   \   000005                ; Saved register size: 9
   \   000005                ; Auto size: 29
   \   000005   74E3         MOV     A,#-0x1d
   \   000007   12....       LCALL   ?ALLOC_XSTACK8
   \   00000A   E9           MOV     A,R1
   \   00000B   FE           MOV     R6,A
    175            halUARTCfg_t uartConfig;
    176          
    177            Smart_home_TaskID = task_id;
   \   00000C   90....       MOV     DPTR,#Smart_home_TaskID
   \   00000F   F0           MOVX    @DPTR,A
    178            Smart_home_MsgID = 0x02;
   \   000010   90....       MOV     DPTR,#Smart_home_MsgID
   \   000013   7402         MOV     A,#0x2
   \   000015   F0           MOVX    @DPTR,A
    179            uint8 i;
    180          
    181            // Register the endpoint/interface description with the AF
    182            afRegister( (endPointDesc_t *)&Smart_home_epDesc );
   \   000016                ; Setup parameters for call to function afRegister
   \   000016   7A..         MOV     R2,#Smart_home_epDesc & 0xff
   \   000018   7B..         MOV     R3,#(Smart_home_epDesc >> 8) & 0xff
   \   00001A   12....       LCALL   ??afRegister?relay
    183          
    184            // Register for all key events - This app will handle all key events
    185            RegisterForKeys( task_id );
   \   00001D                ; Setup parameters for call to function RegisterForKeys
   \   00001D   EE           MOV     A,R6
   \   00001E   F9           MOV     R1,A
   \   00001F   12....       LCALL   ??RegisterForKeys?relay
    186            
    187            //串口配置
    188            uartConfig.configured           = TRUE;              // 2x30 don't care - see uart driver.
   \   000022   85..82       MOV     DPL,?XSP + 0
   \   000025   85..83       MOV     DPH,?XSP + 1
   \   000028   7401         MOV     A,#0x1
   \   00002A   F0           MOVX    @DPTR,A
    189            uartConfig.baudRate             = SERIAL_APP_BAUD;
   \   00002B   12....       LCALL   ?XSTACK_DISP0_8
   \   00002E   7402         MOV     A,#0x2
   \   000030   F0           MOVX    @DPTR,A
    190            uartConfig.flowControl          = TRUE;
   \   000031   12....       LCALL   ?XSTACK_DISP0_8
   \   000034   7401         MOV     A,#0x1
   \   000036   F0           MOVX    @DPTR,A
    191            uartConfig.flowControlThreshold = SERIAL_APP_THRESH; // 2x30 don't care - see uart driver.
   \   000037   7403         MOV     A,#0x3
   \   000039   12....       LCALL   ?XSTACK_DISP0_8
   \   00003C   7440         MOV     A,#0x40
   \   00003E   F0           MOVX    @DPTR,A
   \   00003F   A3           INC     DPTR
   \   000040   E4           CLR     A
   \   000041   F0           MOVX    @DPTR,A
    192            uartConfig.rx.maxBufSize        = SERIAL_APP_RX_SZ;  // 2x30 don't care - see uart driver.
   \   000042   740A         MOV     A,#0xa
   \   000044   12....       LCALL   ?XSTACK_DISP0_8
   \   000047   7480         MOV     A,#-0x80
   \   000049   F0           MOVX    @DPTR,A
   \   00004A   A3           INC     DPTR
   \   00004B   E4           CLR     A
   \   00004C   F0           MOVX    @DPTR,A
    193            uartConfig.tx.maxBufSize        = SERIAL_APP_TX_SZ;  // 2x30 don't care - see uart driver.
   \   00004D   7412         MOV     A,#0x12
   \   00004F   12....       LCALL   ?XSTACK_DISP0_8
   \   000052   7480         MOV     A,#-0x80
   \   000054   F0           MOVX    @DPTR,A
   \   000055   A3           INC     DPTR
   \   000056   E4           CLR     A
   \   000057   F0           MOVX    @DPTR,A
    194            uartConfig.idleTimeout          = SERIAL_APP_IDLE;   // 2x30 don't care - see uart driver.
   \   000058   7405         MOV     A,#0x5
   \   00005A   12....       LCALL   ?XSTACK_DISP0_8
   \   00005D   7406         MOV     A,#0x6
   \   00005F   F0           MOVX    @DPTR,A
    195            uartConfig.intEnable            = TRUE;              // 2x30 don't care - see uart driver.
   \   000060   7416         MOV     A,#0x16
   \   000062   12....       LCALL   ?XSTACK_DISP0_8
   \   000065   7401         MOV     A,#0x1
   \   000067   F0           MOVX    @DPTR,A
    196            uartConfig.callBackFunc         = Smart_home_CallBack;
   \   000068   741B         MOV     A,#0x1b
   \   00006A   12....       LCALL   ?XSTACK_DISP0_8
   \   00006D   74..         MOV     A,#??Smart_home_CallBack?relay & 0xff
   \   00006F   F0           MOVX    @DPTR,A
   \   000070   A3           INC     DPTR
   \   000071   74..         MOV     A,#(??Smart_home_CallBack?relay >> 8) & 0xff
   \   000073   F0           MOVX    @DPTR,A
    197            HalUARTOpen (SERIAL_APP_PORT, &uartConfig);
   \   000074                ; Setup parameters for call to function HalUARTOpen
   \   000074   85..82       MOV     DPL,?XSP + 0
   \   000077   85..83       MOV     DPH,?XSP + 1
   \   00007A   AA82         MOV     R2,DPL
   \   00007C   AB83         MOV     R3,DPH
   \   00007E   7900         MOV     R1,#0x0
   \   000080   12....       LCALL   ??HalUARTOpen?relay
    198          
    199            //初始化向协调器发送的地址
    200            Coordinator_DstAddr.addrMode = (afAddrMode_t)AddrNotPresent;
   \   000083   90....       MOV     DPTR,#Coordinator_DstAddr + 8
   \   000086   E4           CLR     A
   \   000087   F0           MOVX    @DPTR,A
    201            Coordinator_DstAddr.endPoint = 0;
   \   000088   A3           INC     DPTR
   \   000089   F0           MOVX    @DPTR,A
    202            Coordinator_DstAddr.addr.shortAddr = 0;
   \   00008A   90....       MOV     DPTR,#Coordinator_DstAddr
   \   00008D   F0           MOVX    @DPTR,A
   \   00008E   A3           INC     DPTR
   \   00008F   F0           MOVX    @DPTR,A
    203            
    204            for(i=0;i<TEMPLIGHTMSG_LEN;i++)
    205            {
    206              Coordinator_Msg[i] = 0;
   \   000090   90....       MOV     DPTR,#Coordinator_Msg
   \   000093   7808         MOV     R0,#0x8
   \                     ??Smart_home_Init_0:
   \   000095   F0           MOVX    @DPTR,A
   \   000096   A3           INC     DPTR
   \   000097   D8FC         DJNZ    R0,??Smart_home_Init_0
    207            }
    208            
    209            
    210            ZDO_RegisterForZDOMsg( Smart_home_TaskID, End_Device_Bind_rsp );
   \   000099                ; Setup parameters for call to function ZDO_RegisterForZDOMsg
   \   000099   7A20         MOV     R2,#0x20
   \   00009B   7B80         MOV     R3,#-0x80
   \   00009D   90....       MOV     DPTR,#Smart_home_TaskID
   \   0000A0   E0           MOVX    A,@DPTR
   \   0000A1   F9           MOV     R1,A
   \   0000A2   12....       LCALL   ??ZDO_RegisterForZDOMsg?relay
    211            ZDO_RegisterForZDOMsg( Smart_home_TaskID, Match_Desc_rsp );
   \   0000A5                ; Setup parameters for call to function ZDO_RegisterForZDOMsg
   \   0000A5   7A06         MOV     R2,#0x6
   \   0000A7   7B80         MOV     R3,#-0x80
   \   0000A9   90....       MOV     DPTR,#Smart_home_TaskID
   \   0000AC   E0           MOVX    A,@DPTR
   \   0000AD   F9           MOV     R1,A
   \   0000AE   12....       LCALL   ??ZDO_RegisterForZDOMsg?relay
    212            
    213            // 打开定时器，描述符匹配事件
    214            osal_start_reload_timer( Smart_home_TaskID, SMART_HOME_MATCHRSP_EVT, 
    215                                                         SMART_HOME_MATCH_DELAY );
   \   0000B1                ; Setup parameters for call to function osal_start_reload_timer
   \   0000B1   7CE8         MOV     R4,#-0x18
   \   0000B3   7D03         MOV     R5,#0x3
   \   0000B5   7A08         MOV     R2,#0x8
   \   0000B7   7B00         MOV     R3,#0x0
   \   0000B9   90....       MOV     DPTR,#Smart_home_TaskID
   \   0000BC   E0           MOVX    A,@DPTR
   \   0000BD   F9           MOV     R1,A
   \   0000BE   12....       LCALL   ??osal_start_reload_timer?relay
    216          }
   \   0000C1   741D         MOV     A,#0x1d
   \   0000C3   12....       LCALL   ?DEALLOC_XSTACK8
   \   0000C6   7F01         MOV     R7,#0x1
   \   0000C8   02....       LJMP    ?BANKED_LEAVE_XDATA
    217          
    218          /*********************************************************************
    219           * @fn      Smart_home_ProcessEvent
    220           *
    221           * @brief   Generic Application Task event processor.
    222           *
    223           * @param   task_id  - The OSAL assigned task ID.
    224           * @param   events   - Bit map of events to process.
    225           *
    226           * @return  Event flags of all unprocessed events.
    227           */

   \                                 In  segment BANKED_CODE, align 1, keep-with-next
    228          UINT16 Smart_home_ProcessEvent( uint8 task_id, UINT16 events )
   \                     Smart_home_ProcessEvent:
    229          {
   \   000000   74F4         MOV     A,#-0xc
   \   000002   12....       LCALL   ?BANKED_ENTER_XDATA
   \   000005                ; Saved register size: 12
   \   000005                ; Auto size: 9
   \   000005   74F7         MOV     A,#-0x9
   \   000007   12....       LCALL   ?ALLOC_XSTACK8
   \   00000A   EA           MOV     A,R2
   \   00000B   FE           MOV     R6,A
   \   00000C   EB           MOV     A,R3
   \   00000D   FF           MOV     R7,A
    230            (void)task_id;  // Intentionally unreferenced parameter
    231            
    232            if ( events & SYS_EVENT_MSG )
   \   00000E   5480         ANL     A,#0x80
   \   000010   707E         JNZ     ??Smart_home_ProcessEvent_0
    233            {
    234              afIncomingMSGPacket_t *MSGpkt;
    235          
    236              while ( (MSGpkt = (afIncomingMSGPacket_t *)osal_msg_receive( Smart_home_TaskID )) )
    237              {
    238                switch ( MSGpkt->hdr.event )
    239                {
    240                case ZDO_CB_MSG:
    241                  Smart_home_ProcessZDOMsgs( (zdoIncomingMsg_t *)MSGpkt );
    242                  break;
    243                    
    244                case KEY_CHANGE:
    245                  Smart_home_HandleKeys( ((keyChange_t *)MSGpkt)->state, ((keyChange_t *)MSGpkt)->keys );
    246                  break;
    247          
    248                case AF_INCOMING_MSG_CMD:
    249                  Smart_home_ProcessMSGCmd( MSGpkt );
    250                  break;
    251          
    252                default:
    253                  break;
    254                }
    255          
    256                osal_msg_deallocate( (uint8 *)MSGpkt );
    257              }
    258          
    259              return ( events ^ SYS_EVENT_MSG );
    260            }
    261            
    262            // 描述匹配事件
    263            if ( events & SMART_HOME_MATCHRSP_EVT )
   \   000012   EE           MOV     A,R6
   \   000013   5408         ANL     A,#0x8
   \   000015   7003         JNZ     $+5
   \   000017   02....       LJMP    ??Smart_home_ProcessEvent_1 & 0xFFFF
    264            {
    265               zAddrType_t dstAddr;
    266               dstAddr.addrMode = AddrBroadcast;
   \   00001A   7408         MOV     A,#0x8
   \   00001C   12....       LCALL   ?XSTACK_DISP0_8
   \   00001F   740F         MOV     A,#0xf
   \   000021   F0           MOVX    @DPTR,A
    267               dstAddr.addr.shortAddr = NWK_BROADCAST_SHORTADDR;
   \   000022   85..82       MOV     DPL,?XSP + 0
   \   000025   85..83       MOV     DPH,?XSP + 1
   \   000028   74FF         MOV     A,#-0x1
   \   00002A   F0           MOVX    @DPTR,A
   \   00002B   A3           INC     DPTR
   \   00002C   F0           MOVX    @DPTR,A
    268               
    269               ZDP_MatchDescReq( &dstAddr, 
    270                                  NWK_BROADCAST_SHORTADDR,
    271                                  Smart_home_PROFID,
    272                                  Smart_home_MAX_OUTCLUSTERS, 
    273                                  (cId_t *)Smart_home_ClusterList_IN,
    274                                  Smart_home_MAX_INCLUSTERS, 
    275                                  (cId_t *)Smart_home_ClusterList_OUT,
    276                                  FALSE );
   \   00002D                ; Setup parameters for call to function ZDP_MatchDescReq
   \   00002D   75..00       MOV     ?V0 + 0,#0x0
   \   000030   78..         MOV     R0,#?V0 + 0
   \   000032   12....       LCALL   ?PUSH_XSTACK_I_ONE
   \   000035   75....       MOV     ?V0 + 0,#Smart_home_ClusterList_OUT & 0xff
   \   000038   75....       MOV     ?V0 + 1,#(Smart_home_ClusterList_OUT >> 8) & 0xff
   \   00003B   78..         MOV     R0,#?V0 + 0
   \   00003D   12....       LCALL   ?PUSH_XSTACK_I_TWO
   \   000040   75..09       MOV     ?V0 + 0,#0x9
   \   000043   78..         MOV     R0,#?V0 + 0
   \   000045   12....       LCALL   ?PUSH_XSTACK_I_ONE
   \   000048   75....       MOV     ?V0 + 0,#Smart_home_ClusterList_IN & 0xff
   \   00004B   75....       MOV     ?V0 + 1,#(Smart_home_ClusterList_IN >> 8) & 0xff
   \   00004E   78..         MOV     R0,#?V0 + 0
   \   000050   12....       LCALL   ?PUSH_XSTACK_I_TWO
   \   000053   75..05       MOV     ?V0 + 0,#0x5
   \   000056   75..0F       MOV     ?V0 + 1,#0xf
   \   000059   78..         MOV     R0,#?V0 + 0
   \   00005B   12....       LCALL   ?PUSH_XSTACK_I_TWO
   \   00005E   7903         MOV     R1,#0x3
   \   000060   7CFF         MOV     R4,#-0x1
   \   000062   7DFF         MOV     R5,#-0x1
   \   000064   7408         MOV     A,#0x8
   \   000066   12....       LCALL   ?XSTACK_DISP0_8
   \   000069   AA82         MOV     R2,DPL
   \   00006B   AB83         MOV     R3,DPH
   \   00006D   12....       LCALL   ??ZDP_MatchDescReq?relay
   \   000070   7408         MOV     A,#0x8
   \   000072   12....       LCALL   ?DEALLOC_XSTACK8
    277          
    278              // Return unprocessed events
    279              return (events ^ SMART_HOME_MATCHRSP_EVT);
   \   000075   EE           MOV     A,R6
   \   000076   6408         XRL     A,#0x8
   \   000078   FA           MOV     R2,A
   \   000079   EF           MOV     A,R7
   \                     ??Smart_home_ProcessEvent_2:
   \   00007A   FB           MOV     R3,A
   \   00007B   8049         SJMP    ??Smart_home_ProcessEvent_3
    280            }
   \                     ??Smart_home_ProcessEvent_4:
   \   00007D   8A82         MOV     DPL,R2
   \   00007F   8B83         MOV     DPH,R3
   \   000081   E0           MOVX    A,@DPTR
   \   000082   64D3         XRL     A,#0xd3
   \   000084   7003         JNZ     ??Smart_home_ProcessEvent_5
   \   000086                ; Setup parameters for call to function Smart_home_ProcessZDOMsgs
   \   000086   12....       LCALL   ??Smart_home_ProcessZDOMsgs?relay
   \                     ??Smart_home_ProcessEvent_5:
   \   000089                ; Setup parameters for call to function osal_msg_deallocate
   \   000089   AA..         MOV     R2,?V0 + 0
   \   00008B   AB..         MOV     R3,?V0 + 1
   \   00008D   12....       LCALL   ??osal_msg_deallocate?relay
   \                     ??Smart_home_ProcessEvent_0:
   \   000090                ; Setup parameters for call to function osal_msg_receive
   \   000090   90....       MOV     DPTR,#Smart_home_TaskID
   \   000093   E0           MOVX    A,@DPTR
   \   000094   F9           MOV     R1,A
   \   000095   12....       LCALL   ??osal_msg_receive?relay
   \   000098   8A..         MOV     ?V0 + 0,R2
   \   00009A   8B..         MOV     ?V0 + 1,R3
   \   00009C   EA           MOV     A,R2
   \   00009D   45..         ORL     A,?V0 + 1
   \   00009F   70DC         JNZ     ??Smart_home_ProcessEvent_4
   \   0000A1   EE           MOV     A,R6
   \   0000A2   FA           MOV     R2,A
   \   0000A3   EF           MOV     A,R7
   \   0000A4   6480         XRL     A,#0x80
   \   0000A6   80D2         SJMP    ??Smart_home_ProcessEvent_2
    281          
    282            if ( events & SMART_HOME_SEND_MSG_EVT )
   \                     ??Smart_home_ProcessEvent_1:
   \   0000A8   EE           MOV     A,R6
   \   0000A9   A2E0         MOV     C,0xE0 /* A   */.0
   \   0000AB   500B         JNC     ??Smart_home_ProcessEvent_6
    283            {
    284              Smart_home_Send();
   \   0000AD                ; Setup parameters for call to function Smart_home_Send
   \   0000AD   12....       LCALL   ??Smart_home_Send?relay
    285              return ( events ^ SMART_HOME_SEND_MSG_EVT );
   \   0000B0   EE           MOV     A,R6
   \   0000B1   6401         XRL     A,#0x1
   \   0000B3   FA           MOV     R2,A
   \   0000B4   EF           MOV     A,R7
   \   0000B5   FB           MOV     R3,A
   \   0000B6   800E         SJMP    ??Smart_home_ProcessEvent_3
    286            }
    287          
    288            if ( events & SMART_HOME_BINDRSP_EVT )
   \                     ??Smart_home_ProcessEvent_6:
   \   0000B8   5420         ANL     A,#0x20
   \   0000BA   6006         JZ      ??Smart_home_ProcessEvent_7
    289            {
    290              Smart_home_Resp();
    291              return ( events ^ SMART_HOME_BINDRSP_EVT );
   \   0000BC   EE           MOV     A,R6
   \   0000BD   6420         XRL     A,#0x20
   \   0000BF   FA           MOV     R2,A
   \   0000C0   8004         SJMP    ??Smart_home_ProcessEvent_3
    292            }
    293            
    294            return ( 0 );  // Discard unknown events.
   \                     ??Smart_home_ProcessEvent_7:
   \   0000C2   7A00         MOV     R2,#0x0
   \   0000C4   7B00         MOV     R3,#0x0
   \                     ??Smart_home_ProcessEvent_3:
   \   0000C6   7409         MOV     A,#0x9
   \   0000C8   12....       LCALL   ?DEALLOC_XSTACK8
   \   0000CB   7F04         MOV     R7,#0x4
   \   0000CD   02....       LJMP    ?BANKED_LEAVE_XDATA
    295          }
    296          
    297          /*********************************************************************
    298           * @fn      Smart_home_ProcessZDOMsgs()
    299           *
    300           * @brief   Process response messages
    301           *
    302           * @param   none
    303           *
    304           * @return  none
    305           */

   \                                 In  segment BANKED_CODE, align 1, keep-with-next
    306          static void Smart_home_ProcessZDOMsgs( zdoIncomingMsg_t *inMsg )
   \                     Smart_home_ProcessZDOMsgs:
    307          {
   \   000000   74F6         MOV     A,#-0xa
   \   000002   12....       LCALL   ?BANKED_ENTER_XDATA
   \   000005                ; Saved register size: 10
   \   000005                ; Auto size: 0
    308            switch ( inMsg->clusterID )
   \   000005   EA           MOV     A,R2
   \   000006   240C         ADD     A,#0xc
   \   000008   F582         MOV     DPL,A
   \   00000A   EB           MOV     A,R3
   \   00000B   3400         ADDC    A,#0x0
   \   00000D   F583         MOV     DPH,A
   \   00000F   E0           MOVX    A,@DPTR
   \   000010   F5..         MOV     ?V0 + 0,A
   \   000012   A3           INC     DPTR
   \   000013   E0           MOVX    A,@DPTR
   \   000014   F5..         MOV     ?V0 + 1,A
   \   000016   78..         MOV     R0,#?V0 + 0
   \   000018   12....       LCALL   ?US_SWITCH_SPARSE
   \                     `?<Jumptable for Smart_home_ProcessZDOMsgs>_0`:
   \   00001B   0000         DW        0
   \   00001D   0200         DW        2
   \   00001F   0680         DW        32774
   \   000021   ....         DW        ??Smart_home_ProcessZDOMsgs_0
   \   000023   2080         DW        32800
   \   000025   ....         DW        ??Smart_home_ProcessZDOMsgs_1
   \   000027   ....         DW        ??Smart_home_ProcessZDOMsgs_2
    309            {
    310              case End_Device_Bind_rsp:
    311                if ( ZDO_ParseBindRsp( inMsg ) == ZSuccess )
   \                     ??Smart_home_ProcessZDOMsgs_1:
   \   000029   EA           MOV     A,R2
   \   00002A   2413         ADD     A,#0x13
   \   00002C   F582         MOV     DPL,A
   \   00002E   EB           MOV     A,R3
   \   00002F   3400         ADDC    A,#0x0
   \   000031   F583         MOV     DPH,A
   \   000033   E0           MOVX    A,@DPTR
   \   000034   F8           MOV     R0,A
   \   000035   A3           INC     DPTR
   \   000036   E0           MOVX    A,@DPTR
   \   000037   F583         MOV     DPH,A
   \   000039   8882         MOV     DPL,R0
   \   00003B   E0           MOVX    A,@DPTR
   \   00003C   6003         JZ      $+5
   \   00003E   02....       LJMP    ??Smart_home_ProcessZDOMsgs_2 & 0xFFFF
    312                {
    313          #if (HAL_UART == TRUE)
    314                  HalUARTWrite(HAL_UART_PORT_0, "Bind Success!\n",   osal_strlen("Bind Success!\n"));
   \   000041                ; Setup parameters for call to function HalUARTWrite
   \   000041                ; Setup parameters for call to function osal_strlen
   \   000041   7A..         MOV     R2,#`?<Constant "Bind Success!\\n">` & 0xff
   \   000043   7B..         MOV     R3,#(`?<Constant "Bind Success!\\n">` >> 8) & 0xff
   \   000045   12....       LCALL   ?Subroutine1 & 0xFFFF
    315          #endif
    316                }
   \                     ??CrossCallReturnLabel_0:
   \   000048   7A..         MOV     R2,#`?<Constant "Bind Success!\\n">` & 0xff
   \   00004A   7B..         MOV     R3,#(`?<Constant "Bind Success!\\n">` >> 8) & 0xff
   \   00004C   7900         MOV     R1,#0x0
   \   00004E   12....       LCALL   ??HalUARTWrite?relay
   \   000051   8074         SJMP    ??Smart_home_ProcessZDOMsgs_2
    317                break;
    318              
    319              case Match_Desc_rsp:
    320                ZDO_ActiveEndpointRsp_t *pRsp = ZDO_ParseEPListRsp( inMsg );
                       ^
Warning[Pe1072]: a declaration cannot have a label

    switch ( inMsg->clusterID )
    ^
"D:\毕设\CC2530-smart_home\Projects\zstack\Utilities\Smart_home\Source\Smart_homeTempLight.c",308  Warning[Pe546]: 
          transfer of control bypasses initialization of:
            variable "pRsp" (declared at line 320 of
                      "D:\毕设\CC2530-smart_home\Projects\zstack\Utilities\Smar
                      t_home\Source\Smart_homeTempLight.c")
   \                     ??Smart_home_ProcessZDOMsgs_0:
   \   000053                ; Setup parameters for call to function ZDO_ParseEPListRsp
   \   000053   12....       LCALL   ??ZDO_ParseEPListRsp?relay
   \   000056   8A..         MOV     ?V0 + 0,R2
   \   000058   8B..         MOV     ?V0 + 1,R3
   \   00005A   AE..         MOV     R6,?V0 + 0
   \   00005C   AF..         MOV     R7,?V0 + 1
    321                if ( pRsp )
   \   00005E   EE           MOV     A,R6
   \   00005F   4F           ORL     A,R7
   \   000060   6065         JZ      ??Smart_home_ProcessZDOMsgs_2
    322                {
    323                  if ( pRsp->status == ZSuccess && pRsp->cnt )
   \   000062   8E82         MOV     DPL,R6
   \   000064   8F83         MOV     DPH,R7
   \   000066   E0           MOVX    A,@DPTR
   \   000067   7057         JNZ     ??Smart_home_ProcessZDOMsgs_3
   \   000069   A3           INC     DPTR
   \   00006A   A3           INC     DPTR
   \   00006B   A3           INC     DPTR
   \   00006C   E0           MOVX    A,@DPTR
   \   00006D   6051         JZ      ??Smart_home_ProcessZDOMsgs_3
    324                  {
    325                    // 此处存储绑定对方的地址信息用于发送
    326                    Coordinator_DstAddr.addrMode = (afAddrMode_t)Addr16Bit;
   \   00006F   90....       MOV     DPTR,#Coordinator_DstAddr + 8
   \   000072   7402         MOV     A,#0x2
   \   000074   F0           MOVX    @DPTR,A
    327                    Coordinator_DstAddr.addr.shortAddr = pRsp->nwkAddr;
   \   000075   8E82         MOV     DPL,R6
   \   000077   8F83         MOV     DPH,R7
   \   000079   A3           INC     DPTR
   \   00007A   E0           MOVX    A,@DPTR
   \   00007B   F8           MOV     R0,A
   \   00007C   A3           INC     DPTR
   \   00007D   E0           MOVX    A,@DPTR
   \   00007E   F9           MOV     R1,A
   \   00007F   90....       MOV     DPTR,#Coordinator_DstAddr
   \   000082   E8           MOV     A,R0
   \   000083   F0           MOVX    @DPTR,A
   \   000084   A3           INC     DPTR
   \   000085   E9           MOV     A,R1
   \   000086   F0           MOVX    @DPTR,A
    328                    // Take the first endpoint, Can be changed to search through endpoints
    329                    Coordinator_DstAddr.endPoint = pRsp->epList[0];  // ok
   \   000087   8E82         MOV     DPL,R6
   \   000089   8F83         MOV     DPH,R7
   \   00008B   A3           INC     DPTR
   \   00008C   A3           INC     DPTR
   \   00008D   A3           INC     DPTR
   \   00008E   A3           INC     DPTR
   \   00008F   E0           MOVX    A,@DPTR
   \   000090   90....       MOV     DPTR,#Coordinator_DstAddr + 9
   \   000093   F0           MOVX    @DPTR,A
    330                    // 匹配成功，关闭描述符匹配事件定时器
    331                    osal_stop_timerEx( Smart_home_TaskID, SMART_HOME_MATCHRSP_EVT );
   \   000094                ; Setup parameters for call to function osal_stop_timerEx
   \   000094   7A08         MOV     R2,#0x8
   \   000096   7B00         MOV     R3,#0x0
   \   000098   90....       MOV     DPTR,#Smart_home_TaskID
   \   00009B   E0           MOVX    A,@DPTR
   \   00009C   F9           MOV     R1,A
   \   00009D   12....       LCALL   ??osal_stop_timerEx?relay
    332            
    333          #if (HAL_UART == TRUE)
    334                    HalUARTWrite(HAL_UART_PORT_0, "Match Success!\n",   osal_strlen("Match Success!\n"));
   \   0000A0                ; Setup parameters for call to function HalUARTWrite
   \   0000A0                ; Setup parameters for call to function osal_strlen
   \   0000A0   7A..         MOV     R2,#`?<Constant "Match Success!\\n">` & 0xff
   \   0000A2   7B..         MOV     R3,#(`?<Constant "Match Success!\\n">` >> 8) & 0xff
   \   0000A4   12....       LCALL   ?Subroutine1 & 0xFFFF
   \                     ??CrossCallReturnLabel_1:
   \   0000A7   7A..         MOV     R2,#`?<Constant "Match Success!\\n">` & 0xff
   \   0000A9   7B..         MOV     R3,#(`?<Constant "Match Success!\\n">` >> 8) & 0xff
   \   0000AB   7900         MOV     R1,#0x0
   \   0000AD   12....       LCALL   ??HalUARTWrite?relay
    335          #endif
    336                    // 开启定时发送数据给协调器的事件
    337                    osal_start_reload_timer( Smart_home_TaskID, SMART_HOME_SEND_MSG_EVT, 
    338                                             SMART_HOME_SEND_DELAY );
   \   0000B0                ; Setup parameters for call to function osal_start_reload_timer
   \   0000B0   7CB8         MOV     R4,#-0x48
   \   0000B2   7D0B         MOV     R5,#0xb
   \   0000B4   7A01         MOV     R2,#0x1
   \   0000B6   7B00         MOV     R3,#0x0
   \   0000B8   90....       MOV     DPTR,#Smart_home_TaskID
   \   0000BB   E0           MOVX    A,@DPTR
   \   0000BC   F9           MOV     R1,A
   \   0000BD   12....       LCALL   ??osal_start_reload_timer?relay
    339                  }
    340              
    341                  osal_mem_free( pRsp );
   \                     ??Smart_home_ProcessZDOMsgs_3:
   \   0000C0                ; Setup parameters for call to function osal_mem_free
   \   0000C0   EE           MOV     A,R6
   \   0000C1   FA           MOV     R2,A
   \   0000C2   EF           MOV     A,R7
   \   0000C3   FB           MOV     R3,A
   \   0000C4   12....       LCALL   ??osal_mem_free?relay
    342                }
    343                break;
    344                
    345              default:
    346                break;
    347            }
    348            
    349          }
   \                     ??Smart_home_ProcessZDOMsgs_2:
   \   0000C7                REQUIRE ?Subroutine0
   \   0000C7                ; // Fall through to label ?Subroutine0

   \                                 In  segment BANKED_CODE, align 1, keep-with-next
   \                     ?Subroutine0:
   \   000000   7F02         MOV     R7,#0x2
   \   000002   02....       LJMP    ?BANKED_LEAVE_XDATA

   \                                 In  segment BANKED_CODE, align 1, keep-with-next
   \                     ?Subroutine1:
   \   000000   12....       LCALL   ??osal_strlen?relay
   \   000003   EA           MOV     A,R2
   \   000004   FC           MOV     R4,A
   \   000005   EB           MOV     A,R3
   \   000006   FD           MOV     R5,A
   \   000007   22           RET
    350          
    351          /*********************************************************************
    352           * @fn      Smart_home_HandleKeys
    353           *
    354           * @brief   Handles all key events for this device.
    355           *
    356           * @param   shift - true if in shift/alt.
    357           * @param   keys  - bit field for key events.
    358           *
    359           * @return  none
    360           */
    361          void Smart_home_HandleKeys( uint8 shift, uint8 keys )
    362          {
    363            
    364            if ( keys & HAL_KEY_SW_5 )
    365            {
    366            }
    367          
    368          }
    369          
    370          /*********************************************************************
    371           * @fn      Smart_home_ProcessMSGCmd
    372           *
    373           * @brief   Data message processor callback. This function processes
    374           *          any incoming data - probably from other devices. Based
    375           *          on the cluster ID, perform the intended action.
    376           *
    377           * @param   pkt - pointer to the incoming message packet
    378           *
    379           * @return  TRUE if the 'pkt' parameter is being used and will be freed later,
    380           *          FALSE otherwise.
    381           */
    382          void Smart_home_ProcessMSGCmd( afIncomingMSGPacket_t *pkt )
    383          {
    384            
    385            switch ( pkt->clusterId )
    386            {
    387              case Smart_home_CLUSTERID_TEMPLIGHTMSG:
    388              {    
    389                break;
    390              } 
    391              // Could receive control messages in the future.
    392              default:
    393                break;
    394            }
    395          }
    396          
    397          /*********************************************************************
    398           * @fn      Smart_home_Send
    399           *
    400           * @brief   Send data OTA.
    401           *
    402           * @param   none
    403           *
    404           * @return  none
    405           */

   \                                 In  segment BANKED_CODE, align 1, keep-with-next
    406          static void Smart_home_Send(void)
   \                     Smart_home_Send:
    407          {
   \   000000   74F6         MOV     A,#-0xa
   \   000002   12....       LCALL   ?BANKED_ENTER_XDATA
   \   000005                ; Saved register size: 10
   \   000005                ; Auto size: 0
    408            uint8 tmp;
    409            uint16 Light,Temper;
    410            static uint8 Sendbuf[4];
    411            
    412            
    413            Light = BH1750_ConvertLight();
   \   000005                ; Setup parameters for call to function BH1750_ConvertLight
   \   000005   12....       LCALL   ??BH1750_ConvertLight?relay
   \   000008   8A..         MOV     ?V0 + 0,R2
   \   00000A   8B..         MOV     ?V0 + 1,R3
   \   00000C   AE..         MOV     R6,?V0 + 0
   \   00000E   AF..         MOV     R7,?V0 + 1
    414            Temper = DS18B20_ConvertTemp();
   \   000010                ; Setup parameters for call to function DS18B20_ConvertTemp
   \   000010   12....       LCALL   ??DS18B20_ConvertTemp?relay
   \   000013   8A..         MOV     ?V0 + 0,R2
   \   000015   8B..         MOV     ?V0 + 1,R3
    415            
    416            Sendbuf[0] = (uint8)((Temper>>4) & 0x007F);  // 温度的整数部分
   \   000017   7404         MOV     A,#0x4
   \   000019   78..         MOV     R0,#?V0 + 0
   \   00001B   12....       LCALL   ?US_SHR
   \   00001E   E5..         MOV     A,?V0 + 0
   \   000020   547F         ANL     A,#0x7f
   \   000022   90....       MOV     DPTR,#??Sendbuf
   \   000025   F0           MOVX    @DPTR,A
    417            Sendbuf[1] = (uint8)(Temper & 0x000F);       // 温度的小数部分
   \   000026   EA           MOV     A,R2
   \   000027   540F         ANL     A,#0xf
   \   000029   A3           INC     DPTR
   \   00002A   F0           MOVX    @DPTR,A
    418            Sendbuf[2] = (uint8)(Light >> 8);            // 光照度的高8位
   \   00002B   EF           MOV     A,R7
   \   00002C   A3           INC     DPTR
   \   00002D   F0           MOVX    @DPTR,A
    419            Sendbuf[3] = (uint8)(Light & 0xFF);          // 光照度的低8位
   \   00002E   EE           MOV     A,R6
   \   00002F   A3           INC     DPTR
   \   000030   F0           MOVX    @DPTR,A
    420          
    421          #if HAL_UART==TRUE
    422            //串口发送原数据，解析工作交给上位机处理
    423            HalUARTWrite(HAL_UART_PORT_0, Sendbuf, osal_strlen(Sendbuf));
                                                                      ^
Warning[Pe167]: argument of type "unsigned char *" is incompatible with
          parameter of type "char *"
   \   000031                ; Setup parameters for call to function HalUARTWrite
   \   000031                ; Setup parameters for call to function osal_strlen
   \   000031   7A..         MOV     R2,#??Sendbuf & 0xff
   \   000033   7B..         MOV     R3,#(??Sendbuf >> 8) & 0xff
   \   000035   12....       LCALL   ?Subroutine1 & 0xFFFF
   \                     ??CrossCallReturnLabel_2:
   \   000038   7A..         MOV     R2,#??Sendbuf & 0xff
   \   00003A   7B..         MOV     R3,#(??Sendbuf >> 8) & 0xff
   \   00003C   7900         MOV     R1,#0x0
   \   00003E   12....       LCALL   ??HalUARTWrite?relay
    424          #endif   
    425            
    426            do{
    427              tmp = Smart_home_MsgID;
    428              //tmp += (tmp <= 9) ? ('0') : ('A' - 0x0A);
    429              Coordinator_Msg[3] = tmp;
   \                     ??Smart_home_Send_0:
   \   000041   90....       MOV     DPTR,#Smart_home_MsgID
   \   000044   E0           MOVX    A,@DPTR
   \   000045   90....       MOV     DPTR,#Coordinator_Msg + 3
   \   000048   F0           MOVX    @DPTR,A
    430              
    431              // 发送给协调器命令 
    432              Coordinator_Msg[4] = Sendbuf[0];
   \   000049   90....       MOV     DPTR,#??Sendbuf
   \   00004C   E0           MOVX    A,@DPTR
   \   00004D   90....       MOV     DPTR,#Coordinator_Msg + 4
   \   000050   F0           MOVX    @DPTR,A
    433              Coordinator_Msg[5] = Sendbuf[1];
   \   000051   90....       MOV     DPTR,#??Sendbuf + 1
   \   000054   E0           MOVX    A,@DPTR
   \   000055   90....       MOV     DPTR,#Coordinator_Msg + 5
   \   000058   F0           MOVX    @DPTR,A
    434              Coordinator_Msg[6] = Sendbuf[2];
   \   000059   90....       MOV     DPTR,#??Sendbuf + 2
   \   00005C   E0           MOVX    A,@DPTR
   \   00005D   90....       MOV     DPTR,#Coordinator_Msg + 6
   \   000060   F0           MOVX    @DPTR,A
    435              Coordinator_Msg[7] = Sendbuf[3];
   \   000061   90....       MOV     DPTR,#??Sendbuf + 3
   \   000064   E0           MOVX    A,@DPTR
   \   000065   90....       MOV     DPTR,#Coordinator_Msg + 7
   \   000068   F0           MOVX    @DPTR,A
    436              
    437              tmp = AF_DataRequest( &Coordinator_DstAddr,                         
    438                                    (endPointDesc_t *)&Smart_home_epDesc,                  
    439                                     Smart_home_CLUSTERID_TEMPLIGHTMSG,
    440                                     TEMPLIGHTMSG_LEN,                 
    441                                     Coordinator_Msg,                    
    442                                    &Smart_home_MsgID,                       
    443                                     AF_DISCV_ROUTE,                     
    444                                     AF_DEFAULT_RADIUS );
    445            }while (afStatus_SUCCESS == tmp);   
   \   000069                ; Setup parameters for call to function AF_DataRequest
   \   000069   75..1E       MOV     ?V0 + 0,#0x1e
   \   00006C   78..         MOV     R0,#?V0 + 0
   \   00006E   12....       LCALL   ?PUSH_XSTACK_I_ONE
   \   000071   75....       MOV     ?V0 + 0,#Smart_home_MsgID & 0xff
   \   000074   75....       MOV     ?V0 + 1,#(Smart_home_MsgID >> 8) & 0xff
   \   000077   78..         MOV     R0,#?V0 + 0
   \   000079   12....       LCALL   ?PUSH_XSTACK_I_TWO
   \   00007C   75....       MOV     ?V0 + 0,#Coordinator_Msg & 0xff
   \   00007F   75....       MOV     ?V0 + 1,#(Coordinator_Msg >> 8) & 0xff
   \   000082   78..         MOV     R0,#?V0 + 0
   \   000084   12....       LCALL   ?PUSH_XSTACK_I_TWO
   \   000087   75..08       MOV     ?V0 + 0,#0x8
   \   00008A   75..00       MOV     ?V0 + 1,#0x0
   \   00008D   78..         MOV     R0,#?V0 + 0
   \   00008F   12....       LCALL   ?PUSH_XSTACK_I_TWO
   \   000092   75..02       MOV     ?V0 + 0,#0x2
   \   000095   78..         MOV     R0,#?V0 + 0
   \   000097   12....       LCALL   ?PUSH_XSTACK_I_TWO
   \   00009A   7920         MOV     R1,#0x20
   \   00009C   7C..         MOV     R4,#Smart_home_epDesc & 0xff
   \   00009E   7D..         MOV     R5,#(Smart_home_epDesc >> 8) & 0xff
   \   0000A0   7A..         MOV     R2,#Coordinator_DstAddr & 0xff
   \   0000A2   7B..         MOV     R3,#(Coordinator_DstAddr >> 8) & 0xff
   \   0000A4   12....       LCALL   ??AF_DataRequest?relay
   \   0000A7   7409         MOV     A,#0x9
   \   0000A9   12....       LCALL   ?DEALLOC_XSTACK8
   \   0000AC   E9           MOV     A,R1
   \   0000AD   6092         JZ      ??Smart_home_Send_0
    446          }
   \   0000AF   02....       LJMP    ?Subroutine0 & 0xFFFF

   \                                 In  segment XDATA_Z, align 1, keep-with-next
   \                     ??Sendbuf:
   \   000000                DS 4
   \   000004                REQUIRE __INIT_XDATA_Z
    447          
    448          /*********************************************************************
    449           * @fn      Smart_home_Resp
    450           *
    451           * @brief   Send data OTA.
    452           *
    453           * @param   none
    454           *
    455           * @return  none
    456           */
    457          static void Smart_home_Resp(void)
    458          {
    459            /*
    460            if (afStatus_SUCCESS != AF_DataRequest(&Smart_home_RxAddr,
    461                                                   (endPointDesc_t *)&Smart_home_epDesc,
    462                                                    Smart_home_CLUSTERID2,
    463                                                    SERIAL_APP_RSP_CNT, Smart_home_RspBuf,
    464                                                   &Smart_home_MsgID, 0, AF_DEFAULT_RADIUS))
    465            {
    466              osal_set_event(Smart_home_TaskID, SMART_HOME_BINDRSP_EVT);
    467            }
    468            */
    469          }
    470          
    471          /*********************************************************************
    472           * @fn      Smart_home_CallBack
    473           *
    474           * @brief   Send data OTA.
    475           *
    476           * @param   port - UART port.
    477           * @param   event - the UART port event flag.
    478           *
    479           * @return  none
    480           */

   \                                 In  segment BANKED_CODE, align 1, keep-with-next
    481          static void Smart_home_CallBack(uint8 port, uint8 event)
   \                     Smart_home_CallBack:
    482          {
   \   000000                ; Saved register size: 0
   \   000000                ; Auto size: 0
    483          }
   \   000000   02....       LJMP    ?BRET

   \                                 In  segment BANK_RELAYS, align 1
   \                     ??Smart_home_Init?relay:
   \   000000   12....       LCALL   ?BDISPATCH
   \   000003   ......       DC24    Smart_home_Init

   \                                 In  segment BANK_RELAYS, align 1
   \                     ??Smart_home_ProcessEvent?relay:
   \   000000   12....       LCALL   ?BDISPATCH
   \   000003   ......       DC24    Smart_home_ProcessEvent

   \                                 In  segment BANK_RELAYS, align 1
   \                     ??Smart_home_ProcessZDOMsgs?relay:
   \   000000   12....       LCALL   ?BDISPATCH
   \   000003   ......       DC24    Smart_home_ProcessZDOMsgs

   \                                 In  segment BANK_RELAYS, align 1
   \                     ??Smart_home_Send?relay:
   \   000000   12....       LCALL   ?BDISPATCH
   \   000003   ......       DC24    Smart_home_Send

   \                                 In  segment BANK_RELAYS, align 1
   \                     ??Smart_home_CallBack?relay:
   \   000000   12....       LCALL   ?BDISPATCH
   \   000003   ......       DC24    Smart_home_CallBack

   \                                 In  segment XDATA_ROM_C, align 1
   \                     `?<Constant "Bind Success!\\n">`:
   \   000000   42696E64     DB "Bind Success!\012"
   \            20537563
   \            63657373
   \            210A00  

   \                                 In  segment XDATA_ROM_C, align 1
   \                     `?<Constant "Match Success!\\n">`:
   \   000000   4D617463     DB "Match Success!\012"
   \            68205375
   \            63636573
   \            73210A00
    484          
    485          /*********************************************************************
    486          *********************************************************************/

   Maximum stack usage in bytes:

     Function                       ISTACK PSTACK XSTACK
     --------                       ------ ------ ------
     Smart_home_CallBack                0      0      0
     Smart_home_Init                    0      0     38
       -> afRegister                    0      0     76
       -> RegisterForKeys               0      0     76
       -> HalUARTOpen                   0      0     76
       -> ZDO_RegisterForZDOMsg         0      0     76
       -> ZDO_RegisterForZDOMsg         0      0     76
       -> osal_start_reload_timer       0      0     76
     Smart_home_ProcessEvent            0      0     29
       -> ZDP_MatchDescReq              0      0     58
       -> Smart_home_ProcessZDOMsgs     0      0     42
       -> osal_msg_deallocate           0      0     42
       -> osal_msg_receive              0      0     42
       -> Smart_home_Send               0      0     42
     Smart_home_ProcessZDOMsgs          0      0     31
       -> osal_strlen                   0      0     20
       -> HalUARTWrite                  0      0     20
       -> ZDO_ParseEPListRsp            0      0     20
       -> osal_stop_timerEx             0      0     20
       -> osal_strlen                   0      0     20
       -> HalUARTWrite                  0      0     20
       -> osal_start_reload_timer       0      0     20
       -> osal_mem_free                 0      0     20
     Smart_home_Send                    0      0     40
       -> BH1750_ConvertLight           0      0     20
       -> DS18B20_ConvertTemp           0      0     20
       -> osal_strlen                   0      0     20
       -> HalUARTWrite                  0      0     20
       -> AF_DataRequest                0      0     38


   Segment part sizes:

     Function/Label                    Bytes
     --------------                    -----
     Smart_home_TaskID                    1
     Coordinator_Msg                      8
     Smart_home_ClusterList_IN            2
     Smart_home_ClusterList_OUT           2
     Smart_home_SimpleDesc               12
     Smart_home_epDesc                    6
     Coordinator_DstAddr                 12
     Smart_home_MsgID                     1
     Smart_home_Init                    203
     Smart_home_ProcessEvent            208
     Smart_home_ProcessZDOMsgs          199
     ?Subroutine0                         5
     ?Subroutine1                         8
     Smart_home_Send                    178
     Sendbuf                              4
     Smart_home_CallBack                  3
     ??Smart_home_Init?relay              6
     ??Smart_home_ProcessEvent?relay      6
     ??Smart_home_ProcessZDOMsgs?relay    6
     ??Smart_home_Send?relay              6
     ??Smart_home_CallBack?relay          6
     ?<Constant "Bind Success!\n">       15
     ?<Constant "Match Success!\n">      16

 
 804 bytes in segment BANKED_CODE
  30 bytes in segment BANK_RELAYS
  53 bytes in segment XDATA_ROM_C
  26 bytes in segment XDATA_Z
 
 834 bytes of CODE  memory
  53 bytes of CONST memory
  26 bytes of XDATA memory

Errors: none
Warnings: 3
