###############################################################################
#                                                                             #
# IAR C/C++ Compiler V8.10.1.10194/W32 for 8051         14/Apr/2021  19:02:40 #
# Copyright 2004-2011 IAR Systems AB.                                         #
#                                                                             #
#    Core               =  plain                                              #
#    Code model         =  banked                                             #
#    Data model         =  large                                              #
#    Calling convention =  xdata reentrant                                    #
#    Constant location  =  data_rom                                           #
#    Dptr setup         =  1,16                                               #
#    Source file        =  D:\毕设\CC2530-smart_home\Components\hal\target\CC #
#                          2530SB\hal_d203.c                                  #
#    Command line       =  -f D:\毕设\CC2530-smart_home\Projects\zstack\Utili #
#                          ties\Smart_home\CC2530DB\..\..\..\Tools\CC2530DB\f #
#                          8wEndev.cfg (-DCPU32MHZ -DROOT=__near_func         #
#                          -DMAC_CFG_TX_DATA_MAX=3 -DMAC_CFG_TX_MAX=6         #
#                          -DMAC_CFG_RX_MAX=3) -f D:\毕设\CC2530-smart_home\P #
#                          rojects\zstack\Utilities\Smart_home\CC2530DB\..\.. #
#                          \..\Tools\CC2530DB\f8wConfig.cfg (-DZIGBEEPRO      #
#                          -DSECURE=0 -DZG_SECURE_DYNAMIC=0 -DREFLECTOR       #
#                          -DDEFAULT_CHANLIST=0x00000800                      #
#                          -DZDAPP_CONFIG_PAN_ID=0x1003                       #
#                          -DNWK_START_DELAY=100 -DEXTENDED_JOINING_RANDOM_MA #
#                          SK=0x007F -DBEACON_REQUEST_DELAY=100               #
#                          -DBEACON_REQ_DELAY_MASK=0x00FF                     #
#                          -DLINK_STATUS_JITTER_MASK=0x007F                   #
#                          -DROUTE_EXPIRY_TIME=30 -DAPSC_ACK_WAIT_DURATION_PO #
#                          LLED=3000 -DNWK_INDIRECT_MSG_TIMEOUT=7             #
#                          -DMAX_RREQ_ENTRIES=8 -DAPSC_MAX_FRAME_RETRIES=3    #
#                          -DNWK_MAX_DATA_RETRIES=2                           #
#                          -DMAX_POLL_FAILURE_RETRIES=2 -DMAX_BCAST=9         #
#                          -DAPS_MAX_GROUPS=16 -DMAX_RTG_ENTRIES=40           #
#                          -DNWK_MAX_BINDING_ENTRIES=4                        #
#                          -DMAX_BINDING_CLUSTER_IDS=4 "-DDEFAULT_KEY={0x01,  #
#                          0x03, 0x05, 0x07, 0x09, 0x0B, 0x0D, 0x0F, 0x00,    #
#                          0x02, 0x04, 0x06, 0x08, 0x0A, 0x0C, 0x0D}"         #
#                          -DMAC_MAX_FRAME_SIZE=116                           #
#                          -DZDNWKMGR_MIN_TRANSMISSIONS=20 "-DCONST=const     #
#                          __code" -DGENERIC=__generic                        #
#                          -DRFD_RCVC_ALWAYS_ON=FALSE -DPOLL_RATE=1000        #
#                          -DQUEUED_POLL_RATE=100 -DRESPONSE_POLL_RATE=100)   #
#                          -DREJOIN_POLL_RATE=440 D:\毕设\CC2530-smart_home\C #
#                          omponents\hal\target\CC2530SB\hal_d203.c -D        #
#                          HAL_UART=TRUE -D HAL_UART_TEST -D xPOWER_SAVING    #
#                          -lC D:\毕设\CC2530-smart_home\Projects\zstack\Util #
#                          ities\Smart_home\CC2530DB\EndDeviceSBRelay\List\   #
#                          -lA D:\毕设\CC2530-smart_home\Projects\zstack\Util #
#                          ities\Smart_home\CC2530DB\EndDeviceSBRelay\List\   #
#                          --diag_suppress Pe001,Pa010 -o                     #
#                          D:\毕设\CC2530-smart_home\Projects\zstack\Utilitie #
#                          s\Smart_home\CC2530DB\EndDeviceSBRelay\Obj\ -e     #
#                          --no_code_motion --debug --core=plain --dptr=16,1  #
#                          --data_model=large --code_model=banked             #
#                          --calling_convention=xdata_reentrant               #
#                          --place_constants=data_rom --nr_virtual_regs 16    #
#                          -I D:\毕设\CC2530-smart_home\Projects\zstack\Utili #
#                          ties\Smart_home\CC2530DB\ -I                       #
#                          D:\毕设\CC2530-smart_home\Projects\zstack\Utilitie #
#                          s\Smart_home\CC2530DB\..\Source\ -I                #
#                          D:\毕设\CC2530-smart_home\Projects\zstack\Utilitie #
#                          s\Smart_home\CC2530DB\..\..\..\ZMain\TI2530DB\ -I  #
#                          D:\毕设\CC2530-smart_home\Projects\zstack\Utilitie #
#                          s\Smart_home\CC2530DB\..\..\..\..\..\Components\ha #
#                          l\include\ -I D:\毕设\CC2530-smart_home\Projects\z #
#                          stack\Utilities\Smart_home\CC2530DB\..\..\..\..\.. #
#                          \Components\hal\target\CC2530SB\ -I                #
#                          D:\毕设\CC2530-smart_home\Projects\zstack\Utilitie #
#                          s\Smart_home\CC2530DB\..\..\..\..\..\Components\ma #
#                          c\include\ -I D:\毕设\CC2530-smart_home\Projects\z #
#                          stack\Utilities\Smart_home\CC2530DB\..\..\..\..\.. #
#                          \Components\mac\high_level\ -I                     #
#                          D:\毕设\CC2530-smart_home\Projects\zstack\Utilitie #
#                          s\Smart_home\CC2530DB\..\..\..\..\..\Components\ma #
#                          c\low_level\srf04\ -I D:\毕设\CC2530-smart_home\Pr #
#                          ojects\zstack\Utilities\Smart_home\CC2530DB\..\..\ #
#                          ..\..\..\Components\mac\low_level\srf04\single_chi #
#                          p\ -I D:\毕设\CC2530-smart_home\Projects\zstack\Ut #
#                          ilities\Smart_home\CC2530DB\..\..\..\..\..\Compone #
#                          nts\mt\ -I D:\毕设\CC2530-smart_home\Projects\zsta #
#                          ck\Utilities\Smart_home\CC2530DB\..\..\..\..\..\Co #
#                          mponents\osal\include\ -I                          #
#                          D:\毕设\CC2530-smart_home\Projects\zstack\Utilitie #
#                          s\Smart_home\CC2530DB\..\..\..\..\..\Components\se #
#                          rvices\saddr\ -I D:\毕设\CC2530-smart_home\Project #
#                          s\zstack\Utilities\Smart_home\CC2530DB\..\..\..\.. #
#                          \..\Components\services\sdata\ -I                  #
#                          D:\毕设\CC2530-smart_home\Projects\zstack\Utilitie #
#                          s\Smart_home\CC2530DB\..\..\..\..\..\Components\st #
#                          ack\af\ -I D:\毕设\CC2530-smart_home\Projects\zsta #
#                          ck\Utilities\Smart_home\CC2530DB\..\..\..\..\..\Co #
#                          mponents\stack\nwk\ -I D:\毕设\CC2530-smart_home\P #
#                          rojects\zstack\Utilities\Smart_home\CC2530DB\..\.. #
#                          \..\..\..\Components\stack\sapi\ -I                #
#                          D:\毕设\CC2530-smart_home\Projects\zstack\Utilitie #
#                          s\Smart_home\CC2530DB\..\..\..\..\..\Components\st #
#                          ack\sec\ -I D:\毕设\CC2530-smart_home\Projects\zst #
#                          ack\Utilities\Smart_home\CC2530DB\..\..\..\..\..\C #
#                          omponents\stack\sys\ -I D:\毕设\CC2530-smart_home\ #
#                          Projects\zstack\Utilities\Smart_home\CC2530DB\..\. #
#                          .\..\..\..\Components\stack\zdo\ -I                #
#                          D:\毕设\CC2530-smart_home\Projects\zstack\Utilitie #
#                          s\Smart_home\CC2530DB\..\..\..\..\..\Components\zm #
#                          ac\ -I D:\毕设\CC2530-smart_home\Projects\zstack\U #
#                          tilities\Smart_home\CC2530DB\..\..\..\..\..\Compon #
#                          ents\zmac\f8w\ -Ohz                                #
#    List file          =  D:\毕设\CC2530-smart_home\Projects\zstack\Utilitie #
#                          s\Smart_home\CC2530DB\EndDeviceSBRelay\List\hal_d2 #
#                          03.lst                                             #
#    Object file        =  D:\毕设\CC2530-smart_home\Projects\zstack\Utilitie #
#                          s\Smart_home\CC2530DB\EndDeviceSBRelay\Obj\hal_d20 #
#                          3.r51                                              #
#                                                                             #
#                                                                             #
###############################################################################

D:\毕设\CC2530-smart_home\Components\hal\target\CC2530SB\hal_d203.c
      1          //*******************************************************************************
      2          //
      3          //文 件 名: hal_d203.c
      4          //
      5          //作    者：yizedxl
      6          //
      7          //创建时间：2013.9.16
      8          //
      9          //修改时间：2013.11.23
     10          //
     11          //说    明：D203S热释电红外线传感器，本程序运行在SensorBoard底板，使用P1_1管脚
     12          //          相连；管脚 输入低电平时，表示产生报警，即检测到人体红外信号。
     13          //
     14          //******************************************************************************/
     15          
     16          #include <iocc2530.h>

   \                                 In  segment SFR_AN, at 0x90
   \   union <unnamed> volatile __sfr _A_P1
   \                     _A_P1:
   \   000000                DS 1

   \                                 In  segment SFR_AN, at 0xfe
   \   unsigned char volatile __sfr P1DIR
   \                     P1DIR:
   \   000000                DS 1
     17          #include "hal_defs.h"
     18          #include "hal_types.h"
     19          
     20          //*****************************************************************************/
     21          //函数名：HalD203Init
     22          //功  能：D203输出管脚配置
     23          //参  数：无
     24          //返回值：无
     25          //*****************************************************************************/

   \                                 In  segment BANKED_CODE, align 1, keep-with-next
     26          void HalD203Init()
   \                     HalD203Init:
     27          {
   \   000000                ; Saved register size: 0
   \   000000                ; Auto size: 0
     28              P1DIR &= ~BV(1);
   \   000000   53FEFD       ANL     0xfe,#0xfd
     29          }
   \   000003   02....       LJMP    ?BRET
   \   000006                REQUIRE P1DIR
     30          
     31          //*****************************************************************************/
     32          //函数名：HalD203Check
     33          //功  能：检测D203输出管脚信号
     34          //参  数：无
     35          //返回值：1：检测到报警信号；
     36          //        0：没有报警信号
     37          //*****************************************************************************/

   \                                 In  segment BANKED_CODE, align 1, keep-with-next
     38          uint8 HalD203Check()
   \                     HalD203Check:
     39          {
   \   000000                ; Saved register size: 0
   \   000000                ; Auto size: 0
     40              if (P1_1)
   \   000000   A291         MOV     C,0x90.1
   \   000002   5004         JNC     ??HalD203Check_0
     41              {
     42                  return 0;
   \   000004   7900         MOV     R1,#0x0
   \   000006   8002         SJMP    ??HalD203Check_1
     43              }
     44              else 
     45              {
     46                  return 1;
   \                     ??HalD203Check_0:
   \   000008   7901         MOV     R1,#0x1
   \                     ??HalD203Check_1:
   \   00000A   02....       LJMP    ?BRET
   \   00000D                REQUIRE _A_P1
     47              }
     48          }

   \                                 In  segment BANK_RELAYS, align 1
   \                     ??HalD203Init?relay:
   \   000000   12....       LCALL   ?BDISPATCH
   \   000003   ......       DC24    HalD203Init

   \                                 In  segment BANK_RELAYS, align 1
   \                     ??HalD203Check?relay:
   \   000000   12....       LCALL   ?BDISPATCH
   \   000003   ......       DC24    HalD203Check

   Maximum stack usage in bytes:

     Function     ISTACK PSTACK XSTACK
     --------     ------ ------ ------
     HalD203Check     0      0      0
     HalD203Init      0      0      0


   Segment part sizes:

     Function/Label       Bytes
     --------------       -----
     _A_P1                   1
     P1DIR                   1
     HalD203Init             6
     HalD203Check           13
     ??HalD203Init?relay     6
     ??HalD203Check?relay    6

 
 19 bytes in segment BANKED_CODE
 12 bytes in segment BANK_RELAYS
  2 bytes in segment SFR_AN
 
 31 bytes of CODE memory
  0 bytes of DATA memory (+ 2 bytes shared)

Errors: none
Warnings: none
