###############################################################################
#                                                                             #
# IAR C/C++ Compiler V8.10.1.10194/W32 for 8051         25/Mar/2021  11:19:02 #
# Copyright 2004-2011 IAR Systems AB.                                         #
#                                                                             #
#    Core               =  plain                                              #
#    Code model         =  banked                                             #
#    Data model         =  large                                              #
#    Calling convention =  xdata reentrant                                    #
#    Constant location  =  data_rom                                           #
#    Dptr setup         =  1,16                                               #
#    Source file        =  D:\毕设\CC2530-smart_home\Projects\zstack\ZMain\TI #
#                          2530DB\ZMain.c                                     #
#    Command line       =  -f D:\毕设\CC2530-smart_home\Projects\zstack\Utili #
#                          ties\Smart_home\CC2530DB\..\..\..\Tools\CC2530DB\f #
#                          8wEndev.cfg (-DCPU32MHZ -DROOT=__near_func         #
#                          -DMAC_CFG_TX_DATA_MAX=3 -DMAC_CFG_TX_MAX=6         #
#                          -DMAC_CFG_RX_MAX=3) -f D:\毕设\CC2530-smart_home\P #
#                          rojects\zstack\Utilities\Smart_home\CC2530DB\..\.. #
#                          \..\Tools\CC2530DB\f8wConfig.cfg (-DZIGBEEPRO      #
#                          -DSECURE=0 -DZG_SECURE_DYNAMIC=0 -DREFLECTOR       #
#                          -DDEFAULT_CHANLIST=0x02000000                      #
#                          -DZDAPP_CONFIG_PAN_ID=0x1001                       #
#                          -DNWK_START_DELAY=100 -DEXTENDED_JOINING_RANDOM_MA #
#                          SK=0x007F -DBEACON_REQUEST_DELAY=100               #
#                          -DBEACON_REQ_DELAY_MASK=0x00FF                     #
#                          -DLINK_STATUS_JITTER_MASK=0x007F                   #
#                          -DROUTE_EXPIRY_TIME=30 -DAPSC_ACK_WAIT_DURATION_PO #
#                          LLED=3000 -DNWK_INDIRECT_MSG_TIMEOUT=7             #
#                          -DMAX_RREQ_ENTRIES=8 -DAPSC_MAX_FRAME_RETRIES=3    #
#                          -DNWK_MAX_DATA_RETRIES=2                           #
#                          -DMAX_POLL_FAILURE_RETRIES=2 -DMAX_BCAST=9         #
#                          -DAPS_MAX_GROUPS=16 -DMAX_RTG_ENTRIES=40           #
#                          -DNWK_MAX_BINDING_ENTRIES=4                        #
#                          -DMAX_BINDING_CLUSTER_IDS=4 "-DDEFAULT_KEY={0x01,  #
#                          0x03, 0x05, 0x07, 0x09, 0x0B, 0x0D, 0x0F, 0x00,    #
#                          0x02, 0x04, 0x06, 0x08, 0x0A, 0x0C, 0x0D}"         #
#                          -DMAC_MAX_FRAME_SIZE=116                           #
#                          -DZDNWKMGR_MIN_TRANSMISSIONS=20 "-DCONST=const     #
#                          __code" -DGENERIC=__generic                        #
#                          -DRFD_RCVC_ALWAYS_ON=FALSE -DPOLL_RATE=1000        #
#                          -DQUEUED_POLL_RATE=100 -DRESPONSE_POLL_RATE=100)   #
#                          -DREJOIN_POLL_RATE=440 D:\毕设\CC2530-smart_home\P #
#                          rojects\zstack\ZMain\TI2530DB\ZMain.c -D           #
#                          HAL_UART=TRUE -D HAL_UART_TEST -D xPOWER_SAVING    #
#                          -lC D:\毕设\CC2530-smart_home\Projects\zstack\Util #
#                          ities\Smart_home\CC2530DB\EndDeviceSBDHT11\List\   #
#                          -lA D:\毕设\CC2530-smart_home\Projects\zstack\Util #
#                          ities\Smart_home\CC2530DB\EndDeviceSBDHT11\List\   #
#                          --diag_suppress Pe001,Pa010 -o                     #
#                          D:\毕设\CC2530-smart_home\Projects\zstack\Utilitie #
#                          s\Smart_home\CC2530DB\EndDeviceSBDHT11\Obj\ -e     #
#                          --no_cse --no_unroll --no_inline --no_code_motion  #
#                          --no_tbaa --debug --core=plain --dptr=16,1         #
#                          --data_model=large --code_model=banked             #
#                          --calling_convention=xdata_reentrant               #
#                          --place_constants=data_rom --nr_virtual_regs 16    #
#                          -I D:\毕设\CC2530-smart_home\Projects\zstack\Utili #
#                          ties\Smart_home\CC2530DB\ -I                       #
#                          D:\毕设\CC2530-smart_home\Projects\zstack\Utilitie #
#                          s\Smart_home\CC2530DB\..\Source\ -I                #
#                          D:\毕设\CC2530-smart_home\Projects\zstack\Utilitie #
#                          s\Smart_home\CC2530DB\..\..\..\ZMain\TI2530DB\ -I  #
#                          D:\毕设\CC2530-smart_home\Projects\zstack\Utilitie #
#                          s\Smart_home\CC2530DB\..\..\..\..\..\Components\ha #
#                          l\include\ -I D:\毕设\CC2530-smart_home\Projects\z #
#                          stack\Utilities\Smart_home\CC2530DB\..\..\..\..\.. #
#                          \Components\hal\target\CC2530SB\ -I                #
#                          D:\毕设\CC2530-smart_home\Projects\zstack\Utilitie #
#                          s\Smart_home\CC2530DB\..\..\..\..\..\Components\ma #
#                          c\include\ -I D:\毕设\CC2530-smart_home\Projects\z #
#                          stack\Utilities\Smart_home\CC2530DB\..\..\..\..\.. #
#                          \Components\mac\high_level\ -I                     #
#                          D:\毕设\CC2530-smart_home\Projects\zstack\Utilitie #
#                          s\Smart_home\CC2530DB\..\..\..\..\..\Components\ma #
#                          c\low_level\srf04\ -I D:\毕设\CC2530-smart_home\Pr #
#                          ojects\zstack\Utilities\Smart_home\CC2530DB\..\..\ #
#                          ..\..\..\Components\mac\low_level\srf04\single_chi #
#                          p\ -I D:\毕设\CC2530-smart_home\Projects\zstack\Ut #
#                          ilities\Smart_home\CC2530DB\..\..\..\..\..\Compone #
#                          nts\mt\ -I D:\毕设\CC2530-smart_home\Projects\zsta #
#                          ck\Utilities\Smart_home\CC2530DB\..\..\..\..\..\Co #
#                          mponents\osal\include\ -I                          #
#                          D:\毕设\CC2530-smart_home\Projects\zstack\Utilitie #
#                          s\Smart_home\CC2530DB\..\..\..\..\..\Components\se #
#                          rvices\saddr\ -I D:\毕设\CC2530-smart_home\Project #
#                          s\zstack\Utilities\Smart_home\CC2530DB\..\..\..\.. #
#                          \..\Components\services\sdata\ -I                  #
#                          D:\毕设\CC2530-smart_home\Projects\zstack\Utilitie #
#                          s\Smart_home\CC2530DB\..\..\..\..\..\Components\st #
#                          ack\af\ -I D:\毕设\CC2530-smart_home\Projects\zsta #
#                          ck\Utilities\Smart_home\CC2530DB\..\..\..\..\..\Co #
#                          mponents\stack\nwk\ -I D:\毕设\CC2530-smart_home\P #
#                          rojects\zstack\Utilities\Smart_home\CC2530DB\..\.. #
#                          \..\..\..\Components\stack\sapi\ -I                #
#                          D:\毕设\CC2530-smart_home\Projects\zstack\Utilitie #
#                          s\Smart_home\CC2530DB\..\..\..\..\..\Components\st #
#                          ack\sec\ -I D:\毕设\CC2530-smart_home\Projects\zst #
#                          ack\Utilities\Smart_home\CC2530DB\..\..\..\..\..\C #
#                          omponents\stack\sys\ -I D:\毕设\CC2530-smart_home\ #
#                          Projects\zstack\Utilities\Smart_home\CC2530DB\..\. #
#                          .\..\..\..\Components\stack\zdo\ -I                #
#                          D:\毕设\CC2530-smart_home\Projects\zstack\Utilitie #
#                          s\Smart_home\CC2530DB\..\..\..\..\..\Components\zm #
#                          ac\ -I D:\毕设\CC2530-smart_home\Projects\zstack\U #
#                          tilities\Smart_home\CC2530DB\..\..\..\..\..\Compon #
#                          ents\zmac\f8w\ -On                                 #
#    List file          =  D:\毕设\CC2530-smart_home\Projects\zstack\Utilitie #
#                          s\Smart_home\CC2530DB\EndDeviceSBDHT11\List\ZMain. #
#                          lst                                                #
#    Object file        =  D:\毕设\CC2530-smart_home\Projects\zstack\Utilitie #
#                          s\Smart_home\CC2530DB\EndDeviceSBDHT11\Obj\ZMain.r #
#                          51                                                 #
#                                                                             #
#                                                                             #
###############################################################################

D:\毕设\CC2530-smart_home\Projects\zstack\ZMain\TI2530DB\ZMain.c
      1          /**************************************************************************************************
      2            Filename:       ZMain.c
      3            Revised:        $Date: 2010-09-17 16:25:30 -0700 (Fri, 17 Sep 2010) $
      4            Revision:       $Revision: 23835 $
      5          
      6            Description:    Startup and shutdown code for ZStack
      7            Notes:          This version targets the Chipcon CC2530
      8          
      9          
     10            Copyright 2005-2010 Texas Instruments Incorporated. All rights reserved.
     11          
     12            IMPORTANT: Your use of this Software is limited to those specific rights
     13            granted under the terms of a software license agreement between the user
     14            who downloaded the software, his/her employer (which must be your employer)
     15            and Texas Instruments Incorporated (the "License").  You may not use this
     16            Software unless you agree to abide by the terms of the License. The License
     17            limits your use, and you acknowledge, that the Software may not be modified,
     18            copied or distributed unless embedded on a Texas Instruments microcontroller
     19            or used solely and exclusively in conjunction with a Texas Instruments radio
     20            frequency transceiver, which is integrated into your product.  Other than for
     21            the foregoing purpose, you may not use, reproduce, copy, prepare derivative
     22            works of, modify, distribute, perform, display or sell this Software and/or
     23            its documentation for any purpose.
     24          
     25            YOU FURTHER ACKNOWLEDGE AND AGREE THAT THE SOFTWARE AND DOCUMENTATION ARE
     26            PROVIDED AS IS?WITHOUT WARRANTY OF ANY KIND, EITHER EXPRESS OR IMPLIED,
     27            INCLUDING WITHOUT LIMITATION, ANY WARRANTY OF MERCHANTABILITY, TITLE,
     28            NON-INFRINGEMENT AND FITNESS FOR A PARTICULAR PURPOSE. IN NO EVENT SHALL
     29            TEXAS INSTRUMENTS OR ITS LICENSORS BE LIABLE OR OBLIGATED UNDER CONTRACT,
     30            NEGLIGENCE, STRICT LIABILITY, CONTRIBUTION, BREACH OF WARRANTY, OR OTHER
     31            LEGAL EQUITABLE THEORY ANY DIRECT OR INDIRECT DAMAGES OR EXPENSES
     32            INCLUDING BUT NOT LIMITED TO ANY INCIDENTAL, SPECIAL, INDIRECT, PUNITIVE
     33            OR CONSEQUENTIAL DAMAGES, LOST PROFITS OR LOST DATA, COST OF PROCUREMENT
     34            OF SUBSTITUTE GOODS, TECHNOLOGY, SERVICES, OR ANY CLAIMS BY THIRD PARTIES
     35            (INCLUDING BUT NOT LIMITED TO ANY DEFENSE THEREOF), OR OTHER SIMILAR COSTS.
     36          
     37            Should you have any questions regarding your right to use this Software,
     38            contact Texas Instruments Incorporated at www.TI.com.
     39          **************************************************************************************************/
     40          
     41          /*********************************************************************
     42           * INCLUDES
     43           */
     44          
     45          #ifndef NONWK
     46          #include "AF.h"
     47          #endif
     48          #include "hal_adc.h"

   \                                 In  segment SFR_AN, at 0x9d
   \   unsigned char volatile __sfr SLEEPSTA
   \                     SLEEPSTA:
   \   000000                DS 1

   \                                 In  segment SFR_AN, at 0x9e
   \   unsigned char volatile __sfr CLKCONSTA
   \                     CLKCONSTA:
   \   000000                DS 1

   \                                 In  segment SFR_AN, at 0xbe
   \   unsigned char volatile __sfr SLEEPCMD
   \                     SLEEPCMD:
   \   000000                DS 1

   \                                 In  segment SFR_AN, at 0xc6
   \   unsigned char volatile __sfr CLKCONCMD
   \                     CLKCONCMD:
   \   000000                DS 1

   \                                 In  segment SFR_AN, at 0xfd
   \   unsigned char volatile __sfr P0DIR
   \                     P0DIR:
   \   000000                DS 1

   \                                 In  segment SFR_AN, at 0xfe
   \   unsigned char volatile __sfr P1DIR
   \                     P1DIR:
   \   000000                DS 1
     49          #include "hal_flash.h"
     50          #include "hal_lcd.h"
     51          #include "hal_led.h"
     52          #include "hal_uart.h"
     53          #include "hal_drivers.h"
     54          #include "OnBoard.h"
     55          #include "OSAL.h"
     56          #include "OSAL_Nv.h"
     57          #include "ZComDef.h"
     58          #include "ZMAC.h"
     59          #include "string.h"
     60          /*********************************************************************
     61           * LOCAL FUNCTIONS
     62           */
     63          
     64          static void zmain_ext_addr( void );
     65          #if defined ZCL_KEY_ESTABLISH
     66          static void zmain_cert_init( void );
     67          #endif
     68          static void zmain_dev_info( void );
     69          static void zmain_vdd_check( void );
     70          
     71          #ifdef LCD_SUPPORTED
     72          static void zmain_lcd_init( void );
     73          #endif
     74          
     75          /*********************************************************************
     76           * @fn      main
     77           * @brief   First function called after startup.
     78           * @return  don't care
     79           */

   \                                 In  segment BANKED_CODE, align 1, keep-with-next
     80          int main( void )
   \                     main:
     81          {
   \   000000                ; Auto size: 0
     82            // Turn off interrupts
     83            osal_int_disable( INTS_ALL );
   \   000000                ; Setup parameters for call to function osal_int_disable
   \   000000   79FF         MOV     R1,#-0x1
   \   000002   12....       LCALL   ??osal_int_disable?relay
   \   000005   E9           MOV     A,R1
     84          
     85            // Initialization for board related stuff such as LEDs
     86            HAL_BOARD_INIT();
   \   000006   53BEFB       ANL     0xbe,#0xfb
   \                     ??main_0:
   \   000009   E59D         MOV     A,0x9d
   \   00000B   A2E6         MOV     C,0xE0 /* A   */.6
   \   00000D   50FA         JNC     ??main_0
   \   00000F   00           NOP
   \   000010   7E00         MOV     R6,#0x0
   \   000012   7F00         MOV     R7,#0x0
   \                     ??main_1:
   \   000014   C3           CLR     C
   \   000015   EE           MOV     A,R6
   \   000016   94F8         SUBB    A,#-0x8
   \   000018   EF           MOV     A,R7
   \   000019   9401         SUBB    A,#0x1
   \   00001B   500B         JNC     ??main_2
   \   00001D   00           NOP
   \   00001E   EE           MOV     A,R6
   \   00001F   2401         ADD     A,#0x1
   \   000021   FE           MOV     R6,A
   \   000022   EF           MOV     A,R7
   \   000023   3400         ADDC    A,#0x0
   \   000025   FF           MOV     R7,A
   \   000026   80EC         SJMP    ??main_1
   \                     ??main_2:
   \   000028   75C600       MOV     0xc6,#0x0
   \                     ??main_3:
   \   00002B   E59E         MOV     A,0x9e
   \   00002D   70FC         JNZ     ??main_3
   \   00002F   43BE04       ORL     0xbe,#0x4
   \   000032   906270       MOV     DPTR,#0x6270
   \   000035   7408         MOV     A,#0x8
   \   000037   F0           MOVX    @DPTR,A
   \   000038   43FE01       ORL     0xfe,#0x1
   \   00003B   43FD80       ORL     0xfd,#0x80
     87          
     88            // Make sure supply voltage is high enough to run
     89            zmain_vdd_check();
   \   00003E                ; Setup parameters for call to function zmain_vdd_check
   \   00003E   12....       LCALL   ??zmain_vdd_check?relay
     90          
     91            // Initialize board I/O
     92            InitBoard( OB_COLD );
   \   000041                ; Setup parameters for call to function InitBoard
   \   000041   7900         MOV     R1,#0x0
   \   000043   12....       LCALL   ??InitBoard?relay
     93          
     94            // Initialze HAL drivers
     95            HalDriverInit();
   \   000046                ; Setup parameters for call to function HalDriverInit
   \   000046   12....       LCALL   ??HalDriverInit?relay
     96          
     97            // Initialize NV System
     98            osal_nv_init( NULL );
   \   000049                ; Setup parameters for call to function osal_nv_init
   \   000049   7A00         MOV     R2,#0x0
   \   00004B   7B00         MOV     R3,#0x0
   \   00004D   12....       LCALL   ??osal_nv_init?relay
     99          
    100            // Initialize the MAC
    101            ZMacInit();
   \   000050                ; Setup parameters for call to function ZMacInit
   \   000050   12....       LCALL   ??ZMacInit?relay
   \   000053   E9           MOV     A,R1
    102          
    103            // Determine the extended address
    104            zmain_ext_addr();
   \   000054                ; Setup parameters for call to function zmain_ext_addr
   \   000054   12....       LCALL   ??zmain_ext_addr?relay
    105          
    106          #if defined ZCL_KEY_ESTABLISH
    107            // Initialize the Certicom certificate information.
    108            zmain_cert_init();
    109          #endif
    110          
    111            // Initialize basic NV items
    112            zgInit();
   \   000057                ; Setup parameters for call to function zgInit
   \   000057   12....       LCALL   ??zgInit?relay
   \   00005A   E9           MOV     A,R1
    113          
    114          #ifndef NONWK
    115            // Since the AF isn't a task, call it's initialization routine
    116            afInit();
    117          #endif
    118          
    119            // Initialize the operating system
    120            osal_init_system();
   \   00005B                ; Setup parameters for call to function osal_init_system
   \   00005B   12....       LCALL   ??osal_init_system?relay
   \   00005E   E9           MOV     A,R1
    121          
    122            // Allow interrupts
    123            osal_int_enable( INTS_ALL );
   \   00005F                ; Setup parameters for call to function osal_int_enable
   \   00005F   79FF         MOV     R1,#-0x1
   \   000061   12....       LCALL   ??osal_int_enable?relay
   \   000064   E9           MOV     A,R1
    124          
    125            // Final board initialization
    126            InitBoard( OB_READY );
   \   000065                ; Setup parameters for call to function InitBoard
   \   000065   7902         MOV     R1,#0x2
   \   000067   12....       LCALL   ??InitBoard?relay
    127          
    128            // Display information about this device
    129            zmain_dev_info();
   \   00006A                ; Setup parameters for call to function zmain_dev_info
   \   00006A   12....       LCALL   ??zmain_dev_info?relay
    130          
    131            /* Display the device info on the LCD */
    132          #ifdef LCD_SUPPORTED
    133            zmain_lcd_init();
    134          #endif
    135          
    136          #ifdef WDT_IN_PM1
    137            /* If WDT is used, this is a good place to enable it. */
    138            WatchDogEnable( WDTIMX );
    139          #endif
    140          
    141            osal_start_system(); // No Return from here
   \   00006D                ; Setup parameters for call to function osal_start_system
   \   00006D   12....       LCALL   ??osal_start_system?relay
    142          
    143            return 0;  // Shouldn't get here.
   \   000070   7A00         MOV     R2,#0x0
   \   000072   7B00         MOV     R3,#0x0
   \   000074   02....       LJMP    ?BRET
   \   000077                REQUIRE SLEEPCMD
   \   000077                REQUIRE SLEEPSTA
   \   000077                REQUIRE CLKCONCMD
   \   000077                REQUIRE CLKCONSTA
   \   000077                REQUIRE P1DIR
   \   000077                REQUIRE P0DIR
    144          } // main()
    145          
    146          /*********************************************************************
    147           * @fn      zmain_vdd_check
    148           * @brief   Check if the Vdd is OK to run the processor.
    149           * @return  Return if Vdd is ok; otherwise, flash LED, then reset
    150           *********************************************************************/

   \                                 In  segment BANKED_CODE, align 1, keep-with-next
    151          static void zmain_vdd_check( void )
   \                     zmain_vdd_check:
    152          {
   \   000000   74F7         MOV     A,#-0x9
   \   000002   12....       LCALL   ?BANKED_ENTER_XDATA
   \   000005                ; Saved register size: 9
   \   000005                ; Auto size: 0
    153            uint8 cnt = 16;
   \   000005   7E10         MOV     R6,#0x10
    154            
    155            do {
    156              while (!HalAdcCheckVdd(VDD_MIN_RUN));
   \                     ??zmain_vdd_check_0:
   \   000007                ; Setup parameters for call to function HalAdcCheckVdd
   \   000007   794E         MOV     R1,#0x4e
   \   000009   12....       LCALL   ??HalAdcCheckVdd?relay
   \   00000C   E9           MOV     A,R1
   \   00000D   60F8         JZ      ??zmain_vdd_check_0
    157            } while (--cnt);
   \   00000F   74FF         MOV     A,#-0x1
   \   000011   2E           ADD     A,R6
   \   000012   F8           MOV     R0,A
   \   000013   E8           MOV     A,R0
   \   000014   FE           MOV     R6,A
   \   000015   E8           MOV     A,R0
   \   000016   70EF         JNZ     ??zmain_vdd_check_0
    158          }
   \   000018   7F01         MOV     R7,#0x1
   \   00001A   02....       LJMP    ?BANKED_LEAVE_XDATA
    159          
    160          /**************************************************************************************************
    161           * @fn          zmain_ext_addr
    162           *
    163           * @brief       Execute a prioritized search for a valid extended address and write the results
    164           *              into the OSAL NV system for use by the system. Temporary address not saved to NV.
    165           *
    166           * input parameters
    167           *
    168           * None.
    169           *
    170           * output parameters
    171           *
    172           * None.
    173           *
    174           * @return      None.
    175           **************************************************************************************************
    176           */

   \                                 In  segment BANKED_CODE, align 1, keep-with-next
    177          static void zmain_ext_addr(void)
   \                     zmain_ext_addr:
    178          {
   \   000000   74F5         MOV     A,#-0xb
   \   000002   12....       LCALL   ?BANKED_ENTER_XDATA
   \   000005                ; Saved register size: 11
   \   000005                ; Auto size: 8
   \   000005   74F8         MOV     A,#-0x8
   \   000007   12....       LCALL   ?ALLOC_XSTACK8
    179            uint8 nullAddr[Z_EXTADDR_LEN] = {0xFF, 0xFF, 0xFF, 0xFF, 0xFF, 0xFF, 0xFF, 0xFF};
   \   00000A   90....       MOV     DPTR,#`?<Constant {255, 255, 255, 255, 255, 255, 255,`
   \   00000D   C082         PUSH    DPL
   \   00000F   C083         PUSH    DPH
   \   000011   85..82       MOV     DPL,?XSP + 0
   \   000014   85..83       MOV     DPH,?XSP + 1
   \   000017   AC82         MOV     R4,DPL
   \   000019   AD83         MOV     R5,DPH
   \   00001B   D083         POP     DPH
   \   00001D   D082         POP     DPL
   \   00001F   7408         MOV     A,#0x8
   \   000021   12....       LCALL   ?MOVE_LONG8_XDATA_XDATA
    180            uint8 writeNV = TRUE;
   \   000024   7E01         MOV     R6,#0x1
    181          
    182            // First check whether a non-erased extended address exists in the OSAL NV.
    183            if ((SUCCESS != osal_nv_item_init(ZCD_NV_EXTADDR, Z_EXTADDR_LEN, NULL))  ||
    184                (SUCCESS != osal_nv_read(ZCD_NV_EXTADDR, 0, Z_EXTADDR_LEN, aExtendedAddress)) ||
    185                (osal_memcmp(aExtendedAddress, nullAddr, Z_EXTADDR_LEN)))
   \   000026                ; Setup parameters for call to function osal_nv_item_init
   \   000026   E4           CLR     A
   \   000027   F5..         MOV     ?V0 + 0,A
   \   000029   F5..         MOV     ?V0 + 1,A
   \   00002B   78..         MOV     R0,#?V0 + 0
   \   00002D   12....       LCALL   ?PUSH_XSTACK_I_TWO
   \   000030   7C08         MOV     R4,#0x8
   \   000032   7D00         MOV     R5,#0x0
   \   000034   7A01         MOV     R2,#0x1
   \   000036   7B00         MOV     R3,#0x0
   \   000038   12....       LCALL   ??osal_nv_item_init?relay
   \   00003B   7402         MOV     A,#0x2
   \   00003D   12....       LCALL   ?DEALLOC_XSTACK8
   \   000040   E9           MOV     A,R1
   \   000041   7058         JNZ     ??zmain_ext_addr_0
   \   000043                ; Setup parameters for call to function osal_nv_read
   \   000043   75....       MOV     ?V0 + 0,#aExtendedAddress & 0xff
   \   000046   75....       MOV     ?V0 + 1,#(aExtendedAddress >> 8) & 0xff
   \   000049   78..         MOV     R0,#?V0 + 0
   \   00004B   12....       LCALL   ?PUSH_XSTACK_I_TWO
   \   00004E   75..08       MOV     ?V0 + 0,#0x8
   \   000051   75..00       MOV     ?V0 + 1,#0x0
   \   000054   78..         MOV     R0,#?V0 + 0
   \   000056   12....       LCALL   ?PUSH_XSTACK_I_TWO
   \   000059   7C00         MOV     R4,#0x0
   \   00005B   7D00         MOV     R5,#0x0
   \   00005D   7A01         MOV     R2,#0x1
   \   00005F   7B00         MOV     R3,#0x0
   \   000061   12....       LCALL   ??osal_nv_read?relay
   \   000064   7404         MOV     A,#0x4
   \   000066   12....       LCALL   ?DEALLOC_XSTACK8
   \   000069   E9           MOV     A,R1
   \   00006A   702F         JNZ     ??zmain_ext_addr_0
   \   00006C                ; Setup parameters for call to function osal_memcmp
   \   00006C   85..82       MOV     DPL,?XSP + 0
   \   00006F   85..83       MOV     DPH,?XSP + 1
   \   000072   A982         MOV     R1,DPL
   \   000074   AA83         MOV     R2,DPH
   \   000076   7B00         MOV     R3,#0x0
   \   000078   89..         MOV     ?V0 + 0,R1
   \   00007A   8A..         MOV     ?V0 + 1,R2
   \   00007C   8B..         MOV     ?V0 + 2,R3
   \   00007E   78..         MOV     R0,#?V0 + 0
   \   000080   12....       LCALL   ?PUSH_XSTACK_I_THREE
   \   000083   7C08         MOV     R4,#0x8
   \   000085   7D00         MOV     R5,#0x0
   \   000087   79..         MOV     R1,#aExtendedAddress & 0xff
   \   000089   7A..         MOV     R2,#(aExtendedAddress >> 8) & 0xff
   \   00008B   7B00         MOV     R3,#0x0
   \   00008D   12....       LCALL   ??osal_memcmp?relay
   \   000090   7403         MOV     A,#0x3
   \   000092   12....       LCALL   ?DEALLOC_XSTACK8
   \   000095   E9           MOV     A,R1
   \   000096   7003         JNZ     $+5
   \   000098   02....       LJMP    ??zmain_ext_addr_1 & 0xFFFF
    186            {
    187              // Attempt to read the extended address from the location on the lock bits page
    188              // where the programming tools know to reserve it.
    189              HalFlashRead(HAL_FLASH_IEEE_PAGE, HAL_FLASH_IEEE_OSET, aExtendedAddress, Z_EXTADDR_LEN);
   \                     ??zmain_ext_addr_0:
   \   00009B                ; Setup parameters for call to function HalFlashRead
   \   00009B   75..08       MOV     ?V0 + 0,#0x8
   \   00009E   75..00       MOV     ?V0 + 1,#0x0
   \   0000A1   78..         MOV     R0,#?V0 + 0
   \   0000A3   12....       LCALL   ?PUSH_XSTACK_I_TWO
   \   0000A6   7C..         MOV     R4,#aExtendedAddress & 0xff
   \   0000A8   7D..         MOV     R5,#(aExtendedAddress >> 8) & 0xff
   \   0000AA   7AE8         MOV     R2,#-0x18
   \   0000AC   7B07         MOV     R3,#0x7
   \   0000AE   797F         MOV     R1,#0x7f
   \   0000B0   12....       LCALL   ??HalFlashRead?relay
   \   0000B3   7402         MOV     A,#0x2
   \   0000B5   12....       LCALL   ?DEALLOC_XSTACK8
    190          
    191              if (osal_memcmp(aExtendedAddress, nullAddr, Z_EXTADDR_LEN))
   \   0000B8                ; Setup parameters for call to function osal_memcmp
   \   0000B8   85..82       MOV     DPL,?XSP + 0
   \   0000BB   85..83       MOV     DPH,?XSP + 1
   \   0000BE   A982         MOV     R1,DPL
   \   0000C0   AA83         MOV     R2,DPH
   \   0000C2   7B00         MOV     R3,#0x0
   \   0000C4   89..         MOV     ?V0 + 0,R1
   \   0000C6   8A..         MOV     ?V0 + 1,R2
   \   0000C8   8B..         MOV     ?V0 + 2,R3
   \   0000CA   78..         MOV     R0,#?V0 + 0
   \   0000CC   12....       LCALL   ?PUSH_XSTACK_I_THREE
   \   0000CF   7C08         MOV     R4,#0x8
   \   0000D1   7D00         MOV     R5,#0x0
   \   0000D3   79..         MOV     R1,#aExtendedAddress & 0xff
   \   0000D5   7A..         MOV     R2,#(aExtendedAddress >> 8) & 0xff
   \   0000D7   7B00         MOV     R3,#0x0
   \   0000D9   12....       LCALL   ??osal_memcmp?relay
   \   0000DC   7403         MOV     A,#0x3
   \   0000DE   12....       LCALL   ?DEALLOC_XSTACK8
   \   0000E1   E9           MOV     A,R1
   \   0000E2   7003         JNZ     $+5
   \   0000E4   02....       LJMP    ??zmain_ext_addr_2 & 0xFFFF
    192              {
    193                // Attempt to read the extended address from the designated location in the Info Page.
    194                if (!osal_memcmp((uint8 *)(P_INFOPAGE+HAL_INFOP_IEEE_OSET), nullAddr, Z_EXTADDR_LEN))
   \   0000E7                ; Setup parameters for call to function osal_memcmp
   \   0000E7   85..82       MOV     DPL,?XSP + 0
   \   0000EA   85..83       MOV     DPH,?XSP + 1
   \   0000ED   A982         MOV     R1,DPL
   \   0000EF   AA83         MOV     R2,DPH
   \   0000F1   7B00         MOV     R3,#0x0
   \   0000F3   89..         MOV     ?V0 + 0,R1
   \   0000F5   8A..         MOV     ?V0 + 1,R2
   \   0000F7   8B..         MOV     ?V0 + 2,R3
   \   0000F9   78..         MOV     R0,#?V0 + 0
   \   0000FB   12....       LCALL   ?PUSH_XSTACK_I_THREE
   \   0000FE   7C08         MOV     R4,#0x8
   \   000100   7D00         MOV     R5,#0x0
   \   000102   790C         MOV     R1,#0xc
   \   000104   7A78         MOV     R2,#0x78
   \   000106   7B00         MOV     R3,#0x0
   \   000108   12....       LCALL   ??osal_memcmp?relay
   \   00010B   7403         MOV     A,#0x3
   \   00010D   12....       LCALL   ?DEALLOC_XSTACK8
   \   000110   E9           MOV     A,R1
   \   000111   7020         JNZ     ??zmain_ext_addr_3
    195                {
    196                  osal_memcpy(aExtendedAddress, (uint8 *)(P_INFOPAGE+HAL_INFOP_IEEE_OSET), Z_EXTADDR_LEN);
   \   000113                ; Setup parameters for call to function osal_memcpy
   \   000113   75..0C       MOV     ?V0 + 0,#0xc
   \   000116   75..78       MOV     ?V0 + 1,#0x78
   \   000119   75..00       MOV     ?V0 + 2,#0x0
   \   00011C   78..         MOV     R0,#?V0 + 0
   \   00011E   12....       LCALL   ?PUSH_XSTACK_I_THREE
   \   000121   7C08         MOV     R4,#0x8
   \   000123   7D00         MOV     R5,#0x0
   \   000125   7A..         MOV     R2,#aExtendedAddress & 0xff
   \   000127   7B..         MOV     R3,#(aExtendedAddress >> 8) & 0xff
   \   000129   12....       LCALL   ??osal_memcpy?relay
   \   00012C   7403         MOV     A,#0x3
   \   00012E   12....       LCALL   ?DEALLOC_XSTACK8
   \   000131   8072         SJMP    ??zmain_ext_addr_2
    197                }
    198                else  // No valid extended address was found.
    199                {
    200                  uint8 idx;
    201                  
    202          #if !defined ( NV_RESTORE )
    203                  writeNV = FALSE;  // Make this a temporary IEEE address
   \                     ??zmain_ext_addr_3:
   \   000133   7E00         MOV     R6,#0x0
    204          #endif
    205          
    206                  /* Attempt to create a sufficiently random extended address for expediency.
    207                   * Note: this is only valid/legal in a test environment and
    208                   *       must never be used for a commercial product.
    209                   */
    210                  for (idx = 0; idx < (Z_EXTADDR_LEN - 2);)
   \   000135   7F00         MOV     R7,#0x0
   \                     ??zmain_ext_addr_4:
   \   000137   EF           MOV     A,R7
   \   000138   C3           CLR     C
   \   000139   9406         SUBB    A,#0x6
   \   00013B   503F         JNC     ??zmain_ext_addr_5
    211                  {
    212                    uint16 randy = osal_rand();
   \   00013D                ; Setup parameters for call to function osal_rand
   \   00013D   12....       LCALL   ??osal_rand?relay
   \   000140   8A..         MOV     ?V0 + 0,R2
   \   000142   8B..         MOV     ?V0 + 1,R3
   \   000144   A8..         MOV     R0,?V0 + 0
   \   000146   A9..         MOV     R1,?V0 + 1
    213                    aExtendedAddress[idx++] = LO_UINT16(randy);
   \   000148   E8           MOV     A,R0
   \   000149   C0E0         PUSH    A
   \   00014B   8F..         MOV     ?V0 + 0,R7
   \   00014D   75..00       MOV     ?V0 + 1,#0x0
   \   000150   74..         MOV     A,#aExtendedAddress & 0xff
   \   000152   25..         ADD     A,?V0 + 0
   \   000154   F582         MOV     DPL,A
   \   000156   74..         MOV     A,#(aExtendedAddress >> 8) & 0xff
   \   000158   35..         ADDC    A,?V0 + 1
   \   00015A   F583         MOV     DPH,A
   \   00015C   D0E0         POP     A
   \   00015E   F0           MOVX    @DPTR,A
   \   00015F   0F           INC     R7
    214                    aExtendedAddress[idx++] = HI_UINT16(randy);
   \   000160   E4           CLR     A
   \   000161   E9           MOV     A,R1
   \   000162   F8           MOV     R0,A
   \   000163   C0E0         PUSH    A
   \   000165   8F..         MOV     ?V0 + 0,R7
   \   000167   75..00       MOV     ?V0 + 1,#0x0
   \   00016A   74..         MOV     A,#aExtendedAddress & 0xff
   \   00016C   25..         ADD     A,?V0 + 0
   \   00016E   F582         MOV     DPL,A
   \   000170   74..         MOV     A,#(aExtendedAddress >> 8) & 0xff
   \   000172   35..         ADDC    A,?V0 + 1
   \   000174   F583         MOV     DPH,A
   \   000176   D0E0         POP     A
   \   000178   F0           MOVX    @DPTR,A
   \   000179   0F           INC     R7
   \   00017A   80BB         SJMP    ??zmain_ext_addr_4
    215                  }
    216                  // Next-to-MSB identifies ZigBee devicetype.
    217          #if ZG_BUILD_COORDINATOR_TYPE && !ZG_BUILD_JOINING_TYPE
    218                  aExtendedAddress[idx++] = 0x10;
    219          #elif ZG_BUILD_RTRONLY_TYPE
    220                  aExtendedAddress[idx++] = 0x20;
    221          #else
    222                  aExtendedAddress[idx++] = 0x30;
   \                     ??zmain_ext_addr_5:
   \   00017C   8F..         MOV     ?V0 + 0,R7
   \   00017E   75..00       MOV     ?V0 + 1,#0x0
   \   000181   74..         MOV     A,#aExtendedAddress & 0xff
   \   000183   25..         ADD     A,?V0 + 0
   \   000185   F582         MOV     DPL,A
   \   000187   74..         MOV     A,#(aExtendedAddress >> 8) & 0xff
   \   000189   35..         ADDC    A,?V0 + 1
   \   00018B   F583         MOV     DPH,A
   \   00018D   7430         MOV     A,#0x30
   \   00018F   F0           MOVX    @DPTR,A
   \   000190   0F           INC     R7
    223          #endif
    224                  // MSB has historical signficance.
    225                  aExtendedAddress[idx] = 0xF8;
   \   000191   8F..         MOV     ?V0 + 0,R7
   \   000193   75..00       MOV     ?V0 + 1,#0x0
   \   000196   74..         MOV     A,#aExtendedAddress & 0xff
   \   000198   25..         ADD     A,?V0 + 0
   \   00019A   F582         MOV     DPL,A
   \   00019C   74..         MOV     A,#(aExtendedAddress >> 8) & 0xff
   \   00019E   35..         ADDC    A,?V0 + 1
   \   0001A0   F583         MOV     DPH,A
   \   0001A2   74F8         MOV     A,#-0x8
   \   0001A4   F0           MOVX    @DPTR,A
    226                }
    227              }
    228          
    229              if (writeNV)
   \                     ??zmain_ext_addr_2:
   \   0001A5   EE           MOV     A,R6
   \   0001A6   6027         JZ      ??zmain_ext_addr_1
    230              {
    231                (void)osal_nv_write(ZCD_NV_EXTADDR, 0, Z_EXTADDR_LEN, aExtendedAddress);
   \   0001A8                ; Setup parameters for call to function osal_nv_write
   \   0001A8   75....       MOV     ?V0 + 0,#aExtendedAddress & 0xff
   \   0001AB   75....       MOV     ?V0 + 1,#(aExtendedAddress >> 8) & 0xff
   \   0001AE   78..         MOV     R0,#?V0 + 0
   \   0001B0   12....       LCALL   ?PUSH_XSTACK_I_TWO
   \   0001B3   75..08       MOV     ?V0 + 0,#0x8
   \   0001B6   75..00       MOV     ?V0 + 1,#0x0
   \   0001B9   78..         MOV     R0,#?V0 + 0
   \   0001BB   12....       LCALL   ?PUSH_XSTACK_I_TWO
   \   0001BE   7C00         MOV     R4,#0x0
   \   0001C0   7D00         MOV     R5,#0x0
   \   0001C2   7A01         MOV     R2,#0x1
   \   0001C4   7B00         MOV     R3,#0x0
   \   0001C6   12....       LCALL   ??osal_nv_write?relay
   \   0001C9   7404         MOV     A,#0x4
   \   0001CB   12....       LCALL   ?DEALLOC_XSTACK8
   \   0001CE   E9           MOV     A,R1
    232              }
    233            }
    234          
    235            // Set the MAC PIB extended address according to results from above.
    236            (void)ZMacSetReq(MAC_EXTENDED_ADDRESS, aExtendedAddress);
   \                     ??zmain_ext_addr_1:
   \   0001CF                ; Setup parameters for call to function ZMacSetReq
   \   0001CF   7A..         MOV     R2,#aExtendedAddress & 0xff
   \   0001D1   7B..         MOV     R3,#(aExtendedAddress >> 8) & 0xff
   \   0001D3   79E2         MOV     R1,#-0x1e
   \   0001D5   12....       LCALL   ??ZMacSetReq?relay
   \   0001D8   E9           MOV     A,R1
    237          }
   \   0001D9   7408         MOV     A,#0x8
   \   0001DB   12....       LCALL   ?DEALLOC_XSTACK8
   \   0001DE   7F03         MOV     R7,#0x3
   \   0001E0   02....       LJMP    ?BANKED_LEAVE_XDATA
    238          
    239          #if defined ZCL_KEY_ESTABLISH
    240          /**************************************************************************************************
    241           * @fn          zmain_cert_init
    242           *
    243           * @brief       Initialize the Certicom certificate information.
    244           *
    245           * input parameters
    246           *
    247           * None.
    248           *
    249           * output parameters
    250           *
    251           * None.
    252           *
    253           * @return      None.
    254           **************************************************************************************************
    255           */
    256          static void zmain_cert_init(void)
    257          {
    258            uint8 certData[ZCL_KE_IMPLICIT_CERTIFICATE_LEN];
    259            uint8 nullData[ZCL_KE_IMPLICIT_CERTIFICATE_LEN] = {
    260              0xFF, 0xFF, 0xFF, 0xFF, 0xFF, 0xFF, 0xFF, 0xFF,
    261              0xFF, 0xFF, 0xFF, 0xFF, 0xFF, 0xFF, 0xFF, 0xFF,
    262              0xFF, 0xFF, 0xFF, 0xFF, 0xFF, 0xFF, 0xFF, 0xFF,
    263              0xFF, 0xFF, 0xFF, 0xFF, 0xFF, 0xFF, 0xFF, 0xFF,
    264              0xFF, 0xFF, 0xFF, 0xFF, 0xFF, 0xFF, 0xFF, 0xFF,
    265              0xFF, 0xFF, 0xFF, 0xFF, 0xFF, 0xFF, 0xFF, 0xFF
    266            };
    267          
    268            (void)osal_nv_item_init(ZCD_NV_IMPLICIT_CERTIFICATE, ZCL_KE_IMPLICIT_CERTIFICATE_LEN, NULL);
    269            (void)osal_nv_item_init(ZCD_NV_DEVICE_PRIVATE_KEY, ZCL_KE_DEVICE_PRIVATE_KEY_LEN, NULL);
    270          
    271            // First check whether non-null certificate data exists in the OSAL NV. To save on code space,
    272            // just use the ZCD_NV_CA_PUBLIC_KEY as the bellwether for all three.
    273            if ((SUCCESS != osal_nv_item_init(ZCD_NV_CA_PUBLIC_KEY, ZCL_KE_CA_PUBLIC_KEY_LEN, NULL))    ||
    274                (SUCCESS != osal_nv_read(ZCD_NV_CA_PUBLIC_KEY, 0, ZCL_KE_CA_PUBLIC_KEY_LEN, certData))  ||
    275                (osal_memcmp(certData, nullData, ZCL_KE_CA_PUBLIC_KEY_LEN)))
    276            {
    277              // Attempt to read the certificate data from its corresponding location on the lock bits page.
    278              HalFlashRead(HAL_FLASH_IEEE_PAGE, HAL_FLASH_CA_PUBLIC_KEY_OSET, certData,
    279                                                   ZCL_KE_CA_PUBLIC_KEY_LEN);
    280              // If the certificate data is not NULL, use it to update the corresponding NV items.
    281              if (!osal_memcmp(certData, nullData, ZCL_KE_CA_PUBLIC_KEY_LEN))
    282              {
    283                (void)osal_nv_write(ZCD_NV_CA_PUBLIC_KEY, 0, ZCL_KE_CA_PUBLIC_KEY_LEN, certData);
    284                HalFlashRead(HAL_FLASH_IEEE_PAGE, HAL_FLASH_IMPLICIT_CERT_OSET, certData,
    285                                                     ZCL_KE_IMPLICIT_CERTIFICATE_LEN);
    286                (void)osal_nv_write(ZCD_NV_IMPLICIT_CERTIFICATE, 0,
    287                                    ZCL_KE_IMPLICIT_CERTIFICATE_LEN, certData);
    288                HalFlashRead(HAL_FLASH_IEEE_PAGE, HAL_FLASH_DEV_PRIVATE_KEY_OSET, certData,
    289                                                  ZCL_KE_DEVICE_PRIVATE_KEY_LEN);
    290                (void)osal_nv_write(ZCD_NV_DEVICE_PRIVATE_KEY, 0, ZCL_KE_DEVICE_PRIVATE_KEY_LEN, certData);
    291              }
    292            }
    293          }
    294          #endif
    295          
    296          /**************************************************************************************************
    297           * @fn          zmain_dev_info
    298           *
    299           * @brief       This displays the IEEE (MSB to LSB) on the LCD.
    300           *
    301           * input parameters
    302           *
    303           * None.
    304           *
    305           * output parameters
    306           *
    307           * None.
    308           *
    309           * @return      None.
    310           **************************************************************************************************
    311           */

   \                                 In  segment BANKED_CODE, align 1, keep-with-next
    312          static void zmain_dev_info(void)
   \                     zmain_dev_info:
    313          {
   \   000000   74F2         MOV     A,#-0xe
   \   000002   12....       LCALL   ?BANKED_ENTER_XDATA
   \   000005                ; Saved register size: 14
   \   000005                ; Auto size: 17
   \   000005   74EF         MOV     A,#-0x11
   \   000007   12....       LCALL   ?ALLOC_XSTACK8
    314          #if (LCD_SUPPORTED || HAL_UART_TEST)
    315            uint8 i;
    316            uint8 *xad;
    317            uint8 lcd_buf[Z_EXTADDR_LEN*2+1];
    318          
    319            // Display the extended address.
    320            xad = aExtendedAddress + Z_EXTADDR_LEN - 1;
   \   00000A   7E..         MOV     R6,#(aExtendedAddress + 7) & 0xff
   \   00000C   7F..         MOV     R7,#((aExtendedAddress + 7) >> 8) & 0xff
    321          
    322            for (i = 0; i < Z_EXTADDR_LEN*2; xad--)
   \   00000E   75..00       MOV     ?V0 + 1,#0x0
   \                     ??zmain_dev_info_0:
   \   000011   E5..         MOV     A,?V0 + 1
   \   000013   C3           CLR     C
   \   000014   9410         SUBB    A,#0x10
   \   000016   4003         JC      $+5
   \   000018   02....       LJMP    ??zmain_dev_info_1 & 0xFFFF
    323            {
    324              uint8 ch;
    325              ch = (*xad >> 4) & 0x0F;
   \   00001B   8E82         MOV     DPL,R6
   \   00001D   8F83         MOV     DPH,R7
   \   00001F   E0           MOVX    A,@DPTR
   \   000020   C4           SWAP    A
   \   000021   540F         ANL     A,#0xf
   \   000023   FA           MOV     R2,A
    326              lcd_buf[i++] = ch + (( ch < 10 ) ? '0' : '7');
   \   000024   85....       MOV     ?V0 + 0,?V0 + 1
   \   000027   7401         MOV     A,#0x1
   \   000029   25..         ADD     A,?V0 + 0
   \   00002B   F5..         MOV     ?V0 + 1,A
   \   00002D   EA           MOV     A,R2
   \   00002E   C3           CLR     C
   \   00002F   940A         SUBB    A,#0xa
   \   000031   5006         JNC     ??zmain_dev_info_2
   \   000033   7830         MOV     R0,#0x30
   \   000035   7900         MOV     R1,#0x0
   \   000037   8004         SJMP    ??zmain_dev_info_3
   \                     ??zmain_dev_info_2:
   \   000039   7837         MOV     R0,#0x37
   \   00003B   7900         MOV     R1,#0x0
   \                     ??zmain_dev_info_3:
   \   00003D   E8           MOV     A,R0
   \   00003E   2A           ADD     A,R2
   \   00003F   C0E0         PUSH    A
   \   000041   85....       MOV     ?V0 + 2,?V0 + 0
   \   000044   75..00       MOV     ?V0 + 3,#0x0
   \   000047   85..82       MOV     DPL,?XSP + 0
   \   00004A   85..83       MOV     DPH,?XSP + 1
   \   00004D   E582         MOV     A,DPL
   \   00004F   25..         ADD     A,?V0 + 2
   \   000051   F582         MOV     DPL,A
   \   000053   E583         MOV     A,DPH
   \   000055   35..         ADDC    A,?V0 + 3
   \   000057   F583         MOV     DPH,A
   \   000059   D0E0         POP     A
   \   00005B   F0           MOVX    @DPTR,A
    327              ch = *xad & 0x0F;
   \   00005C   8E82         MOV     DPL,R6
   \   00005E   8F83         MOV     DPH,R7
   \   000060   E0           MOVX    A,@DPTR
   \   000061   540F         ANL     A,#0xf
   \   000063   FA           MOV     R2,A
    328              lcd_buf[i++] = ch + (( ch < 10 ) ? '0' : '7');
   \   000064   85....       MOV     ?V0 + 2,?V0 + 1
   \   000067   7401         MOV     A,#0x1
   \   000069   25..         ADD     A,?V0 + 2
   \   00006B   F5..         MOV     ?V0 + 1,A
   \   00006D   EA           MOV     A,R2
   \   00006E   C3           CLR     C
   \   00006F   940A         SUBB    A,#0xa
   \   000071   5006         JNC     ??zmain_dev_info_4
   \   000073   7830         MOV     R0,#0x30
   \   000075   7900         MOV     R1,#0x0
   \   000077   8004         SJMP    ??zmain_dev_info_5
   \                     ??zmain_dev_info_4:
   \   000079   7837         MOV     R0,#0x37
   \   00007B   7900         MOV     R1,#0x0
   \                     ??zmain_dev_info_5:
   \   00007D   E8           MOV     A,R0
   \   00007E   2A           ADD     A,R2
   \   00007F   C0E0         PUSH    A
   \   000081   85....       MOV     ?V0 + 4,?V0 + 2
   \   000084   75..00       MOV     ?V0 + 5,#0x0
   \   000087   85..82       MOV     DPL,?XSP + 0
   \   00008A   85..83       MOV     DPH,?XSP + 1
   \   00008D   E582         MOV     A,DPL
   \   00008F   25..         ADD     A,?V0 + 4
   \   000091   F582         MOV     DPL,A
   \   000093   E583         MOV     A,DPH
   \   000095   35..         ADDC    A,?V0 + 5
   \   000097   F583         MOV     DPH,A
   \   000099   D0E0         POP     A
   \   00009B   F0           MOVX    @DPTR,A
    329            }
   \   00009C   EE           MOV     A,R6
   \   00009D   24FF         ADD     A,#-0x1
   \   00009F   F8           MOV     R0,A
   \   0000A0   EF           MOV     A,R7
   \   0000A1   34FF         ADDC    A,#-0x1
   \   0000A3   F9           MOV     R1,A
   \   0000A4   E8           MOV     A,R0
   \   0000A5   FE           MOV     R6,A
   \   0000A6   E9           MOV     A,R1
   \   0000A7   FF           MOV     R7,A
   \   0000A8   02....       LJMP    ??zmain_dev_info_0 & 0xFFFF
    330            lcd_buf[Z_EXTADDR_LEN*2] = '\0';
   \                     ??zmain_dev_info_1:
   \   0000AB   7410         MOV     A,#0x10
   \   0000AD   12....       LCALL   ?XSTACK_DISP0_8
   \   0000B0   7400         MOV     A,#0x0
   \   0000B2   F0           MOVX    @DPTR,A
    331          #ifdef LCD_SUPPORTED 
    332            HalLcdWriteString( "Yokeso", HAL_LCD_LINE_1 );
    333            HalLcdWriteString( (char*)lcd_buf, HAL_LCD_LINE_2 );
    334          #endif // LCD_SUPPORTED
    335          
    336          #ifdef HAL_UART_TEST 
    337            HalUARTWrite(HAL_UART_PORT_0, "IEEE: ", strlen("IEEE: "));
   \   0000B3                ; Setup parameters for call to function HalUARTWrite
   \   0000B3   7C06         MOV     R4,#0x6
   \   0000B5   7D00         MOV     R5,#0x0
   \   0000B7   7A..         MOV     R2,#`?<Constant "IEEE: ">` & 0xff
   \   0000B9   7B..         MOV     R3,#(`?<Constant "IEEE: ">` >> 8) & 0xff
   \   0000BB   7900         MOV     R1,#0x0
   \   0000BD   12....       LCALL   ??HalUARTWrite?relay
    338            HalUARTWrite(HAL_UART_PORT_0, lcd_buf, (Z_EXTADDR_LEN*2));
   \   0000C0                ; Setup parameters for call to function HalUARTWrite
   \   0000C0   7C10         MOV     R4,#0x10
   \   0000C2   7D00         MOV     R5,#0x0
   \   0000C4   85..82       MOV     DPL,?XSP + 0
   \   0000C7   85..83       MOV     DPH,?XSP + 1
   \   0000CA   AA82         MOV     R2,DPL
   \   0000CC   AB83         MOV     R3,DPH
   \   0000CE   7900         MOV     R1,#0x0
   \   0000D0   12....       LCALL   ??HalUARTWrite?relay
    339            HalUARTWrite(HAL_UART_PORT_0, "\n", strlen("\n"));
   \   0000D3                ; Setup parameters for call to function HalUARTWrite
   \   0000D3   7C01         MOV     R4,#0x1
   \   0000D5   7D00         MOV     R5,#0x0
   \   0000D7   7A..         MOV     R2,#`?<Constant "\\n">` & 0xff
   \   0000D9   7B..         MOV     R3,#(`?<Constant "\\n">` >> 8) & 0xff
   \   0000DB   7900         MOV     R1,#0x0
   \   0000DD   12....       LCALL   ??HalUARTWrite?relay
    340          #endif // HAL_UART  
    341            
    342          #endif // LCD_SUPPORTED || HAL_UART_TEST
    343          }
   \   0000E0   7411         MOV     A,#0x11
   \   0000E2   12....       LCALL   ?DEALLOC_XSTACK8
   \   0000E5   7F06         MOV     R7,#0x6
   \   0000E7   02....       LJMP    ?BANKED_LEAVE_XDATA

   \                                 In  segment BANK_RELAYS, align 1
   \                     ??main?relay:
   \   000000   12....       LCALL   ?BDISPATCH
   \   000003   ......       DC24    main

   \                                 In  segment BANK_RELAYS, align 1
   \                     ??zmain_vdd_check?relay:
   \   000000   12....       LCALL   ?BDISPATCH
   \   000003   ......       DC24    zmain_vdd_check

   \                                 In  segment BANK_RELAYS, align 1
   \                     ??zmain_ext_addr?relay:
   \   000000   12....       LCALL   ?BDISPATCH
   \   000003   ......       DC24    zmain_ext_addr

   \                                 In  segment BANK_RELAYS, align 1
   \                     ??zmain_dev_info?relay:
   \   000000   12....       LCALL   ?BDISPATCH
   \   000003   ......       DC24    zmain_dev_info

   \                                 In  segment XDATA_ROM_C, align 1
   \                     `?<Constant {255, 255, 255, 255, 255, 255, 255,`:
   \   000000   FF           DB 255
   \   000001   FF           DB 255
   \   000002   FF           DB 255
   \   000003   FF           DB 255
   \   000004   FF           DB 255
   \   000005   FF           DB 255
   \   000006   FF           DB 255
   \   000007   FF           DB 255

   \                                 In  segment XDATA_ROM_C, align 1
   \                     `?<Constant "IEEE: ">`:
   \   000000   49454545     DB "IEEE: "
   \            3A2000  

   \                                 In  segment XDATA_ROM_C, align 1
   \                     `?<Constant "\\n">`:
   \   000000   0A00         DB "\012"
    344          
    345          #ifdef LCD_SUPPORTED
    346          /*********************************************************************
    347           * @fn      zmain_lcd_init
    348           * @brief   Initialize LCD at start up.
    349           * @return  none
    350           *********************************************************************/
    351          static void zmain_lcd_init ( void )
    352          {
    353          #ifdef SERIAL_DEBUG_SUPPORTED
    354            {
    355              HalLcdWriteString( "TexasInstruments", HAL_LCD_LINE_1 );
    356          
    357          #if defined( MT_MAC_FUNC )
    358          #if defined( ZDO_COORDINATOR )
    359                HalLcdWriteString( "MAC-MT Coord", HAL_LCD_LINE_2 );
    360          #else
    361                HalLcdWriteString( "MAC-MT Device", HAL_LCD_LINE_2 );
    362          #endif // ZDO
    363          #elif defined( MT_NWK_FUNC )
    364          #if defined( ZDO_COORDINATOR )
    365                HalLcdWriteString( "NWK Coordinator", HAL_LCD_LINE_2 );
    366          #else
    367                HalLcdWriteString( "NWK Device", HAL_LCD_LINE_2 );
    368          #endif // ZDO
    369          #endif // MT_FUNC
    370            }
    371          #endif // SERIAL_DEBUG_SUPPORTED
    372          }
    373          #endif
    374          
    375          /*********************************************************************
    376          *********************************************************************/

   Maximum stack usage in bytes:

     Function               ISTACK PSTACK XSTACK
     --------               ------ ------ ------
     main                       0      0      0
       -> osal_int_disable      0      0      0
       -> zmain_vdd_check       0      0      0
       -> InitBoard             0      0      0
       -> HalDriverInit         0      0      0
       -> osal_nv_init          0      0      0
       -> ZMacInit              0      0      0
       -> zmain_ext_addr        0      0      0
       -> zgInit                0      0      0
       -> osal_init_system      0      0      0
       -> osal_int_enable       0      0      0
       -> InitBoard             0      0      0
       -> zmain_dev_info        0      0      0
       -> osal_start_system     0      0      0
     zmain_dev_info             1      0     31
       -> HalUARTWrite          0      0     62
       -> HalUARTWrite          0      0     62
       -> HalUARTWrite          0      0     62
     zmain_ext_addr             2      0     23
       -> osal_nv_item_init     0      0     42
       -> osal_nv_read          0      0     46
       -> osal_memcmp           0      0     44
       -> HalFlashRead          0      0     42
       -> osal_memcmp           0      0     44
       -> osal_memcmp           0      0     44
       -> osal_memcpy           0      0     44
       -> osal_rand             0      0     38
       -> osal_nv_write         0      0     46
       -> ZMacSetReq            0      0     38
     zmain_vdd_check            0      0      9
       -> HalAdcCheckVdd        0      0     18


   Segment part sizes:

     Function/Label                                 Bytes
     --------------                                 -----
     SLEEPSTA                                          1
     CLKCONSTA                                         1
     SLEEPCMD                                          1
     CLKCONCMD                                         1
     P0DIR                                             1
     P1DIR                                             1
     main                                            119
     zmain_vdd_check                                  29
     zmain_ext_addr                                  483
     zmain_dev_info                                  234
     ??main?relay                                      6
     ??zmain_vdd_check?relay                           6
     ??zmain_ext_addr?relay                            6
     ??zmain_dev_info?relay                            6
     ?<Constant {255, 255, 255, 255, 255, 255, 255,    8
     ?<Constant "IEEE: ">                              7
     ?<Constant "\n">                                  2

 
 865 bytes in segment BANKED_CODE
  24 bytes in segment BANK_RELAYS
   6 bytes in segment SFR_AN
  17 bytes in segment XDATA_ROM_C
 
 889 bytes of CODE  memory
  17 bytes of CONST memory
   0 bytes of DATA  memory (+ 6 bytes shared)

Errors: none
Warnings: none
