###############################################################################
#                                                                             #
# IAR C/C++ Compiler V8.10.1.10194/W32 for 8051         06/May/2021  15:31:36 #
# Copyright 2004-2011 IAR Systems AB.                                         #
#                                                                             #
#    Core               =  plain                                              #
#    Code model         =  banked                                             #
#    Data model         =  large                                              #
#    Calling convention =  xdata reentrant                                    #
#    Constant location  =  data_rom                                           #
#    Dptr setup         =  1,16                                               #
#    Source file        =  D:\毕设\CC2530-smart_home\Components\hal\target\CC #
#                          2530SB\hal_soundvibration.c                        #
#    Command line       =  -f D:\毕设\CC2530-smart_home\Projects\zstack\Utili #
#                          ties\Smart_home\CC2530DB\..\..\..\Tools\CC2530DB\f #
#                          8wEndev.cfg (-DCPU32MHZ -DROOT=__near_func         #
#                          -DMAC_CFG_TX_DATA_MAX=3 -DMAC_CFG_TX_MAX=6         #
#                          -DMAC_CFG_RX_MAX=3) -f D:\毕设\CC2530-smart_home\P #
#                          rojects\zstack\Utilities\Smart_home\CC2530DB\..\.. #
#                          \..\Tools\CC2530DB\f8wConfig.cfg (-DZIGBEEPRO      #
#                          -DSECURE=0 -DZG_SECURE_DYNAMIC=0 -DREFLECTOR       #
#                          -DDEFAULT_CHANLIST=0x02000000                      #
#                          -DZDAPP_CONFIG_PAN_ID=0x1003                       #
#                          -DNWK_START_DELAY=100 -DEXTENDED_JOINING_RANDOM_MA #
#                          SK=0x007F -DBEACON_REQUEST_DELAY=100               #
#                          -DBEACON_REQ_DELAY_MASK=0x00FF                     #
#                          -DLINK_STATUS_JITTER_MASK=0x007F                   #
#                          -DROUTE_EXPIRY_TIME=30 -DAPSC_ACK_WAIT_DURATION_PO #
#                          LLED=3000 -DNWK_INDIRECT_MSG_TIMEOUT=7             #
#                          -DMAX_RREQ_ENTRIES=8 -DAPSC_MAX_FRAME_RETRIES=3    #
#                          -DNWK_MAX_DATA_RETRIES=2                           #
#                          -DMAX_POLL_FAILURE_RETRIES=2 -DMAX_BCAST=9         #
#                          -DAPS_MAX_GROUPS=16 -DMAX_RTG_ENTRIES=40           #
#                          -DNWK_MAX_BINDING_ENTRIES=4                        #
#                          -DMAX_BINDING_CLUSTER_IDS=4 "-DDEFAULT_KEY={0x01,  #
#                          0x03, 0x05, 0x07, 0x09, 0x0B, 0x0D, 0x0F, 0x00,    #
#                          0x02, 0x04, 0x06, 0x08, 0x0A, 0x0C, 0x0D}"         #
#                          -DMAC_MAX_FRAME_SIZE=116                           #
#                          -DZDNWKMGR_MIN_TRANSMISSIONS=20 "-DCONST=const     #
#                          __code" -DGENERIC=__generic                        #
#                          -DRFD_RCVC_ALWAYS_ON=FALSE -DPOLL_RATE=1000        #
#                          -DQUEUED_POLL_RATE=100 -DRESPONSE_POLL_RATE=100)   #
#                          -DREJOIN_POLL_RATE=440 D:\毕设\CC2530-smart_home\C #
#                          omponents\hal\target\CC2530SB\hal_soundvibration.c #
#                           -D HAL_UART=TRUE -D HAL_UART_TEST -D              #
#                          xPOWER_SAVING -D xREFLECTOR -lC                    #
#                          D:\毕设\CC2530-smart_home\Projects\zstack\Utilitie #
#                          s\Smart_home\CC2530DB\EndDeviceSBD203\List\ -lA    #
#                          D:\毕设\CC2530-smart_home\Projects\zstack\Utilitie #
#                          s\Smart_home\CC2530DB\EndDeviceSBD203\List\        #
#                          --diag_suppress Pe001,Pa010 -o                     #
#                          D:\毕设\CC2530-smart_home\Projects\zstack\Utilitie #
#                          s\Smart_home\CC2530DB\EndDeviceSBD203\Obj\ -e      #
#                          --no_code_motion --debug --core=plain --dptr=16,1  #
#                          --data_model=large --code_model=banked             #
#                          --calling_convention=xdata_reentrant               #
#                          --place_constants=data_rom --nr_virtual_regs 16    #
#                          -I D:\毕设\CC2530-smart_home\Projects\zstack\Utili #
#                          ties\Smart_home\CC2530DB\ -I                       #
#                          D:\毕设\CC2530-smart_home\Projects\zstack\Utilitie #
#                          s\Smart_home\CC2530DB\..\Source\ -I                #
#                          D:\毕设\CC2530-smart_home\Projects\zstack\Utilitie #
#                          s\Smart_home\CC2530DB\..\..\..\ZMain\TI2530DB\ -I  #
#                          D:\毕设\CC2530-smart_home\Projects\zstack\Utilitie #
#                          s\Smart_home\CC2530DB\..\..\..\..\..\Components\ha #
#                          l\include\ -I D:\毕设\CC2530-smart_home\Projects\z #
#                          stack\Utilities\Smart_home\CC2530DB\..\..\..\..\.. #
#                          \Components\hal\target\CC2530SB\ -I                #
#                          D:\毕设\CC2530-smart_home\Projects\zstack\Utilitie #
#                          s\Smart_home\CC2530DB\..\..\..\..\..\Components\ma #
#                          c\include\ -I D:\毕设\CC2530-smart_home\Projects\z #
#                          stack\Utilities\Smart_home\CC2530DB\..\..\..\..\.. #
#                          \Components\mac\high_level\ -I                     #
#                          D:\毕设\CC2530-smart_home\Projects\zstack\Utilitie #
#                          s\Smart_home\CC2530DB\..\..\..\..\..\Components\ma #
#                          c\low_level\srf04\ -I D:\毕设\CC2530-smart_home\Pr #
#                          ojects\zstack\Utilities\Smart_home\CC2530DB\..\..\ #
#                          ..\..\..\Components\mac\low_level\srf04\single_chi #
#                          p\ -I D:\毕设\CC2530-smart_home\Projects\zstack\Ut #
#                          ilities\Smart_home\CC2530DB\..\..\..\..\..\Compone #
#                          nts\mt\ -I D:\毕设\CC2530-smart_home\Projects\zsta #
#                          ck\Utilities\Smart_home\CC2530DB\..\..\..\..\..\Co #
#                          mponents\osal\include\ -I                          #
#                          D:\毕设\CC2530-smart_home\Projects\zstack\Utilitie #
#                          s\Smart_home\CC2530DB\..\..\..\..\..\Components\se #
#                          rvices\saddr\ -I D:\毕设\CC2530-smart_home\Project #
#                          s\zstack\Utilities\Smart_home\CC2530DB\..\..\..\.. #
#                          \..\Components\services\sdata\ -I                  #
#                          D:\毕设\CC2530-smart_home\Projects\zstack\Utilitie #
#                          s\Smart_home\CC2530DB\..\..\..\..\..\Components\st #
#                          ack\af\ -I D:\毕设\CC2530-smart_home\Projects\zsta #
#                          ck\Utilities\Smart_home\CC2530DB\..\..\..\..\..\Co #
#                          mponents\stack\nwk\ -I D:\毕设\CC2530-smart_home\P #
#                          rojects\zstack\Utilities\Smart_home\CC2530DB\..\.. #
#                          \..\..\..\Components\stack\sapi\ -I                #
#                          D:\毕设\CC2530-smart_home\Projects\zstack\Utilitie #
#                          s\Smart_home\CC2530DB\..\..\..\..\..\Components\st #
#                          ack\sec\ -I D:\毕设\CC2530-smart_home\Projects\zst #
#                          ack\Utilities\Smart_home\CC2530DB\..\..\..\..\..\C #
#                          omponents\stack\sys\ -I D:\毕设\CC2530-smart_home\ #
#                          Projects\zstack\Utilities\Smart_home\CC2530DB\..\. #
#                          .\..\..\..\Components\stack\zdo\ -I                #
#                          D:\毕设\CC2530-smart_home\Projects\zstack\Utilitie #
#                          s\Smart_home\CC2530DB\..\..\..\..\..\Components\zm #
#                          ac\ -I D:\毕设\CC2530-smart_home\Projects\zstack\U #
#                          tilities\Smart_home\CC2530DB\..\..\..\..\..\Compon #
#                          ents\zmac\f8w\ -Ohz                                #
#    List file          =  D:\毕设\CC2530-smart_home\Projects\zstack\Utilitie #
#                          s\Smart_home\CC2530DB\EndDeviceSBD203\List\hal_sou #
#                          ndvibration.lst                                    #
#    Object file        =  D:\毕设\CC2530-smart_home\Projects\zstack\Utilitie #
#                          s\Smart_home\CC2530DB\EndDeviceSBD203\Obj\hal_soun #
#                          dvibration.r51                                     #
#                                                                             #
#                                                                             #
###############################################################################

D:\毕设\CC2530-smart_home\Components\hal\target\CC2530SB\hal_soundvibration.c
      1          //*****************************************************************************/
      2          //
      3          // 文 件 名：hal_soundvibration.c
      4          //
      5          // 作    者：yizedxl
      6          //
      7          // 创建时间：2013.10
      8          //
      9          // 修改时间：2013.11.26
     10          //
     11          // IAR 版本：IAR for 8051 V8.10.1
     12          //
     13          // 测试平台：Sensor Battery MotherBoard V2.0
     14          //
     15          // 说    明：声音振动检测模块，振动模块连接的是P1_1，声音模块连接的是P1_2。
     16          //           两个模块均是在IO检测到低电平时表示有声音或者是振动出现。
     17          //
     18          //*****************************************************************************/
     19          
     20          #include <iocc2530.h>

   \                                 In  segment SFR_AN, at 0x90
   \   union <unnamed> volatile __sfr _A_P1
   \                     _A_P1:
   \   000000                DS 1

   \                                 In  segment SFR_AN, at 0xfe
   \   unsigned char volatile __sfr P1DIR
   \                     P1DIR:
   \   000000                DS 1
     21          #include "hal_defs.h"
     22          #include "hal_types.h"
     23          
     24          //*****************************************************************************/
     25          //
     26          //函数名：HalSoundVbInit
     27          //
     28          //功  能：声音震动模块IO初始化
     29          //
     30          //参  数：无
     31          //
     32          //返回值：无
     33          //
     34          //*****************************************************************************/

   \                                 In  segment BANKED_CODE, align 1, keep-with-next
     35          void HalSoundVbInit()
   \                     HalSoundVbInit:
     36          {
   \   000000                ; Saved register size: 0
   \   000000                ; Auto size: 0
     37              P1DIR &= ~(BV(1) + BV(2));
   \   000000   53FEF9       ANL     0xfe,#0xf9
     38          }
   \   000003   02....       LJMP    ?BRET
   \   000006                REQUIRE P1DIR
     39          
     40          //*****************************************************************************/
     41          //
     42          //函数名：HalSoundCheck
     43          //
     44          //功  能：检测连接声音模块的IO电平
     45          //
     46          //参  数：无
     47          //
     48          //返回值：0-没有声音；
     49          //        1-有声音；
     50          //
     51          //*****************************************************************************/

   \                                 In  segment BANKED_CODE, align 1, keep-with-next
     52          uint8 HalSoundCheck()
   \                     HalSoundCheck:
     53          {
   \   000000                ; Saved register size: 0
   \   000000                ; Auto size: 0
     54              if (P1_2)
   \   000000   A292         MOV     C,0x90.2
   \   000002   5004         JNC     ??HalSoundCheck_0
     55              {
     56                  return 0;
   \   000004   7900         MOV     R1,#0x0
   \   000006   8002         SJMP    ??HalSoundCheck_1
     57              }
     58              else 
     59              {
     60                  return 1;
   \                     ??HalSoundCheck_0:
   \   000008   7901         MOV     R1,#0x1
   \                     ??HalSoundCheck_1:
   \   00000A   02....       LJMP    ?BRET
   \   00000D                REQUIRE _A_P1
     61              }
     62          }
     63          
     64          //*****************************************************************************/
     65          //
     66          //函数名：HalVibrationCheck
     67          //
     68          //功  能：检测连接振动模块的IO电平
     69          //
     70          //参  数：无
     71          //
     72          //返回值：0-没有振动
     73          //        1-有振动
     74          //
     75          //*****************************************************************************/

   \                                 In  segment BANKED_CODE, align 1, keep-with-next
     76          uint8 HalVibrationCheck()
   \                     HalVibrationCheck:
     77          {
   \   000000                ; Saved register size: 0
   \   000000                ; Auto size: 0
     78              if (P1_1)
   \   000000   A291         MOV     C,0x90.1
   \   000002   5004         JNC     ??HalVibrationCheck_0
     79              {
     80                  return 0;
   \   000004   7900         MOV     R1,#0x0
   \   000006   8002         SJMP    ??HalVibrationCheck_1
     81              }
     82              else 
     83              {
     84                  return 1;
   \                     ??HalVibrationCheck_0:
   \   000008   7901         MOV     R1,#0x1
   \                     ??HalVibrationCheck_1:
   \   00000A   02....       LJMP    ?BRET
   \   00000D                REQUIRE _A_P1
     85              }
     86          }

   \                                 In  segment BANK_RELAYS, align 1
   \                     ??HalSoundVbInit?relay:
   \   000000   12....       LCALL   ?BDISPATCH
   \   000003   ......       DC24    HalSoundVbInit

   \                                 In  segment BANK_RELAYS, align 1
   \                     ??HalSoundCheck?relay:
   \   000000   12....       LCALL   ?BDISPATCH
   \   000003   ......       DC24    HalSoundCheck

   \                                 In  segment BANK_RELAYS, align 1
   \                     ??HalVibrationCheck?relay:
   \   000000   12....       LCALL   ?BDISPATCH
   \   000003   ......       DC24    HalVibrationCheck

   Maximum stack usage in bytes:

     Function          ISTACK PSTACK XSTACK
     --------          ------ ------ ------
     HalSoundCheck         0      0      0
     HalSoundVbInit        0      0      0
     HalVibrationCheck     0      0      0


   Segment part sizes:

     Function/Label            Bytes
     --------------            -----
     _A_P1                        1
     P1DIR                        1
     HalSoundVbInit               6
     HalSoundCheck               13
     HalVibrationCheck           13
     ??HalSoundVbInit?relay       6
     ??HalSoundCheck?relay        6
     ??HalVibrationCheck?relay    6

 
 32 bytes in segment BANKED_CODE
 18 bytes in segment BANK_RELAYS
  2 bytes in segment SFR_AN
 
 50 bytes of CODE memory
  0 bytes of DATA memory (+ 2 bytes shared)

Errors: none
Warnings: none
