###############################################################################
#                                                                             #
# IAR C/C++ Compiler V8.10.1.10194/W32 for 8051         25/Mar/2021  01:51:26 #
# Copyright 2004-2011 IAR Systems AB.                                         #
#                                                                             #
#    Core               =  plain                                              #
#    Code model         =  banked                                             #
#    Data model         =  large                                              #
#    Calling convention =  xdata reentrant                                    #
#    Constant location  =  data_rom                                           #
#    Dptr setup         =  1,16                                               #
#    Source file        =  D:\毕设\CC2530-smart_home\Projects\zstack\Utilitie #
#                          s\Smart_home\Source\Smart_homeSound.c              #
#    Command line       =  -f D:\毕设\CC2530-smart_home\Projects\zstack\Utili #
#                          ties\Smart_home\CC2530DB\..\..\..\Tools\CC2530DB\f #
#                          8wEndev.cfg (-DCPU32MHZ -DROOT=__near_func         #
#                          -DMAC_CFG_TX_DATA_MAX=3 -DMAC_CFG_TX_MAX=6         #
#                          -DMAC_CFG_RX_MAX=3) -f D:\毕设\CC2530-smart_home\P #
#                          rojects\zstack\Utilities\Smart_home\CC2530DB\..\.. #
#                          \..\Tools\CC2530DB\f8wConfig.cfg (-DZIGBEEPRO      #
#                          -DSECURE=0 -DZG_SECURE_DYNAMIC=0 -DREFLECTOR       #
#                          -DDEFAULT_CHANLIST=0x02000000                      #
#                          -DZDAPP_CONFIG_PAN_ID=0x1001                       #
#                          -DNWK_START_DELAY=100 -DEXTENDED_JOINING_RANDOM_MA #
#                          SK=0x007F -DBEACON_REQUEST_DELAY=100               #
#                          -DBEACON_REQ_DELAY_MASK=0x00FF                     #
#                          -DLINK_STATUS_JITTER_MASK=0x007F                   #
#                          -DROUTE_EXPIRY_TIME=30 -DAPSC_ACK_WAIT_DURATION_PO #
#                          LLED=3000 -DNWK_INDIRECT_MSG_TIMEOUT=7             #
#                          -DMAX_RREQ_ENTRIES=8 -DAPSC_MAX_FRAME_RETRIES=3    #
#                          -DNWK_MAX_DATA_RETRIES=2                           #
#                          -DMAX_POLL_FAILURE_RETRIES=2 -DMAX_BCAST=9         #
#                          -DAPS_MAX_GROUPS=16 -DMAX_RTG_ENTRIES=40           #
#                          -DNWK_MAX_BINDING_ENTRIES=4                        #
#                          -DMAX_BINDING_CLUSTER_IDS=4 "-DDEFAULT_KEY={0x01,  #
#                          0x03, 0x05, 0x07, 0x09, 0x0B, 0x0D, 0x0F, 0x00,    #
#                          0x02, 0x04, 0x06, 0x08, 0x0A, 0x0C, 0x0D}"         #
#                          -DMAC_MAX_FRAME_SIZE=116                           #
#                          -DZDNWKMGR_MIN_TRANSMISSIONS=20 "-DCONST=const     #
#                          __code" -DGENERIC=__generic                        #
#                          -DRFD_RCVC_ALWAYS_ON=FALSE -DPOLL_RATE=1000        #
#                          -DQUEUED_POLL_RATE=100 -DRESPONSE_POLL_RATE=100)   #
#                          -DREJOIN_POLL_RATE=440 D:\毕设\CC2530-smart_home\P #
#                          rojects\zstack\Utilities\Smart_home\Source\Smart_h #
#                          omeSound.c -D HAL_UART=TRUE -D HAL_UART_TEST -D    #
#                          xPOWER_SAVING -lC D:\毕设\CC2530-smart_home\Projec #
#                          ts\zstack\Utilities\Smart_home\CC2530DB\EndDeviceS #
#                          BSoundVb\List\ -lA D:\毕设\CC2530-smart_home\Proje #
#                          cts\zstack\Utilities\Smart_home\CC2530DB\EndDevice #
#                          SBSoundVb\List\ --diag_suppress Pe001,Pa010 -o     #
#                          D:\毕设\CC2530-smart_home\Projects\zstack\Utilitie #
#                          s\Smart_home\CC2530DB\EndDeviceSBSoundVb\Obj\ -e   #
#                          --no_code_motion --debug --core=plain --dptr=16,1  #
#                          --data_model=large --code_model=banked             #
#                          --calling_convention=xdata_reentrant               #
#                          --place_constants=data_rom --nr_virtual_regs 16    #
#                          -I D:\毕设\CC2530-smart_home\Projects\zstack\Utili #
#                          ties\Smart_home\CC2530DB\ -I                       #
#                          D:\毕设\CC2530-smart_home\Projects\zstack\Utilitie #
#                          s\Smart_home\CC2530DB\..\Source\ -I                #
#                          D:\毕设\CC2530-smart_home\Projects\zstack\Utilitie #
#                          s\Smart_home\CC2530DB\..\..\..\ZMain\TI2530DB\ -I  #
#                          D:\毕设\CC2530-smart_home\Projects\zstack\Utilitie #
#                          s\Smart_home\CC2530DB\..\..\..\..\..\Components\ha #
#                          l\include\ -I D:\毕设\CC2530-smart_home\Projects\z #
#                          stack\Utilities\Smart_home\CC2530DB\..\..\..\..\.. #
#                          \Components\hal\target\CC2530SB\ -I                #
#                          D:\毕设\CC2530-smart_home\Projects\zstack\Utilitie #
#                          s\Smart_home\CC2530DB\..\..\..\..\..\Components\ma #
#                          c\include\ -I D:\毕设\CC2530-smart_home\Projects\z #
#                          stack\Utilities\Smart_home\CC2530DB\..\..\..\..\.. #
#                          \Components\mac\high_level\ -I                     #
#                          D:\毕设\CC2530-smart_home\Projects\zstack\Utilitie #
#                          s\Smart_home\CC2530DB\..\..\..\..\..\Components\ma #
#                          c\low_level\srf04\ -I D:\毕设\CC2530-smart_home\Pr #
#                          ojects\zstack\Utilities\Smart_home\CC2530DB\..\..\ #
#                          ..\..\..\Components\mac\low_level\srf04\single_chi #
#                          p\ -I D:\毕设\CC2530-smart_home\Projects\zstack\Ut #
#                          ilities\Smart_home\CC2530DB\..\..\..\..\..\Compone #
#                          nts\mt\ -I D:\毕设\CC2530-smart_home\Projects\zsta #
#                          ck\Utilities\Smart_home\CC2530DB\..\..\..\..\..\Co #
#                          mponents\osal\include\ -I                          #
#                          D:\毕设\CC2530-smart_home\Projects\zstack\Utilitie #
#                          s\Smart_home\CC2530DB\..\..\..\..\..\Components\se #
#                          rvices\saddr\ -I D:\毕设\CC2530-smart_home\Project #
#                          s\zstack\Utilities\Smart_home\CC2530DB\..\..\..\.. #
#                          \..\Components\services\sdata\ -I                  #
#                          D:\毕设\CC2530-smart_home\Projects\zstack\Utilitie #
#                          s\Smart_home\CC2530DB\..\..\..\..\..\Components\st #
#                          ack\af\ -I D:\毕设\CC2530-smart_home\Projects\zsta #
#                          ck\Utilities\Smart_home\CC2530DB\..\..\..\..\..\Co #
#                          mponents\stack\nwk\ -I D:\毕设\CC2530-smart_home\P #
#                          rojects\zstack\Utilities\Smart_home\CC2530DB\..\.. #
#                          \..\..\..\Components\stack\sapi\ -I                #
#                          D:\毕设\CC2530-smart_home\Projects\zstack\Utilitie #
#                          s\Smart_home\CC2530DB\..\..\..\..\..\Components\st #
#                          ack\sec\ -I D:\毕设\CC2530-smart_home\Projects\zst #
#                          ack\Utilities\Smart_home\CC2530DB\..\..\..\..\..\C #
#                          omponents\stack\sys\ -I D:\毕设\CC2530-smart_home\ #
#                          Projects\zstack\Utilities\Smart_home\CC2530DB\..\. #
#                          .\..\..\..\Components\stack\zdo\ -I                #
#                          D:\毕设\CC2530-smart_home\Projects\zstack\Utilitie #
#                          s\Smart_home\CC2530DB\..\..\..\..\..\Components\zm #
#                          ac\ -I D:\毕设\CC2530-smart_home\Projects\zstack\U #
#                          tilities\Smart_home\CC2530DB\..\..\..\..\..\Compon #
#                          ents\zmac\f8w\ -Ohz                                #
#    List file          =  D:\毕设\CC2530-smart_home\Projects\zstack\Utilitie #
#                          s\Smart_home\CC2530DB\EndDeviceSBSoundVb\List\Smar #
#                          t_homeSound.lst                                    #
#    Object file        =  D:\毕设\CC2530-smart_home\Projects\zstack\Utilitie #
#                          s\Smart_home\CC2530DB\EndDeviceSBSoundVb\Obj\Smart #
#                          _homeSound.r51                                     #
#                                                                             #
#                                                                             #
###############################################################################

D:\毕设\CC2530-smart_home\Projects\zstack\Utilities\Smart_home\Source\Smart_homeSound.c
      1          /*******************************************************************
      2            文件名：Smart_homeTempLight.c
      3            作 者： 柳成林
      4            功 能： 声音检测功能节点，实现对声音响度的检测，收集声音震动信
      5                    息并发送给传感器
      6            更新日志(2021)
      7            3.22
      8            + 新增 设置输入输出簇
      9                   Smart_home_HandleKeys()      //按键控制
     10                   Smart_home_ProcessMSGCmd();  //输入控制函数 
     11            + 修改 Smart_home_ProcessEvt()      //事件处理函数
     12                   Smart_home_Init()            //初始化函数
     13                   Smart_home_Send()            //信息发送函数
     14          
     15          
     16          使用事件 
     17               SMART_HOME_SEND_MSG_EVT(发送数据)
     18               SMART_HOME_MATCHRSP_EVT(描述符匹配)
     19             
     20          *********************************************************************/
     21          /*********************************************************************
     22           * INCLUDES
     23           */
     24          
     25          #include "AF.h"
     26          #include "OnBoard.h"
     27          #include "OSAL_Tasks.h"
     28          #include "Smart_home.h"
     29          #include "ZDApp.h"
     30          #include "ZDObject.h"
     31          #include "ZDProfile.h"
     32          
     33          #include "hal_drivers.h"
     34          #include "hal_key.h"
     35          
     36          #include "hal_led.h"
     37          #include "hal_uart.h"
     38          #include "hal_relay.h"
     39          
     40          /*********************************************************************
     41           * MACROS
     42           */
     43          //3.23  屏幕显示的小bug
     44          #define SMART_HOME_SEND_DELAY   500
     45          #define SMART_HOME_MATCH_DELAY  1000
     46          /*********************************************************************
     47           * CONSTANTS
     48           */
     49          
     50          #if !defined( SERIAL_APP_PORT )
     51          #define SERIAL_APP_PORT  0
     52          #endif
     53          
     54          #if !defined( SERIAL_APP_BAUD )
     55          #define SERIAL_APP_BAUD  HAL_UART_BR_38400
     56          //#define SERIAL_APP_BAUD  HAL_UART_BR_115200
     57          #endif
     58          
     59          // When the Rx buf space is less than this threshold, invoke the Rx callback.
     60          #if !defined( SERIAL_APP_THRESH )
     61          #define SERIAL_APP_THRESH  64
     62          #endif
     63          
     64          #if !defined( SERIAL_APP_RX_SZ )
     65          #define SERIAL_APP_RX_SZ  128
     66          #endif
     67          
     68          #if !defined( SERIAL_APP_TX_SZ )
     69          #define SERIAL_APP_TX_SZ  128
     70          #endif
     71          
     72          // Millisecs of idle time after a byte is received before invoking Rx callback.
     73          #if !defined( SERIAL_APP_IDLE )
     74          #define SERIAL_APP_IDLE  6
     75          #endif
     76          
     77          // Loopback Rx bytes to Tx for throughput testing.
     78          #if !defined( SERIAL_APP_LOOPBACK )
     79          #define SERIAL_APP_LOOPBACK  FALSE
     80          #endif
     81          
     82          // This is the max byte count per OTA message.
     83          #if !defined( SERIAL_APP_TX_MAX )
     84          #define SERIAL_APP_TX_MAX  80
     85          #endif
     86          
     87          #define SERIAL_APP_RSP_CNT  4
     88          
     89          //3.21 设置输入输出簇
     90          // This list should be filled with Application specific Cluster IDs.

   \                                 In  segment XDATA_ROM_C, align 1
     91          const cId_t Smart_home_ClusterList_IN[1] =
   \                     Smart_home_ClusterList_IN:
   \   000000   0600         DW 6
     92          {
     93            Smart_home_CLUSTERID_SOUNDVBMSG         //继电器接收的消息控制命令
     94          };
     95          

   \                                 In  segment XDATA_ROM_C, align 1
     96          const cId_t Smart_home_ClusterList_OUT[1] =
   \                     Smart_home_ClusterList_OUT:
   \   000000   0600         DW 6
     97          {
     98            Smart_home_CLUSTERID_SOUNDVBMSG         //继电器发送的状态信息
     99          };
    100          

   \                                 In  segment XDATA_ROM_C, align 1
    101          const SimpleDescriptionFormat_t Smart_home_SimpleDesc =
   \                     Smart_home_SimpleDesc:
   \   000000   01           DB 1
   \   000001   050F         DW 3845
   \   000003   0100         DW 1
   \   000005   00           DB 0
   \   000006   09           DB 9
   \   000007   ....         DW Smart_home_ClusterList_IN
   \   000009   03           DB 3
   \   00000A   ....         DW Smart_home_ClusterList_OUT
    102          {
    103            Smart_home_ENDPOINT,              //  int   Endpoint;
    104            Smart_home_PROFID,                //  uint16 AppProfId[2];
    105            Smart_home_DEVICEID,              //  uint16 AppDeviceId[2];
    106            Smart_home_DEVICE_VERSION,        //  int   AppDevVer:4;
    107            Smart_home_FLAGS,                 //  int   AppFlags:4;
    108            Smart_home_MAX_INCLUSTERS,          //  byte  AppNumInClusters;
    109            (cId_t *)Smart_home_ClusterList_IN,  //  byte *pAppInClusterList;
    110            Smart_home_MAX_OUTCLUSTERS ,          //  byte  AppNumOutClusters;
    111            (cId_t *)Smart_home_ClusterList_OUT   //  byte *pAppOutClusterList;
    112          };
    113          

   \                                 In  segment XDATA_ROM_C, align 1
    114          const endPointDesc_t Smart_home_epDesc =
   \                     Smart_home_epDesc:
   \   000000   01           DB 1
   \   000001   ....         DW Smart_home_TaskID
   \   000003   ....         DW Smart_home_SimpleDesc
   \   000005   00           DB 0
    115          {
    116            Smart_home_ENDPOINT,
    117           &Smart_home_TaskID,
    118            (SimpleDescriptionFormat_t *)&Smart_home_SimpleDesc,
    119            noLatencyReqs
    120          };
    121          

   \                                 In  segment XDATA_Z, align 1, keep-with-next
    122          afAddrType_t Coordinator_DstAddr;
   \                     Coordinator_DstAddr:
   \   000000                DS 12
   \   00000C                REQUIRE __INIT_XDATA_Z
    123          
    124          /*********************************************************************
    125           * TYPEDEFS
    126           */
    127          
    128          /*********************************************************************
    129           * GLOBAL VARIABLES
    130           */
    131          

   \                                 In  segment XDATA_Z, align 1, keep-with-next
    132          uint8 Smart_home_TaskID;    // Task ID for internal task/event processing.
   \                     Smart_home_TaskID:
   \   000000                DS 1
   \   000001                REQUIRE __INIT_XDATA_Z

   \                                 In  segment XDATA_Z, align 1, keep-with-next
    133          byte Coordinator_Msg[SOUNDVBMSG_LEN];
   \                     Coordinator_Msg:
   \   000000                DS 5
   \   000005                REQUIRE __INIT_XDATA_Z
    134          
    135          /*********************************************************************
    136           * EXTERNAL VARIABLES
    137           */
    138          
    139          /*********************************************************************
    140           * EXTERNAL FUNCTIONS
    141           */
    142          
    143          /*********************************************************************
    144           * LOCAL VARIABLES
    145           */
    146          

   \                                 In  segment XDATA_Z, align 1, keep-with-next
    147          static byte Smart_home_MsgID;  // This is the unique message ID (counter)
   \                     Smart_home_MsgID:
   \   000000                DS 1
   \   000001                REQUIRE __INIT_XDATA_Z
    148          
    149          // 声音振动报警标志, soundVbBuf[0]:声音报警；soundVbBuf[1]:振动报警；

   \                                 In  segment XDATA_Z, align 1, keep-with-next
    150          static uint8 soundVbBuf[2];
   \                     soundVbBuf:
   \   000000                DS 2
   \   000002                REQUIRE __INIT_XDATA_Z
    151          
    152          
    153          /*********************************************************************
    154           * LOCAL FUNCTIONS
    155           */
    156          
    157          static void Smart_home_ProcessZDOMsgs( zdoIncomingMsg_t *inMsg );
    158          static void Smart_home_HandleKeys( uint8 shift, uint8 keys );
    159          static void Smart_home_ProcessMSGCmd( afIncomingMSGPacket_t *pkt );
    160          static void Smart_home_Send(void);
    161          static void Smart_home_Resp(void);
    162          static void Smart_home_CallBack(uint8 port, uint8 event);
    163          
    164          /*********************************************************************
    165           * @fn      Smart_home_Init
    166           *
    167           * @brief   This is called during OSAL tasks' initialization.
    168           *
    169           * @param   task_id - the Task ID assigned by OSAL.
    170           *
    171           * @return  none
    172           */

   \                                 In  segment BANKED_CODE, align 1, keep-with-next
    173          void Smart_home_Init( uint8 task_id )
   \                     Smart_home_Init:
    174          {
   \   000000   74F7         MOV     A,#-0x9
   \   000002   12....       LCALL   ?BANKED_ENTER_XDATA
   \   000005                ; Saved register size: 9
   \   000005                ; Auto size: 29
   \   000005   74E3         MOV     A,#-0x1d
   \   000007   12....       LCALL   ?ALLOC_XSTACK8
   \   00000A   E9           MOV     A,R1
   \   00000B   FE           MOV     R6,A
    175            halUARTCfg_t uartConfig;
    176          
    177            Smart_home_TaskID = task_id;
   \   00000C   90....       MOV     DPTR,#Smart_home_TaskID
   \   00000F   F0           MOVX    @DPTR,A
    178            Smart_home_MsgID = 0;
   \   000010   90....       MOV     DPTR,#Smart_home_MsgID
   \   000013   E4           CLR     A
   \   000014   F0           MOVX    @DPTR,A
    179          
    180            // Register the endpoint/interface description with the AF
    181            afRegister( (endPointDesc_t *)&Smart_home_epDesc );
   \   000015                ; Setup parameters for call to function afRegister
   \   000015   7A..         MOV     R2,#Smart_home_epDesc & 0xff
   \   000017   7B..         MOV     R3,#(Smart_home_epDesc >> 8) & 0xff
   \   000019   12....       LCALL   ??afRegister?relay
    182          
    183            // Register for all key events - This app will handle all key events
    184            RegisterForKeys( task_id );
   \   00001C                ; Setup parameters for call to function RegisterForKeys
   \   00001C   EE           MOV     A,R6
   \   00001D   F9           MOV     R1,A
   \   00001E   12....       LCALL   ??RegisterForKeys?relay
    185            
    186            //串口配置
    187            uartConfig.configured           = TRUE;              // 2x30 don't care - see uart driver.
   \   000021   85..82       MOV     DPL,?XSP + 0
   \   000024   85..83       MOV     DPH,?XSP + 1
   \   000027   7401         MOV     A,#0x1
   \   000029   F0           MOVX    @DPTR,A
    188            uartConfig.baudRate             = SERIAL_APP_BAUD;
   \   00002A   12....       LCALL   ?XSTACK_DISP0_8
   \   00002D   7402         MOV     A,#0x2
   \   00002F   F0           MOVX    @DPTR,A
    189            uartConfig.flowControl          = TRUE;
   \   000030   12....       LCALL   ?XSTACK_DISP0_8
   \   000033   7401         MOV     A,#0x1
   \   000035   F0           MOVX    @DPTR,A
    190            uartConfig.flowControlThreshold = SERIAL_APP_THRESH; // 2x30 don't care - see uart driver.
   \   000036   7403         MOV     A,#0x3
   \   000038   12....       LCALL   ?XSTACK_DISP0_8
   \   00003B   7440         MOV     A,#0x40
   \   00003D   F0           MOVX    @DPTR,A
   \   00003E   A3           INC     DPTR
   \   00003F   E4           CLR     A
   \   000040   F0           MOVX    @DPTR,A
    191            uartConfig.rx.maxBufSize        = SERIAL_APP_RX_SZ;  // 2x30 don't care - see uart driver.
   \   000041   740A         MOV     A,#0xa
   \   000043   12....       LCALL   ?XSTACK_DISP0_8
   \   000046   7480         MOV     A,#-0x80
   \   000048   F0           MOVX    @DPTR,A
   \   000049   A3           INC     DPTR
   \   00004A   E4           CLR     A
   \   00004B   F0           MOVX    @DPTR,A
    192            uartConfig.tx.maxBufSize        = SERIAL_APP_TX_SZ;  // 2x30 don't care - see uart driver.
   \   00004C   7412         MOV     A,#0x12
   \   00004E   12....       LCALL   ?XSTACK_DISP0_8
   \   000051   7480         MOV     A,#-0x80
   \   000053   F0           MOVX    @DPTR,A
   \   000054   A3           INC     DPTR
   \   000055   E4           CLR     A
   \   000056   F0           MOVX    @DPTR,A
    193            uartConfig.idleTimeout          = SERIAL_APP_IDLE;   // 2x30 don't care - see uart driver.
   \   000057   7405         MOV     A,#0x5
   \   000059   12....       LCALL   ?XSTACK_DISP0_8
   \   00005C   7406         MOV     A,#0x6
   \   00005E   F0           MOVX    @DPTR,A
    194            uartConfig.intEnable            = TRUE;              // 2x30 don't care - see uart driver.
   \   00005F   7416         MOV     A,#0x16
   \   000061   12....       LCALL   ?XSTACK_DISP0_8
   \   000064   7401         MOV     A,#0x1
   \   000066   F0           MOVX    @DPTR,A
    195            uartConfig.callBackFunc         = Smart_home_CallBack;
   \   000067   741B         MOV     A,#0x1b
   \   000069   12....       LCALL   ?XSTACK_DISP0_8
   \   00006C   74..         MOV     A,#??Smart_home_CallBack?relay & 0xff
   \   00006E   F0           MOVX    @DPTR,A
   \   00006F   A3           INC     DPTR
   \   000070   74..         MOV     A,#(??Smart_home_CallBack?relay >> 8) & 0xff
   \   000072   F0           MOVX    @DPTR,A
    196            HalUARTOpen (SERIAL_APP_PORT, &uartConfig);
   \   000073                ; Setup parameters for call to function HalUARTOpen
   \   000073   85..82       MOV     DPL,?XSP + 0
   \   000076   85..83       MOV     DPH,?XSP + 1
   \   000079   AA82         MOV     R2,DPL
   \   00007B   AB83         MOV     R3,DPH
   \   00007D   7900         MOV     R1,#0x0
   \   00007F   12....       LCALL   ??HalUARTOpen?relay
    197          
    198            //初始化向协调器发送的地址
    199            Coordinator_DstAddr.addrMode = (afAddrMode_t)AddrNotPresent;
   \   000082   90....       MOV     DPTR,#Coordinator_DstAddr + 8
   \   000085   E4           CLR     A
   \   000086   F0           MOVX    @DPTR,A
    200            Coordinator_DstAddr.endPoint = 0;
   \   000087   A3           INC     DPTR
   \   000088   F0           MOVX    @DPTR,A
    201            Coordinator_DstAddr.addr.shortAddr = 0;
   \   000089   90....       MOV     DPTR,#Coordinator_DstAddr
   \   00008C   F0           MOVX    @DPTR,A
   \   00008D   A3           INC     DPTR
   \   00008E   F0           MOVX    @DPTR,A
    202            
    203            //传感器初始化
    204            HalSoundVbInit();
                   ^
Warning[Pe223]: function "HalSoundVbInit" declared implicitly
   \   00008F                ; Setup parameters for call to function HalSoundVbInit
   \   00008F   12....       LCALL   ??HalSoundVbInit?relay
    205            
    206            ZDO_RegisterForZDOMsg( Smart_home_TaskID, End_Device_Bind_rsp );
   \   000092                ; Setup parameters for call to function ZDO_RegisterForZDOMsg
   \   000092   7A20         MOV     R2,#0x20
   \   000094   7B80         MOV     R3,#-0x80
   \   000096   90....       MOV     DPTR,#Smart_home_TaskID
   \   000099   E0           MOVX    A,@DPTR
   \   00009A   F9           MOV     R1,A
   \   00009B   12....       LCALL   ??ZDO_RegisterForZDOMsg?relay
    207            ZDO_RegisterForZDOMsg( Smart_home_TaskID, Match_Desc_rsp );
   \   00009E                ; Setup parameters for call to function ZDO_RegisterForZDOMsg
   \   00009E   7A06         MOV     R2,#0x6
   \   0000A0   7B80         MOV     R3,#-0x80
   \   0000A2   90....       MOV     DPTR,#Smart_home_TaskID
   \   0000A5   E0           MOVX    A,@DPTR
   \   0000A6   F9           MOV     R1,A
   \   0000A7   12....       LCALL   ??ZDO_RegisterForZDOMsg?relay
    208            
    209            // 打开定时器，描述符匹配事件
    210            osal_start_reload_timer( Smart_home_TaskID, SMART_HOME_MATCHRSP_EVT, 
    211                                                         SMART_HOME_SEND_DELAY );
   \   0000AA                ; Setup parameters for call to function osal_start_reload_timer
   \   0000AA   7CF4         MOV     R4,#-0xc
   \   0000AC   7D01         MOV     R5,#0x1
   \   0000AE   7A08         MOV     R2,#0x8
   \   0000B0   7B00         MOV     R3,#0x0
   \   0000B2   90....       MOV     DPTR,#Smart_home_TaskID
   \   0000B5   E0           MOVX    A,@DPTR
   \   0000B6   F9           MOV     R1,A
   \   0000B7   12....       LCALL   ??osal_start_reload_timer?relay
    212          }
   \   0000BA   741D         MOV     A,#0x1d
   \   0000BC   12....       LCALL   ?DEALLOC_XSTACK8
   \   0000BF   7F01         MOV     R7,#0x1
   \   0000C1   02....       LJMP    ?BANKED_LEAVE_XDATA
    213          
    214          /*********************************************************************
    215           * @fn      Smart_home_ProcessEvent
    216           *
    217           * @brief   Generic Application Task event processor.
    218           *
    219           * @param   task_id  - The OSAL assigned task ID.
    220           * @param   events   - Bit map of events to process.
    221           *
    222           * @return  Event flags of all unprocessed events.
    223           */

   \                                 In  segment BANKED_CODE, align 1, keep-with-next
    224          UINT16 Smart_home_ProcessEvent( uint8 task_id, UINT16 events )
   \                     Smart_home_ProcessEvent:
    225          {
   \   000000   74F4         MOV     A,#-0xc
   \   000002   12....       LCALL   ?BANKED_ENTER_XDATA
   \   000005                ; Saved register size: 12
   \   000005                ; Auto size: 9
   \   000005   74F7         MOV     A,#-0x9
   \   000007   12....       LCALL   ?ALLOC_XSTACK8
   \   00000A   EA           MOV     A,R2
   \   00000B   FE           MOV     R6,A
   \   00000C   EB           MOV     A,R3
   \   00000D   FF           MOV     R7,A
    226            (void)task_id;  // Intentionally unreferenced parameter
    227            
    228            if ( events & SYS_EVENT_MSG )
   \   00000E   5480         ANL     A,#0x80
   \   000010   707F         JNZ     ??Smart_home_ProcessEvent_0
    229            {
    230              afIncomingMSGPacket_t *MSGpkt;
    231          
    232              while ( (MSGpkt = (afIncomingMSGPacket_t *)osal_msg_receive( Smart_home_TaskID )) )
    233              {
    234                switch ( MSGpkt->hdr.event )
    235                {
    236                case ZDO_CB_MSG:
    237                  Smart_home_ProcessZDOMsgs( (zdoIncomingMsg_t *)MSGpkt );
    238                  break;
    239                    
    240                case KEY_CHANGE:
    241                  Smart_home_HandleKeys( ((keyChange_t *)MSGpkt)->state, ((keyChange_t *)MSGpkt)->keys );
    242                  break;
    243          
    244                case AF_INCOMING_MSG_CMD:
    245                  Smart_home_ProcessMSGCmd( MSGpkt );
    246                  break;
    247          
    248                default:
    249                  break;
    250                }
    251          
    252                osal_msg_deallocate( (uint8 *)MSGpkt );
    253              }
    254          
    255              return ( events ^ SYS_EVENT_MSG );
    256            }
    257            
    258            // 描述匹配事件
    259            if ( events & SMART_HOME_MATCHRSP_EVT )
   \   000012   EE           MOV     A,R6
   \   000013   5408         ANL     A,#0x8
   \   000015   7003         JNZ     $+5
   \   000017   02....       LJMP    ??Smart_home_ProcessEvent_1 & 0xFFFF
    260            {
    261               zAddrType_t dstAddr;
    262               dstAddr.addrMode = AddrBroadcast;
   \   00001A   7408         MOV     A,#0x8
   \   00001C   12....       LCALL   ?XSTACK_DISP0_8
   \   00001F   740F         MOV     A,#0xf
   \   000021   F0           MOVX    @DPTR,A
    263               dstAddr.addr.shortAddr = NWK_BROADCAST_SHORTADDR;
   \   000022   85..82       MOV     DPL,?XSP + 0
   \   000025   85..83       MOV     DPH,?XSP + 1
   \   000028   74FF         MOV     A,#-0x1
   \   00002A   F0           MOVX    @DPTR,A
   \   00002B   A3           INC     DPTR
   \   00002C   F0           MOVX    @DPTR,A
    264               
    265               ZDP_MatchDescReq( &dstAddr, 
    266                                  NWK_BROADCAST_SHORTADDR,
    267                                  Smart_home_PROFID,
    268                                  Smart_home_MAX_OUTCLUSTERS, 
    269                                  (cId_t *)Smart_home_ClusterList_IN,
    270                                  Smart_home_MAX_INCLUSTERS, 
    271                                  (cId_t *)Smart_home_ClusterList_OUT,
    272                                  FALSE );
   \   00002D                ; Setup parameters for call to function ZDP_MatchDescReq
   \   00002D   75..00       MOV     ?V0 + 0,#0x0
   \   000030   78..         MOV     R0,#?V0 + 0
   \   000032   12....       LCALL   ?PUSH_XSTACK_I_ONE
   \   000035   75....       MOV     ?V0 + 0,#Smart_home_ClusterList_OUT & 0xff
   \   000038   75....       MOV     ?V0 + 1,#(Smart_home_ClusterList_OUT >> 8) & 0xff
   \   00003B   78..         MOV     R0,#?V0 + 0
   \   00003D   12....       LCALL   ?PUSH_XSTACK_I_TWO
   \   000040   75..09       MOV     ?V0 + 0,#0x9
   \   000043   78..         MOV     R0,#?V0 + 0
   \   000045   12....       LCALL   ?PUSH_XSTACK_I_ONE
   \   000048   75....       MOV     ?V0 + 0,#Smart_home_ClusterList_IN & 0xff
   \   00004B   75....       MOV     ?V0 + 1,#(Smart_home_ClusterList_IN >> 8) & 0xff
   \   00004E   78..         MOV     R0,#?V0 + 0
   \   000050   12....       LCALL   ?PUSH_XSTACK_I_TWO
   \   000053   75..05       MOV     ?V0 + 0,#0x5
   \   000056   75..0F       MOV     ?V0 + 1,#0xf
   \   000059   78..         MOV     R0,#?V0 + 0
   \   00005B   12....       LCALL   ?PUSH_XSTACK_I_TWO
   \   00005E   7903         MOV     R1,#0x3
   \   000060   7CFF         MOV     R4,#-0x1
   \   000062   7DFF         MOV     R5,#-0x1
   \   000064   7408         MOV     A,#0x8
   \   000066   12....       LCALL   ?XSTACK_DISP0_8
   \   000069   AA82         MOV     R2,DPL
   \   00006B   AB83         MOV     R3,DPH
   \   00006D   12....       LCALL   ??ZDP_MatchDescReq?relay
   \   000070   7408         MOV     A,#0x8
   \   000072   12....       LCALL   ?DEALLOC_XSTACK8
    273          
    274              // Return unprocessed events
    275              return (events ^ SMART_HOME_MATCHRSP_EVT);
   \   000075   EE           MOV     A,R6
   \   000076   6408         XRL     A,#0x8
   \   000078   FA           MOV     R2,A
   \   000079   EF           MOV     A,R7
   \                     ??Smart_home_ProcessEvent_2:
   \   00007A   FB           MOV     R3,A
   \   00007B   02....       LJMP    ??Smart_home_ProcessEvent_3 & 0xFFFF
    276            }
   \                     ??Smart_home_ProcessEvent_4:
   \   00007E   8A82         MOV     DPL,R2
   \   000080   8B83         MOV     DPH,R3
   \   000082   E0           MOVX    A,@DPTR
   \   000083   64D3         XRL     A,#0xd3
   \   000085   7003         JNZ     ??Smart_home_ProcessEvent_5
   \   000087                ; Setup parameters for call to function Smart_home_ProcessZDOMsgs
   \   000087   12....       LCALL   ??Smart_home_ProcessZDOMsgs?relay
   \                     ??Smart_home_ProcessEvent_5:
   \   00008A                ; Setup parameters for call to function osal_msg_deallocate
   \   00008A   AA..         MOV     R2,?V0 + 0
   \   00008C   AB..         MOV     R3,?V0 + 1
   \   00008E   12....       LCALL   ??osal_msg_deallocate?relay
   \                     ??Smart_home_ProcessEvent_0:
   \   000091                ; Setup parameters for call to function osal_msg_receive
   \   000091   90....       MOV     DPTR,#Smart_home_TaskID
   \   000094   E0           MOVX    A,@DPTR
   \   000095   F9           MOV     R1,A
   \   000096   12....       LCALL   ??osal_msg_receive?relay
   \   000099   8A..         MOV     ?V0 + 0,R2
   \   00009B   8B..         MOV     ?V0 + 1,R3
   \   00009D   EA           MOV     A,R2
   \   00009E   45..         ORL     A,?V0 + 1
   \   0000A0   70DC         JNZ     ??Smart_home_ProcessEvent_4
   \   0000A2   EE           MOV     A,R6
   \   0000A3   FA           MOV     R2,A
   \   0000A4   EF           MOV     A,R7
   \   0000A5   6480         XRL     A,#0x80
   \   0000A7   80D1         SJMP    ??Smart_home_ProcessEvent_2
    277          
    278            if ( events & SMART_HOME_SEND_MSG_EVT )
   \                     ??Smart_home_ProcessEvent_1:
   \   0000A9   EE           MOV     A,R6
   \   0000AA   A2E0         MOV     C,0xE0 /* A   */.0
   \   0000AC   4003         JC      $+5
   \   0000AE   02....       LJMP    ??Smart_home_ProcessEvent_6 & 0xFFFF
   \                     ??Smart_home_ProcessEvent_7:
   \   0000B1   90....       MOV     DPTR,#Smart_home_MsgID
   \   0000B4   E0           MOVX    A,@DPTR
   \   0000B5   C4           SWAP    A
   \   0000B6   540F         ANL     A,#0xf
   \   0000B8   FA           MOV     R2,A
   \   0000B9   C3           CLR     C
   \   0000BA   940A         SUBB    A,#0xa
   \   0000BC   5004         JNC     ??Smart_home_ProcessEvent_8
   \   0000BE   7830         MOV     R0,#0x30
   \   0000C0   8002         SJMP    ??Smart_home_ProcessEvent_9
   \                     ??Smart_home_ProcessEvent_8:
   \   0000C2   7837         MOV     R0,#0x37
   \                     ??Smart_home_ProcessEvent_9:
   \   0000C4   E8           MOV     A,R0
   \   0000C5   2A           ADD     A,R2
   \   0000C6   90....       MOV     DPTR,#Coordinator_Msg + 2
   \   0000C9   F0           MOVX    @DPTR,A
   \   0000CA   90....       MOV     DPTR,#Smart_home_MsgID
   \   0000CD   E0           MOVX    A,@DPTR
   \   0000CE   540F         ANL     A,#0xf
   \   0000D0   FA           MOV     R2,A
   \   0000D1   C3           CLR     C
   \   0000D2   940A         SUBB    A,#0xa
   \   0000D4   5004         JNC     ??Smart_home_ProcessEvent_10
   \   0000D6   7830         MOV     R0,#0x30
   \   0000D8   8002         SJMP    ??Smart_home_ProcessEvent_11
   \                     ??Smart_home_ProcessEvent_10:
   \   0000DA   7837         MOV     R0,#0x37
   \                     ??Smart_home_ProcessEvent_11:
   \   0000DC   E8           MOV     A,R0
   \   0000DD   2A           ADD     A,R2
   \   0000DE   90....       MOV     DPTR,#Coordinator_Msg + 3
   \   0000E1   F0           MOVX    @DPTR,A
   \   0000E2   90....       MOV     DPTR,#soundVbBuf + 1
   \   0000E5   E0           MOVX    A,@DPTR
   \   0000E6   C3           CLR     C
   \   0000E7   33           RLC     A
   \   0000E8   7583..       MOV     DPH,#(soundVbBuf >> 8) & 0xff
   \   0000EB   7582..       MOV     DPL,#soundVbBuf & 0xff
   \   0000EE   F8           MOV     R0,A
   \   0000EF   E0           MOVX    A,@DPTR
   \   0000F0   48           ORL     A,R0
   \   0000F1   90....       MOV     DPTR,#Coordinator_Msg + 4
   \   0000F4   F0           MOVX    @DPTR,A
   \   0000F5                ; Setup parameters for call to function AF_DataRequest
   \   0000F5   75..1E       MOV     ?V0 + 0,#0x1e
   \   0000F8   78..         MOV     R0,#?V0 + 0
   \   0000FA   12....       LCALL   ?PUSH_XSTACK_I_ONE
   \   0000FD   75....       MOV     ?V0 + 0,#Smart_home_MsgID & 0xff
   \   000100   75....       MOV     ?V0 + 1,#(Smart_home_MsgID >> 8) & 0xff
   \   000103   78..         MOV     R0,#?V0 + 0
   \   000105   12....       LCALL   ?PUSH_XSTACK_I_TWO
   \   000108   75....       MOV     ?V0 + 0,#Coordinator_Msg & 0xff
   \   00010B   75....       MOV     ?V0 + 1,#(Coordinator_Msg >> 8) & 0xff
   \   00010E   78..         MOV     R0,#?V0 + 0
   \   000110   12....       LCALL   ?PUSH_XSTACK_I_TWO
   \   000113   75..05       MOV     ?V0 + 0,#0x5
   \   000116   75..00       MOV     ?V0 + 1,#0x0
   \   000119   78..         MOV     R0,#?V0 + 0
   \   00011B   12....       LCALL   ?PUSH_XSTACK_I_TWO
   \   00011E   75..06       MOV     ?V0 + 0,#0x6
   \   000121   78..         MOV     R0,#?V0 + 0
   \   000123   12....       LCALL   ?PUSH_XSTACK_I_TWO
   \   000126   7920         MOV     R1,#0x20
   \   000128   7C..         MOV     R4,#Smart_home_epDesc & 0xff
   \   00012A   7D..         MOV     R5,#(Smart_home_epDesc >> 8) & 0xff
   \   00012C   7A..         MOV     R2,#Coordinator_DstAddr & 0xff
   \   00012E   7B..         MOV     R3,#(Coordinator_DstAddr >> 8) & 0xff
   \   000130   12....       LCALL   ??AF_DataRequest?relay
   \   000133   7409         MOV     A,#0x9
   \   000135   12....       LCALL   ?DEALLOC_XSTACK8
   \   000138   E9           MOV     A,R1
   \   000139   7003         JNZ     $+5
   \   00013B   02....       LJMP    ??Smart_home_ProcessEvent_7 & 0xFFFF
   \   00013E   90....       MOV     DPTR,#soundVbBuf
   \   000141   E4           CLR     A
   \   000142   F0           MOVX    @DPTR,A
   \   000143   A3           INC     DPTR
   \   000144   F0           MOVX    @DPTR,A
    279            {
    280              Smart_home_Send();
    281              return ( events ^ SMART_HOME_SEND_MSG_EVT );
   \   000145   EE           MOV     A,R6
   \   000146   6401         XRL     A,#0x1
   \   000148   FA           MOV     R2,A
   \   000149   EF           MOV     A,R7
   \   00014A   FB           MOV     R3,A
   \   00014B   800E         SJMP    ??Smart_home_ProcessEvent_3
    282            }
    283          
    284            if ( events & SMART_HOME_BINDRSP_EVT )
   \                     ??Smart_home_ProcessEvent_6:
   \   00014D   5420         ANL     A,#0x20
   \   00014F   6006         JZ      ??Smart_home_ProcessEvent_12
    285            {
    286              Smart_home_Resp();
    287              return ( events ^ SMART_HOME_BINDRSP_EVT );
   \   000151   EE           MOV     A,R6
   \   000152   6420         XRL     A,#0x20
   \   000154   FA           MOV     R2,A
   \   000155   8004         SJMP    ??Smart_home_ProcessEvent_3
    288            }
    289            
    290            return ( 0 );  // Discard unknown events.
   \                     ??Smart_home_ProcessEvent_12:
   \   000157   7A00         MOV     R2,#0x0
   \   000159   7B00         MOV     R3,#0x0
   \                     ??Smart_home_ProcessEvent_3:
   \   00015B   7409         MOV     A,#0x9
   \   00015D   12....       LCALL   ?DEALLOC_XSTACK8
   \   000160                REQUIRE ?Subroutine0
   \   000160                ; // Fall through to label ?Subroutine0
    291          }

   \                                 In  segment BANKED_CODE, align 1, keep-with-next
   \                     ?Subroutine0:
   \   000000   7F04         MOV     R7,#0x4
   \   000002   02....       LJMP    ?BANKED_LEAVE_XDATA
    292          
    293          /*********************************************************************
    294           * @fn      Smart_home_ProcessZDOMsgs()
    295           *
    296           * @brief   Process response messages
    297           *
    298           * @param   none
    299           *
    300           * @return  none
    301           */

   \                                 In  segment BANKED_CODE, align 1, keep-with-next
    302          static void Smart_home_ProcessZDOMsgs( zdoIncomingMsg_t *inMsg )
   \                     Smart_home_ProcessZDOMsgs:
    303          {
   \   000000   74F4         MOV     A,#-0xc
   \   000002   12....       LCALL   ?BANKED_ENTER_XDATA
   \   000005                ; Saved register size: 12
   \   000005                ; Auto size: 0
    304            switch ( inMsg->clusterID )
   \   000005   EA           MOV     A,R2
   \   000006   240C         ADD     A,#0xc
   \   000008   F582         MOV     DPL,A
   \   00000A   EB           MOV     A,R3
   \   00000B   3400         ADDC    A,#0x0
   \   00000D   F583         MOV     DPH,A
   \   00000F   E0           MOVX    A,@DPTR
   \   000010   F5..         MOV     ?V0 + 0,A
   \   000012   A3           INC     DPTR
   \   000013   E0           MOVX    A,@DPTR
   \   000014   F5..         MOV     ?V0 + 1,A
   \   000016   78..         MOV     R0,#?V0 + 0
   \   000018   12....       LCALL   ?US_SWITCH_SPARSE
   \                     `?<Jumptable for Smart_home_ProcessZDOMsgs>_0`:
   \   00001B   0000         DW        0
   \   00001D   0200         DW        2
   \   00001F   0680         DW        32774
   \   000021   ....         DW        ??Smart_home_ProcessZDOMsgs_0
   \   000023   2080         DW        32800
   \   000025   ....         DW        ??Smart_home_ProcessZDOMsgs_1
   \   000027   ....         DW        ??Smart_home_ProcessZDOMsgs_2
    305            {
    306              case End_Device_Bind_rsp:
    307                if ( ZDO_ParseBindRsp( inMsg ) == ZSuccess )
   \                     ??Smart_home_ProcessZDOMsgs_1:
   \   000029   EA           MOV     A,R2
   \   00002A   2413         ADD     A,#0x13
   \   00002C   F582         MOV     DPL,A
   \   00002E   EB           MOV     A,R3
   \   00002F   3400         ADDC    A,#0x0
   \   000031   F583         MOV     DPH,A
   \   000033   E0           MOVX    A,@DPTR
   \   000034   F8           MOV     R0,A
   \   000035   A3           INC     DPTR
   \   000036   E0           MOVX    A,@DPTR
   \   000037   F583         MOV     DPH,A
   \   000039   8882         MOV     DPL,R0
   \   00003B   E0           MOVX    A,@DPTR
   \   00003C   6003         JZ      $+5
   \   00003E   02....       LJMP    ??Smart_home_ProcessZDOMsgs_2 & 0xFFFF
    308                {
    309          #if (HAL_UART == TRUE)
    310                  HalUARTWrite(HAL_UART_PORT_0, "Bind Success!\n",   strlen("Bind Success!\n"));
                                                                            ^
Warning[Pe223]: function "strlen" declared implicitly
   \   000041                ; Setup parameters for call to function HalUARTWrite
   \   000041                ; Setup parameters for call to function strlen
   \   000041   7A..         MOV     R2,#`?<Constant "Bind Success!\\n">` & 0xff
   \   000043   7B..         MOV     R3,#(`?<Constant "Bind Success!\\n">` >> 8) & 0xff
   \   000045   12....       LCALL   ??strlen?relay
   \   000048   EA           MOV     A,R2
   \   000049   FC           MOV     R4,A
   \   00004A   EB           MOV     A,R3
   \   00004B   FD           MOV     R5,A
   \   00004C   7A..         MOV     R2,#`?<Constant "Bind Success!\\n">` & 0xff
   \   00004E   7B..         MOV     R3,#(`?<Constant "Bind Success!\\n">` >> 8) & 0xff
   \   000050   7900         MOV     R1,#0x0
   \   000052   12....       LCALL   ??HalUARTWrite?relay
   \   000055   8075         SJMP    ??Smart_home_ProcessZDOMsgs_2
    311          #endif
    312                }
    313                break;
    314              
    315              case Match_Desc_rsp:
    316                ZDO_ActiveEndpointRsp_t *pRsp = ZDO_ParseEPListRsp( inMsg );
                       ^
Warning[Pe1072]: a declaration cannot have a label
   \                     ??Smart_home_ProcessZDOMsgs_0:
   \   000057                ; Setup parameters for call to function ZDO_ParseEPListRsp
   \   000057   12....       LCALL   ??ZDO_ParseEPListRsp?relay
   \   00005A   8A..         MOV     ?V0 + 0,R2
   \   00005C   8B..         MOV     ?V0 + 1,R3
    317                if ( pRsp )
   \   00005E   EA           MOV     A,R2
   \   00005F   45..         ORL     A,?V0 + 1
   \   000061   6069         JZ      ??Smart_home_ProcessZDOMsgs_2
    318                {
    319                  if ( pRsp->status == ZSuccess && pRsp->cnt )
   \   000063   8A82         MOV     DPL,R2
   \   000065   8B83         MOV     DPH,R3
   \   000067   E0           MOVX    A,@DPTR
   \   000068   705B         JNZ     ??Smart_home_ProcessZDOMsgs_3
   \   00006A   A3           INC     DPTR
   \   00006B   A3           INC     DPTR
   \   00006C   A3           INC     DPTR
   \   00006D   E0           MOVX    A,@DPTR
   \   00006E   6055         JZ      ??Smart_home_ProcessZDOMsgs_3
    320                  {
    321                    // 此处存储绑定对方的地址信息用于发送
    322                    Coordinator_DstAddr.addrMode = (afAddrMode_t)Addr16Bit;
   \   000070   90....       MOV     DPTR,#Coordinator_DstAddr + 8
   \   000073   7402         MOV     A,#0x2
   \   000075   F0           MOVX    @DPTR,A
    323                    Coordinator_DstAddr.addr.shortAddr = pRsp->nwkAddr;
   \   000076   8A82         MOV     DPL,R2
   \   000078   8B83         MOV     DPH,R3
   \   00007A   A3           INC     DPTR
   \   00007B   E0           MOVX    A,@DPTR
   \   00007C   F8           MOV     R0,A
   \   00007D   A3           INC     DPTR
   \   00007E   E0           MOVX    A,@DPTR
   \   00007F   F9           MOV     R1,A
   \   000080   90....       MOV     DPTR,#Coordinator_DstAddr
   \   000083   E8           MOV     A,R0
   \   000084   F0           MOVX    @DPTR,A
   \   000085   A3           INC     DPTR
   \   000086   E9           MOV     A,R1
   \   000087   F0           MOVX    @DPTR,A
    324                    // Take the first endpoint, Can be changed to search through endpoints
    325                    Coordinator_DstAddr.endPoint = pRsp->epList[0];  // ok
   \   000088   8A82         MOV     DPL,R2
   \   00008A   8B83         MOV     DPH,R3
   \   00008C   A3           INC     DPTR
   \   00008D   A3           INC     DPTR
   \   00008E   A3           INC     DPTR
   \   00008F   A3           INC     DPTR
   \   000090   E0           MOVX    A,@DPTR
   \   000091   90....       MOV     DPTR,#Coordinator_DstAddr + 9
   \   000094   F0           MOVX    @DPTR,A
    326                    // 匹配成功，关闭描述符匹配事件定时器
    327                    osal_stop_timerEx( Smart_home_TaskID, SMART_HOME_MATCHRSP_EVT );
   \   000095                ; Setup parameters for call to function osal_stop_timerEx
   \   000095   7A08         MOV     R2,#0x8
   \   000097   7B00         MOV     R3,#0x0
   \   000099   90....       MOV     DPTR,#Smart_home_TaskID
   \   00009C   E0           MOVX    A,@DPTR
   \   00009D   F9           MOV     R1,A
   \   00009E   12....       LCALL   ??osal_stop_timerEx?relay
    328            
    329          #if (HAL_UART == TRUE)
    330                    HalUARTWrite(HAL_UART_PORT_0, "Match Success!\n",   strlen("Match Success!\n"));
                                                                               ^
Warning[Pe223]: function "strlen" declared implicitly

    switch ( inMsg->clusterID )
    ^
"D:\毕设\CC2530-smart_home\Projects\zstack\Utilities\Smart_home\Source\Smart_homeSound.c",304  Warning[Pe546]: 
          transfer of control bypasses initialization of:
            variable "pRsp" (declared at line 316 of
                      "D:\毕设\CC2530-smart_home\Projects\zstack\Utilities\Smar
                      t_home\Source\Smart_homeSound.c")
   \   0000A1                ; Setup parameters for call to function HalUARTWrite
   \   0000A1                ; Setup parameters for call to function strlen
   \   0000A1   7A..         MOV     R2,#`?<Constant "Match Success!\\n">` & 0xff
   \   0000A3   7B..         MOV     R3,#(`?<Constant "Match Success!\\n">` >> 8) & 0xff
   \   0000A5   12....       LCALL   ??strlen?relay
   \   0000A8   EA           MOV     A,R2
   \   0000A9   FC           MOV     R4,A
   \   0000AA   EB           MOV     A,R3
   \   0000AB   FD           MOV     R5,A
   \   0000AC   7A..         MOV     R2,#`?<Constant "Match Success!\\n">` & 0xff
   \   0000AE   7B..         MOV     R3,#(`?<Constant "Match Success!\\n">` >> 8) & 0xff
   \   0000B0   7900         MOV     R1,#0x0
   \   0000B2   12....       LCALL   ??HalUARTWrite?relay
    331          #endif
    332                    // 开启定时发送数据给协调器的事件
    333                    osal_start_reload_timer( Smart_home_TaskID, SMART_HOME_SEND_MSG_EVT, 
    334                                             SMART_HOME_SEND_DELAY );
   \   0000B5                ; Setup parameters for call to function osal_start_reload_timer
   \   0000B5   7CF4         MOV     R4,#-0xc
   \   0000B7   7D01         MOV     R5,#0x1
   \   0000B9   7A01         MOV     R2,#0x1
   \   0000BB   7B00         MOV     R3,#0x0
   \   0000BD   90....       MOV     DPTR,#Smart_home_TaskID
   \   0000C0   E0           MOVX    A,@DPTR
   \   0000C1   F9           MOV     R1,A
   \   0000C2   12....       LCALL   ??osal_start_reload_timer?relay
    335                  }
    336              
    337                  osal_mem_free( pRsp );
   \                     ??Smart_home_ProcessZDOMsgs_3:
   \   0000C5                ; Setup parameters for call to function osal_mem_free
   \   0000C5   AA..         MOV     R2,?V0 + 0
   \   0000C7   AB..         MOV     R3,?V0 + 1
   \   0000C9   12....       LCALL   ??osal_mem_free?relay
    338                }
    339                break;
    340                
    341              default:
    342                break;
    343            }
    344            
    345          }
   \                     ??Smart_home_ProcessZDOMsgs_2:
   \   0000CC   02....       LJMP    ?Subroutine0 & 0xFFFF
    346          
    347          /*********************************************************************
    348           * @fn      Smart_home_HandleKeys
    349           *
    350           * @brief   Handles all key events for this device.
    351           *
    352           * @param   shift - true if in shift/alt.
    353           * @param   keys  - bit field for key events.
    354           *
    355           * @return  none
    356           */
    357          void Smart_home_HandleKeys( uint8 shift, uint8 keys )
    358          {
    359            
    360            if ( keys & HAL_KEY_SW_5 )
    361            {
    362            }
    363          
    364          }
    365          
    366          /*********************************************************************
    367           * @fn      Smart_home_ProcessMSGCmd
    368           *
    369           * @brief   Data message processor callback. This function processes
    370           *          any incoming data - probably from other devices. Based
    371           *          on the cluster ID, perform the intended action.
    372           *
    373           * @param   pkt - pointer to the incoming message packet
    374           *
    375           * @return  TRUE if the 'pkt' parameter is being used and will be freed later,
    376           *          FALSE otherwise.
    377           */
    378          void Smart_home_ProcessMSGCmd( afIncomingMSGPacket_t *pkt )
    379          {
    380            uint8 mode;
                         ^
Warning[Pe177]: variable "mode" was declared but never referenced
    381            
    382            switch ( pkt->clusterId )
    383            {
    384              case Smart_home_CLUSTERID_TEMPLIGHTMSG:
    385              {    
    386                break;
    387              } 
    388              // Could receive control messages in the future.
    389              default:
    390                break;
    391            }
    392          }
    393          
    394          /*********************************************************************
    395           * @fn      Smart_home_Send
    396           *
    397           * @brief   Send data OTA.
    398           *
    399           * @param   none
    400           *
    401           * @return  none
    402           */
    403          static void Smart_home_Send(void)
    404          {
    405            uint8 tmp; 
    406            
    407            do{
    408              // put the sequence number in the message
    409              tmp = HI_UINT8( Smart_home_MsgID );
    410              tmp += (tmp <= 9) ? ('0') : ('A' - 0x0A);
    411              Coordinator_Msg[2] = tmp;
    412              tmp = LO_UINT8( Smart_home_MsgID );
    413              tmp += (tmp <= 9) ? ('0') : ('A' - 0x0A);
    414              Coordinator_Msg[3] = tmp;
    415              
    416              // 第0位存储声音报警信息，第1位存储振动报警信息
    417              Coordinator_Msg[4] = soundVbBuf[1]<<1 | soundVbBuf[0];
    418              
    419              
    420              tmp = AF_DataRequest( &Coordinator_DstAddr,                         
    421                                    (endPointDesc_t *)&Smart_home_epDesc,                  
    422                                     Smart_home_CLUSTERID_SOUNDVBMSG,
    423                                     SOUNDVBMSG_LEN,                 
    424                                     Coordinator_Msg,                    
    425                                    &Smart_home_MsgID,                       
    426                                     AF_DISCV_ROUTE,                     
    427                                     AF_DEFAULT_RADIUS );
    428            }while (afStatus_SUCCESS == tmp);   
    429            
    430            // 清除报警信息
    431            soundVbBuf[0] = 0;
    432            soundVbBuf[1] = 0;
    433          }
    434          
    435          /*********************************************************************
    436           * @fn      Smart_home_Resp
    437           *
    438           * @brief   Send data OTA.
    439           *
    440           * @param   none
    441           *
    442           * @return  none
    443           */
    444          static void Smart_home_Resp(void)
    445          {
    446            /*
    447            if (afStatus_SUCCESS != AF_DataRequest(&Smart_home_RxAddr,
    448                                                   (endPointDesc_t *)&Smart_home_epDesc,
    449                                                    Smart_home_CLUSTERID2,
    450                                                    SERIAL_APP_RSP_CNT, Smart_home_RspBuf,
    451                                                   &Smart_home_MsgID, 0, AF_DEFAULT_RADIUS))
    452            {
    453              osal_set_event(Smart_home_TaskID, SMART_HOME_BINDRSP_EVT);
    454            }
    455            */
    456          }
    457          
    458          /*********************************************************************
    459           * @fn      Smart_home_CallBack
    460           *
    461           * @brief   Send data OTA.
    462           *
    463           * @param   port - UART port.
    464           * @param   event - the UART port event flag.
    465           *
    466           * @return  none
    467           */

   \                                 In  segment BANKED_CODE, align 1, keep-with-next
    468          static void Smart_home_CallBack(uint8 port, uint8 event)
   \                     Smart_home_CallBack:
    469          {
   \   000000                ; Saved register size: 0
   \   000000                ; Auto size: 0
    470          }
   \   000000   02....       LJMP    ?BRET

   \                                 In  segment BANK_RELAYS, align 1
   \                     ??Smart_home_Init?relay:
   \   000000   12....       LCALL   ?BDISPATCH
   \   000003   ......       DC24    Smart_home_Init

   \                                 In  segment BANK_RELAYS, align 1
   \                     ??Smart_home_ProcessEvent?relay:
   \   000000   12....       LCALL   ?BDISPATCH
   \   000003   ......       DC24    Smart_home_ProcessEvent

   \                                 In  segment BANK_RELAYS, align 1
   \                     ??Smart_home_ProcessZDOMsgs?relay:
   \   000000   12....       LCALL   ?BDISPATCH
   \   000003   ......       DC24    Smart_home_ProcessZDOMsgs

   \                                 In  segment BANK_RELAYS, align 1
   \                     ??Smart_home_CallBack?relay:
   \   000000   12....       LCALL   ?BDISPATCH
   \   000003   ......       DC24    Smart_home_CallBack

   \                                 In  segment XDATA_ROM_C, align 1
   \                     `?<Constant "Bind Success!\\n">`:
   \   000000   42696E64     DB "Bind Success!\012"
   \            20537563
   \            63657373
   \            210A00  

   \                                 In  segment XDATA_ROM_C, align 1
   \                     `?<Constant "Match Success!\\n">`:
   \   000000   4D617463     DB "Match Success!\012"
   \            68205375
   \            63636573
   \            73210A00
    471          
    472          /*********************************************************************
    473          *********************************************************************/

   Maximum stack usage in bytes:

     Function                       ISTACK PSTACK XSTACK
     --------                       ------ ------ ------
     Smart_home_CallBack                0      0      0
     Smart_home_Init                    0      0     38
       -> afRegister                    0      0     76
       -> RegisterForKeys               0      0     76
       -> HalUARTOpen                   0      0     76
       -> HalSoundVbInit                0      0     76
       -> ZDO_RegisterForZDOMsg         0      0     76
       -> ZDO_RegisterForZDOMsg         0      0     76
       -> osal_start_reload_timer       0      0     76
     Smart_home_ProcessEvent            2      0     30
       -> ZDP_MatchDescReq              0      0     58
       -> Smart_home_ProcessZDOMsgs     0      0     42
       -> osal_msg_deallocate           0      0     42
       -> osal_msg_receive              0      0     42
       -> AF_DataRequest                0      0     60
     Smart_home_ProcessZDOMsgs          0      0     33
       -> strlen                        0      0     24
       -> HalUARTWrite                  0      0     24
       -> ZDO_ParseEPListRsp            0      0     24
       -> osal_stop_timerEx             0      0     24
       -> strlen                        0      0     24
       -> HalUARTWrite                  0      0     24
       -> osal_start_reload_timer       0      0     24
       -> osal_mem_free                 0      0     24


   Segment part sizes:

     Function/Label                    Bytes
     --------------                    -----
     Smart_home_ClusterList_IN            2
     Smart_home_ClusterList_OUT           2
     Smart_home_SimpleDesc               12
     Smart_home_epDesc                    6
     Coordinator_DstAddr                 12
     Smart_home_TaskID                    1
     Coordinator_Msg                      5
     Smart_home_MsgID                     1
     soundVbBuf                           2
     Smart_home_Init                    196
     Smart_home_ProcessEvent            352
     ?Subroutine0                         5
     Smart_home_ProcessZDOMsgs          207
     Smart_home_CallBack                  3
     ??Smart_home_Init?relay              6
     ??Smart_home_ProcessEvent?relay      6
     ??Smart_home_ProcessZDOMsgs?relay    6
     ??Smart_home_CallBack?relay          6
     ?<Constant "Bind Success!\n">       15
     ?<Constant "Match Success!\n">      16

 
 763 bytes in segment BANKED_CODE
  24 bytes in segment BANK_RELAYS
  53 bytes in segment XDATA_ROM_C
  21 bytes in segment XDATA_Z
 
 787 bytes of CODE  memory
  53 bytes of CONST memory
  21 bytes of XDATA memory

Errors: none
Warnings: 6
